<?xml version="1.0" encoding="UTF-8"?>
<testsuite xmlns:xsi="http://www.w3.org/2001/XMLSchema-instance" xsi:noNamespaceSchemaLocation="https://maven.apache.org/surefire/maven-surefire-plugin/xsd/surefire-test-report-3.0.xsd" version="3.0" name="com.food.delivery.app.api.gateway.tests.ApiGatewayTest" time="46.363" tests="3" errors="0" skipped="0" failures="0">
  <properties>
    <property name="java.specification.version" value="17"/>
    <property name="sun.jnu.encoding" value="UTF-8"/>
    <property name="java.class.path" value="/home/mustardpenguin/repos/food-delivery-app/food-delivery-app-backend/api-gateway/target/test-classes:/home/mustardpenguin/repos/food-delivery-app/food-delivery-app-backend/api-gateway/target/classes:/home/mustardpenguin/.m2/repository/org/springframework/cloud/spring-cloud-starter-gateway/4.0.6/spring-cloud-starter-gateway-4.0.6.jar:/home/mustardpenguin/.m2/repository/org/springframework/cloud/spring-cloud-starter/4.0.3/spring-cloud-starter-4.0.3.jar:/home/mustardpenguin/.m2/repository/org/springframework/cloud/spring-cloud-context/4.0.3/spring-cloud-context-4.0.3.jar:/home/mustardpenguin/.m2/repository/org/springframework/cloud/spring-cloud-commons/4.0.3/spring-cloud-commons-4.0.3.jar:/home/mustardpenguin/.m2/repository/org/springframework/security/spring-security-rsa/1.0.11.RELEASE/spring-security-rsa-1.0.11.RELEASE.jar:/home/mustardpenguin/.m2/repository/org/bouncycastle/bcpkix-jdk15on/1.69/bcpkix-jdk15on-1.69.jar:/home/mustardpenguin/.m2/repository/org/bouncycastle/bcprov-jdk15on/1.69/bcprov-jdk15on-1.69.jar:/home/mustardpenguin/.m2/repository/org/bouncycastle/bcutil-jdk15on/1.69/bcutil-jdk15on-1.69.jar:/home/mustardpenguin/.m2/repository/org/springframework/cloud/spring-cloud-gateway-server/4.0.6/spring-cloud-gateway-server-4.0.6.jar:/home/mustardpenguin/.m2/repository/org/springframework/boot/spring-boot-starter-validation/3.1.5/spring-boot-starter-validation-3.1.5.jar:/home/mustardpenguin/.m2/repository/org/apache/tomcat/embed/tomcat-embed-el/10.1.15/tomcat-embed-el-10.1.15.jar:/home/mustardpenguin/.m2/repository/org/hibernate/validator/hibernate-validator/8.0.1.Final/hibernate-validator-8.0.1.Final.jar:/home/mustardpenguin/.m2/repository/jakarta/validation/jakarta.validation-api/3.0.2/jakarta.validation-api-3.0.2.jar:/home/mustardpenguin/.m2/repository/com/fasterxml/classmate/1.5.1/classmate-1.5.1.jar:/home/mustardpenguin/.m2/repository/io/projectreactor/addons/reactor-extra/3.5.1/reactor-extra-3.5.1.jar:/home/mustardpenguin/.m2/repository/org/springframework/boot/spring-boot-starter-webflux/3.1.5/spring-boot-starter-webflux-3.1.5.jar:/home/mustardpenguin/.m2/repository/org/springframework/boot/spring-boot-starter-json/3.1.5/spring-boot-starter-json-3.1.5.jar:/home/mustardpenguin/.m2/repository/com/fasterxml/jackson/core/jackson-databind/2.15.3/jackson-databind-2.15.3.jar:/home/mustardpenguin/.m2/repository/com/fasterxml/jackson/module/jackson-module-parameter-names/2.15.3/jackson-module-parameter-names-2.15.3.jar:/home/mustardpenguin/.m2/repository/org/springframework/boot/spring-boot-starter-reactor-netty/3.1.5/spring-boot-starter-reactor-netty-3.1.5.jar:/home/mustardpenguin/.m2/repository/io/projectreactor/netty/reactor-netty-http/1.1.12/reactor-netty-http-1.1.12.jar:/home/mustardpenguin/.m2/repository/io/netty/netty-codec-http/4.1.100.Final/netty-codec-http-4.1.100.Final.jar:/home/mustardpenguin/.m2/repository/io/netty/netty-codec-http2/4.1.100.Final/netty-codec-http2-4.1.100.Final.jar:/home/mustardpenguin/.m2/repository/io/netty/netty-resolver-dns/4.1.100.Final/netty-resolver-dns-4.1.100.Final.jar:/home/mustardpenguin/.m2/repository/io/netty/netty-codec-dns/4.1.100.Final/netty-codec-dns-4.1.100.Final.jar:/home/mustardpenguin/.m2/repository/io/netty/netty-resolver-dns-native-macos/4.1.100.Final/netty-resolver-dns-native-macos-4.1.100.Final-osx-x86_64.jar:/home/mustardpenguin/.m2/repository/io/netty/netty-resolver-dns-classes-macos/4.1.100.Final/netty-resolver-dns-classes-macos-4.1.100.Final.jar:/home/mustardpenguin/.m2/repository/io/netty/netty-transport-native-epoll/4.1.100.Final/netty-transport-native-epoll-4.1.100.Final-linux-x86_64.jar:/home/mustardpenguin/.m2/repository/io/netty/netty-transport-classes-epoll/4.1.100.Final/netty-transport-classes-epoll-4.1.100.Final.jar:/home/mustardpenguin/.m2/repository/io/projectreactor/netty/reactor-netty-core/1.1.12/reactor-netty-core-1.1.12.jar:/home/mustardpenguin/.m2/repository/io/netty/netty-handler-proxy/4.1.100.Final/netty-handler-proxy-4.1.100.Final.jar:/home/mustardpenguin/.m2/repository/io/netty/netty-codec-socks/4.1.100.Final/netty-codec-socks-4.1.100.Final.jar:/home/mustardpenguin/.m2/repository/org/springframework/spring-web/6.0.13/spring-web-6.0.13.jar:/home/mustardpenguin/.m2/repository/org/springframework/spring-webflux/6.0.13/spring-webflux-6.0.13.jar:/home/mustardpenguin/.m2/repository/org/springframework/cloud/spring-cloud-starter-circuitbreaker-reactor-resilience4j/3.1.1/spring-cloud-starter-circuitbreaker-reactor-resilience4j-3.1.1.jar:/home/mustardpenguin/.m2/repository/org/springframework/cloud/spring-cloud-circuitbreaker-resilience4j/3.1.1/spring-cloud-circuitbreaker-resilience4j-3.1.1.jar:/home/mustardpenguin/.m2/repository/io/micrometer/micrometer-observation/1.11.5/micrometer-observation-1.11.5.jar:/home/mustardpenguin/.m2/repository/io/micrometer/micrometer-commons/1.11.5/micrometer-commons-1.11.5.jar:/home/mustardpenguin/.m2/repository/io/github/resilience4j/resilience4j-spring-boot3/2.1.0/resilience4j-spring-boot3-2.1.0.jar:/home/mustardpenguin/.m2/repository/io/github/resilience4j/resilience4j-spring6/2.1.0/resilience4j-spring6-2.1.0.jar:/home/mustardpenguin/.m2/repository/io/github/resilience4j/resilience4j-annotations/2.1.0/resilience4j-annotations-2.1.0.jar:/home/mustardpenguin/.m2/repository/io/github/resilience4j/resilience4j-consumer/2.1.0/resilience4j-consumer-2.1.0.jar:/home/mustardpenguin/.m2/repository/io/github/resilience4j/resilience4j-circularbuffer/2.1.0/resilience4j-circularbuffer-2.1.0.jar:/home/mustardpenguin/.m2/repository/io/github/resilience4j/resilience4j-framework-common/2.1.0/resilience4j-framework-common-2.1.0.jar:/home/mustardpenguin/.m2/repository/io/github/resilience4j/resilience4j-micrometer/2.1.0/resilience4j-micrometer-2.1.0.jar:/home/mustardpenguin/.m2/repository/io/micrometer/micrometer-core/1.11.5/micrometer-core-1.11.5.jar:/home/mustardpenguin/.m2/repository/org/hdrhistogram/HdrHistogram/2.1.12/HdrHistogram-2.1.12.jar:/home/mustardpenguin/.m2/repository/org/latencyutils/LatencyUtils/2.0.3/LatencyUtils-2.0.3.jar:/home/mustardpenguin/.m2/repository/io/github/resilience4j/resilience4j-circuitbreaker/2.1.0/resilience4j-circuitbreaker-2.1.0.jar:/home/mustardpenguin/.m2/repository/io/github/resilience4j/resilience4j-core/2.1.0/resilience4j-core-2.1.0.jar:/home/mustardpenguin/.m2/repository/io/github/resilience4j/resilience4j-timelimiter/2.1.0/resilience4j-timelimiter-2.1.0.jar:/home/mustardpenguin/.m2/repository/io/github/resilience4j/resilience4j-reactor/2.1.0/resilience4j-reactor-2.1.0.jar:/home/mustardpenguin/.m2/repository/io/projectreactor/reactor-core/3.5.11/reactor-core-3.5.11.jar:/home/mustardpenguin/.m2/repository/org/reactivestreams/reactive-streams/1.0.4/reactive-streams-1.0.4.jar:/home/mustardpenguin/.m2/repository/io/github/resilience4j/resilience4j-ratelimiter/2.1.0/resilience4j-ratelimiter-2.1.0.jar:/home/mustardpenguin/.m2/repository/io/github/resilience4j/resilience4j-bulkhead/2.1.0/resilience4j-bulkhead-2.1.0.jar:/home/mustardpenguin/.m2/repository/io/github/resilience4j/resilience4j-retry/2.1.0/resilience4j-retry-2.1.0.jar:/home/mustardpenguin/.m2/repository/org/springframework/boot/spring-boot-starter-data-redis-reactive/3.1.5/spring-boot-starter-data-redis-reactive-3.1.5.jar:/home/mustardpenguin/.m2/repository/org/springframework/boot/spring-boot-starter-data-redis/3.1.5/spring-boot-starter-data-redis-3.1.5.jar:/home/mustardpenguin/.m2/repository/org/springframework/data/spring-data-redis/3.1.5/spring-data-redis-3.1.5.jar:/home/mustardpenguin/.m2/repository/org/springframework/data/spring-data-keyvalue/3.1.5/spring-data-keyvalue-3.1.5.jar:/home/mustardpenguin/.m2/repository/org/springframework/data/spring-data-commons/3.1.5/spring-data-commons-3.1.5.jar:/home/mustardpenguin/.m2/repository/org/springframework/spring-tx/6.0.13/spring-tx-6.0.13.jar:/home/mustardpenguin/.m2/repository/org/springframework/spring-oxm/6.0.13/spring-oxm-6.0.13.jar:/home/mustardpenguin/.m2/repository/org/springframework/spring-context-support/6.0.13/spring-context-support-6.0.13.jar:/home/mustardpenguin/.m2/repository/io/lettuce/lettuce-core/6.2.6.RELEASE/lettuce-core-6.2.6.RELEASE.jar:/home/mustardpenguin/.m2/repository/io/netty/netty-common/4.1.100.Final/netty-common-4.1.100.Final.jar:/home/mustardpenguin/.m2/repository/io/netty/netty-handler/4.1.100.Final/netty-handler-4.1.100.Final.jar:/home/mustardpenguin/.m2/repository/io/netty/netty-resolver/4.1.100.Final/netty-resolver-4.1.100.Final.jar:/home/mustardpenguin/.m2/repository/io/netty/netty-buffer/4.1.100.Final/netty-buffer-4.1.100.Final.jar:/home/mustardpenguin/.m2/repository/io/netty/netty-transport-native-unix-common/4.1.100.Final/netty-transport-native-unix-common-4.1.100.Final.jar:/home/mustardpenguin/.m2/repository/io/netty/netty-codec/4.1.100.Final/netty-codec-4.1.100.Final.jar:/home/mustardpenguin/.m2/repository/io/netty/netty-transport/4.1.100.Final/netty-transport-4.1.100.Final.jar:/home/mustardpenguin/.m2/repository/org/springframework/boot/spring-boot-starter-oauth2-client/3.1.5/spring-boot-starter-oauth2-client-3.1.5.jar:/home/mustardpenguin/.m2/repository/org/springframework/boot/spring-boot-starter/3.1.5/spring-boot-starter-3.1.5.jar:/home/mustardpenguin/.m2/repository/org/springframework/boot/spring-boot/3.1.5/spring-boot-3.1.5.jar:/home/mustardpenguin/.m2/repository/org/springframework/boot/spring-boot-autoconfigure/3.1.5/spring-boot-autoconfigure-3.1.5.jar:/home/mustardpenguin/.m2/repository/org/springframework/boot/spring-boot-starter-logging/3.1.5/spring-boot-starter-logging-3.1.5.jar:/home/mustardpenguin/.m2/repository/ch/qos/logback/logback-classic/1.4.11/logback-classic-1.4.11.jar:/home/mustardpenguin/.m2/repository/ch/qos/logback/logback-core/1.4.11/logback-core-1.4.11.jar:/home/mustardpenguin/.m2/repository/org/apache/logging/log4j/log4j-to-slf4j/2.20.0/log4j-to-slf4j-2.20.0.jar:/home/mustardpenguin/.m2/repository/org/apache/logging/log4j/log4j-api/2.20.0/log4j-api-2.20.0.jar:/home/mustardpenguin/.m2/repository/org/slf4j/jul-to-slf4j/2.0.9/jul-to-slf4j-2.0.9.jar:/home/mustardpenguin/.m2/repository/jakarta/annotation/jakarta.annotation-api/2.1.1/jakarta.annotation-api-2.1.1.jar:/home/mustardpenguin/.m2/repository/org/yaml/snakeyaml/1.33/snakeyaml-1.33.jar:/home/mustardpenguin/.m2/repository/org/springframework/security/spring-security-config/6.1.5/spring-security-config-6.1.5.jar:/home/mustardpenguin/.m2/repository/org/springframework/spring-aop/6.0.13/spring-aop-6.0.13.jar:/home/mustardpenguin/.m2/repository/org/springframework/spring-beans/6.0.13/spring-beans-6.0.13.jar:/home/mustardpenguin/.m2/repository/org/springframework/spring-context/6.0.13/spring-context-6.0.13.jar:/home/mustardpenguin/.m2/repository/org/springframework/security/spring-security-core/6.1.5/spring-security-core-6.1.5.jar:/home/mustardpenguin/.m2/repository/org/springframework/security/spring-security-crypto/6.1.5/spring-security-crypto-6.1.5.jar:/home/mustardpenguin/.m2/repository/org/springframework/spring-expression/6.0.13/spring-expression-6.0.13.jar:/home/mustardpenguin/.m2/repository/org/springframework/security/spring-security-oauth2-client/6.1.5/spring-security-oauth2-client-6.1.5.jar:/home/mustardpenguin/.m2/repository/com/nimbusds/oauth2-oidc-sdk/9.43.3/oauth2-oidc-sdk-9.43.3.jar:/home/mustardpenguin/.m2/repository/com/nimbusds/content-type/2.2/content-type-2.2.jar:/home/mustardpenguin/.m2/repository/com/nimbusds/lang-tag/1.7/lang-tag-1.7.jar:/home/mustardpenguin/.m2/repository/org/springframework/security/spring-security-oauth2-resource-server/6.1.5/spring-security-oauth2-resource-server-6.1.5.jar:/home/mustardpenguin/.m2/repository/org/springframework/security/spring-security-oauth2-core/6.1.5/spring-security-oauth2-core-6.1.5.jar:/home/mustardpenguin/.m2/repository/org/springframework/security/spring-security-web/6.1.5/spring-security-web-6.1.5.jar:/home/mustardpenguin/.m2/repository/org/springframework/spring-core/6.0.13/spring-core-6.0.13.jar:/home/mustardpenguin/.m2/repository/org/springframework/spring-jcl/6.0.13/spring-jcl-6.0.13.jar:/home/mustardpenguin/.m2/repository/org/springframework/security/spring-security-oauth2-jose/6.1.5/spring-security-oauth2-jose-6.1.5.jar:/home/mustardpenguin/.m2/repository/com/nimbusds/nimbus-jose-jwt/9.24.4/nimbus-jose-jwt-9.24.4.jar:/home/mustardpenguin/.m2/repository/com/github/stephenc/jcip/jcip-annotations/1.0-1/jcip-annotations-1.0-1.jar:/home/mustardpenguin/.m2/repository/org/springframework/boot/spring-boot-starter-test/3.1.5/spring-boot-starter-test-3.1.5.jar:/home/mustardpenguin/.m2/repository/org/springframework/boot/spring-boot-test/3.1.5/spring-boot-test-3.1.5.jar:/home/mustardpenguin/.m2/repository/org/springframework/boot/spring-boot-test-autoconfigure/3.1.5/spring-boot-test-autoconfigure-3.1.5.jar:/home/mustardpenguin/.m2/repository/com/jayway/jsonpath/json-path/2.8.0/json-path-2.8.0.jar:/home/mustardpenguin/.m2/repository/jakarta/xml/bind/jakarta.xml.bind-api/4.0.1/jakarta.xml.bind-api-4.0.1.jar:/home/mustardpenguin/.m2/repository/jakarta/activation/jakarta.activation-api/2.1.2/jakarta.activation-api-2.1.2.jar:/home/mustardpenguin/.m2/repository/net/minidev/json-smart/2.4.11/json-smart-2.4.11.jar:/home/mustardpenguin/.m2/repository/net/minidev/accessors-smart/2.4.11/accessors-smart-2.4.11.jar:/home/mustardpenguin/.m2/repository/org/ow2/asm/asm/9.3/asm-9.3.jar:/home/mustardpenguin/.m2/repository/org/assertj/assertj-core/3.24.2/assertj-core-3.24.2.jar:/home/mustardpenguin/.m2/repository/net/bytebuddy/byte-buddy/1.14.9/byte-buddy-1.14.9.jar:/home/mustardpenguin/.m2/repository/org/hamcrest/hamcrest/2.2/hamcrest-2.2.jar:/home/mustardpenguin/.m2/repository/org/junit/jupiter/junit-jupiter/5.9.3/junit-jupiter-5.9.3.jar:/home/mustardpenguin/.m2/repository/org/junit/jupiter/junit-jupiter-api/5.9.3/junit-jupiter-api-5.9.3.jar:/home/mustardpenguin/.m2/repository/org/opentest4j/opentest4j/1.2.0/opentest4j-1.2.0.jar:/home/mustardpenguin/.m2/repository/org/junit/platform/junit-platform-commons/1.9.3/junit-platform-commons-1.9.3.jar:/home/mustardpenguin/.m2/repository/org/apiguardian/apiguardian-api/1.1.2/apiguardian-api-1.1.2.jar:/home/mustardpenguin/.m2/repository/org/junit/jupiter/junit-jupiter-params/5.9.3/junit-jupiter-params-5.9.3.jar:/home/mustardpenguin/.m2/repository/org/junit/jupiter/junit-jupiter-engine/5.9.3/junit-jupiter-engine-5.9.3.jar:/home/mustardpenguin/.m2/repository/org/junit/platform/junit-platform-engine/1.9.3/junit-platform-engine-1.9.3.jar:/home/mustardpenguin/.m2/repository/org/mockito/mockito-core/5.3.1/mockito-core-5.3.1.jar:/home/mustardpenguin/.m2/repository/net/bytebuddy/byte-buddy-agent/1.14.9/byte-buddy-agent-1.14.9.jar:/home/mustardpenguin/.m2/repository/org/objenesis/objenesis/3.3/objenesis-3.3.jar:/home/mustardpenguin/.m2/repository/org/mockito/mockito-junit-jupiter/5.3.1/mockito-junit-jupiter-5.3.1.jar:/home/mustardpenguin/.m2/repository/org/skyscreamer/jsonassert/1.5.1/jsonassert-1.5.1.jar:/home/mustardpenguin/.m2/repository/com/vaadin/external/google/android-json/0.0.20131108.vaadin1/android-json-0.0.20131108.vaadin1.jar:/home/mustardpenguin/.m2/repository/org/springframework/spring-test/6.0.13/spring-test-6.0.13.jar:/home/mustardpenguin/.m2/repository/org/xmlunit/xmlunit-core/2.9.1/xmlunit-core-2.9.1.jar:/home/mustardpenguin/.m2/repository/org/testcontainers/junit-jupiter/1.20.0/junit-jupiter-1.20.0.jar:/home/mustardpenguin/.m2/repository/org/testcontainers/testcontainers/1.20.0/testcontainers-1.20.0.jar:/home/mustardpenguin/.m2/repository/junit/junit/4.13.2/junit-4.13.2.jar:/home/mustardpenguin/.m2/repository/org/hamcrest/hamcrest-core/2.2/hamcrest-core-2.2.jar:/home/mustardpenguin/.m2/repository/org/apache/commons/commons-compress/1.24.0/commons-compress-1.24.0.jar:/home/mustardpenguin/.m2/repository/org/rnorth/duct-tape/duct-tape/1.0.8/duct-tape-1.0.8.jar:/home/mustardpenguin/.m2/repository/org/jetbrains/annotations/17.0.0/annotations-17.0.0.jar:/home/mustardpenguin/.m2/repository/com/github/docker-java/docker-java-api/3.4.0/docker-java-api-3.4.0.jar:/home/mustardpenguin/.m2/repository/com/github/docker-java/docker-java-transport-zerodep/3.4.0/docker-java-transport-zerodep-3.4.0.jar:/home/mustardpenguin/.m2/repository/com/github/docker-java/docker-java-transport/3.4.0/docker-java-transport-3.4.0.jar:/home/mustardpenguin/.m2/repository/net/java/dev/jna/jna/5.13.0/jna-5.13.0.jar:/home/mustardpenguin/.m2/repository/com/github/dasniko/testcontainers-keycloak/3.5.0/testcontainers-keycloak-3.5.0.jar:/home/mustardpenguin/.m2/repository/io/quarkus/quarkus-junit4-mock/3.15.1/quarkus-junit4-mock-3.15.1.jar:/home/mustardpenguin/.m2/repository/org/jboss/shrinkwrap/shrinkwrap-api/2.0.0-beta-2/shrinkwrap-api-2.0.0-beta-2.jar:/home/mustardpenguin/.m2/repository/org/jboss/shrinkwrap/shrinkwrap-impl-base/2.0.0-beta-2/shrinkwrap-impl-base-2.0.0-beta-2.jar:/home/mustardpenguin/.m2/repository/org/jboss/shrinkwrap/shrinkwrap-spi/2.0.0-beta-2/shrinkwrap-spi-2.0.0-beta-2.jar:/home/mustardpenguin/.m2/repository/com/sun/activation/javax.activation/1.2.0/javax.activation-1.2.0.jar:/home/mustardpenguin/.m2/repository/org/slf4j/slf4j-api/2.0.9/slf4j-api-2.0.9.jar:/home/mustardpenguin/.m2/repository/org/keycloak/keycloak-admin-client/26.0.0/keycloak-admin-client-26.0.0.jar:/home/mustardpenguin/.m2/repository/org/keycloak/keycloak-client-common-synced/26.0.0/keycloak-client-common-synced-26.0.0.jar:/home/mustardpenguin/.m2/repository/org/jboss/logging/jboss-logging/3.5.3.Final/jboss-logging-3.5.3.Final.jar:/home/mustardpenguin/.m2/repository/org/jboss/logging/commons-logging-jboss-logging/1.0.0.Final/commons-logging-jboss-logging-1.0.0.Final.jar:/home/mustardpenguin/.m2/repository/org/apache/httpcomponents/httpclient/4.5.14/httpclient-4.5.14.jar:/home/mustardpenguin/.m2/repository/org/apache/httpcomponents/httpcore/4.4.16/httpcore-4.4.16.jar:/home/mustardpenguin/.m2/repository/com/fasterxml/jackson/core/jackson-core/2.15.3/jackson-core-2.15.3.jar:/home/mustardpenguin/.m2/repository/com/fasterxml/jackson/core/jackson-annotations/2.15.3/jackson-annotations-2.15.3.jar:/home/mustardpenguin/.m2/repository/com/fasterxml/jackson/datatype/jackson-datatype-jdk8/2.15.3/jackson-datatype-jdk8-2.15.3.jar:/home/mustardpenguin/.m2/repository/com/fasterxml/jackson/datatype/jackson-datatype-jsr310/2.15.3/jackson-datatype-jsr310-2.15.3.jar:/home/mustardpenguin/.m2/repository/org/eclipse/microprofile/openapi/microprofile-openapi-api/3.1.1/microprofile-openapi-api-3.1.1.jar:/home/mustardpenguin/.m2/repository/org/jboss/resteasy/resteasy-client/6.2.9.Final/resteasy-client-6.2.9.Final.jar:/home/mustardpenguin/.m2/repository/org/jboss/resteasy/resteasy-client-api/6.2.9.Final/resteasy-client-api-6.2.9.Final.jar:/home/mustardpenguin/.m2/repository/org/jboss/resteasy/resteasy-core-spi/6.2.9.Final/resteasy-core-spi-6.2.9.Final.jar:/home/mustardpenguin/.m2/repository/org/jboss/resteasy/resteasy-core/6.2.9.Final/resteasy-core-6.2.9.Final.jar:/home/mustardpenguin/.m2/repository/org/jboss/jandex/2.4.5.Final/jandex-2.4.5.Final.jar:/home/mustardpenguin/.m2/repository/org/eclipse/angus/angus-activation/2.0.1/angus-activation-2.0.1.jar:/home/mustardpenguin/.m2/repository/com/ibm/async/asyncutil/0.1.0/asyncutil-0.1.0.jar:/home/mustardpenguin/.m2/repository/commons-codec/commons-codec/1.15/commons-codec-1.15.jar:/home/mustardpenguin/.m2/repository/jakarta/ws/rs/jakarta.ws.rs-api/3.1.0/jakarta.ws.rs-api-3.1.0.jar:/home/mustardpenguin/.m2/repository/org/jboss/resteasy/resteasy-multipart-provider/6.2.9.Final/resteasy-multipart-provider-6.2.9.Final.jar:/home/mustardpenguin/.m2/repository/jakarta/mail/jakarta.mail-api/2.1.2/jakarta.mail-api-2.1.2.jar:/home/mustardpenguin/.m2/repository/org/eclipse/angus/angus-mail/1.1.0/angus-mail-1.1.0.jar:/home/mustardpenguin/.m2/repository/org/apache/james/apache-mime4j-dom/0.8.11/apache-mime4j-dom-0.8.11.jar:/home/mustardpenguin/.m2/repository/org/apache/james/apache-mime4j-core/0.8.11/apache-mime4j-core-0.8.11.jar:/home/mustardpenguin/.m2/repository/org/apache/james/apache-mime4j-storage/0.8.11/apache-mime4j-storage-0.8.11.jar:/home/mustardpenguin/.m2/repository/commons-io/commons-io/2.11.0/commons-io-2.11.0.jar:/home/mustardpenguin/.m2/repository/org/jboss/resteasy/resteasy-jackson2-provider/6.2.9.Final/resteasy-jackson2-provider-6.2.9.Final.jar:/home/mustardpenguin/.m2/repository/com/fasterxml/jackson/jakarta/rs/jackson-jakarta-rs-base/2.15.3/jackson-jakarta-rs-base-2.15.3.jar:/home/mustardpenguin/.m2/repository/com/fasterxml/jackson/jakarta/rs/jackson-jakarta-rs-json-provider/2.15.3/jackson-jakarta-rs-json-provider-2.15.3.jar:/home/mustardpenguin/.m2/repository/com/fasterxml/jackson/module/jackson-module-jakarta-xmlbind-annotations/2.15.3/jackson-module-jakarta-xmlbind-annotations-2.15.3.jar:/home/mustardpenguin/.m2/repository/com/github/java-json-tools/json-patch/1.13/json-patch-1.13.jar:/home/mustardpenguin/.m2/repository/com/github/java-json-tools/msg-simple/1.2/msg-simple-1.2.jar:/home/mustardpenguin/.m2/repository/com/github/java-json-tools/btf/1.3/btf-1.3.jar:/home/mustardpenguin/.m2/repository/com/github/java-json-tools/jackson-coreutils/2.0/jackson-coreutils-2.0.jar:/home/mustardpenguin/.m2/repository/org/jboss/resteasy/resteasy-jaxb-provider/6.2.9.Final/resteasy-jaxb-provider-6.2.9.Final.jar:/home/mustardpenguin/.m2/repository/org/glassfish/jaxb/codemodel/4.0.3/codemodel-4.0.3.jar:/home/mustardpenguin/.m2/repository/org/glassfish/jaxb/jaxb-core/4.0.3/jaxb-core-4.0.3.jar:/home/mustardpenguin/.m2/repository/org/glassfish/jaxb/jaxb-jxc/4.0.3/jaxb-jxc-4.0.3.jar:/home/mustardpenguin/.m2/repository/org/glassfish/jaxb/jaxb-runtime/4.0.3/jaxb-runtime-4.0.3.jar:/home/mustardpenguin/.m2/repository/org/glassfish/jaxb/txw2/4.0.3/txw2-4.0.3.jar:/home/mustardpenguin/.m2/repository/org/glassfish/jaxb/jaxb-xjc/4.0.3/jaxb-xjc-4.0.3.jar:/home/mustardpenguin/.m2/repository/org/glassfish/jaxb/xsom/4.0.3/xsom-4.0.3.jar:/home/mustardpenguin/.m2/repository/com/sun/istack/istack-commons-runtime/4.1.2/istack-commons-runtime-4.1.2.jar:/home/mustardpenguin/.m2/repository/com/sun/istack/istack-commons-tools/4.1.2/istack-commons-tools-4.1.2.jar:/home/mustardpenguin/.m2/repository/com/sun/xml/bind/external/relaxng-datatype/4.0.3/relaxng-datatype-4.0.3.jar:/home/mustardpenguin/.m2/repository/com/sun/xml/bind/external/rngom/4.0.3/rngom-4.0.3.jar:/home/mustardpenguin/.m2/repository/com/redis/testcontainers-redis/2.2.2/testcontainers-redis-2.2.2.jar:/home/mustardpenguin/.m2/repository/com/redis/testcontainers-redis-common/2.2.2/testcontainers-redis-common-2.2.2.jar:/home/mustardpenguin/.m2/repository/org/projectlombok/lombok/1.18.30/lombok-1.18.30.jar:"/>
    <property name="java.vm.vendor" value="Oracle Corporation"/>
    <property name="sun.arch.data.model" value="64"/>
    <property name="java.vendor.url" value="https://java.oracle.com/"/>
    <property name="user.timezone" value="America/New_York"/>
    <property name="org.jboss.logging.provider" value="slf4j"/>
    <property name="os.name" value="Linux"/>
    <property name="java.vm.specification.version" value="17"/>
    <property name="sun.java.launcher" value="SUN_STANDARD"/>
    <property name="user.country" value="US"/>
    <property name="sun.boot.library.path" value="/usr/lib/jvm/jdk-17-oracle-x64/lib"/>
    <property name="sun.java.command" value="/home/mustardpenguin/repos/food-delivery-app/food-delivery-app-backend/api-gateway/target/surefire/surefirebooter-20241016184506988_3.jar /home/mustardpenguin/repos/food-delivery-app/food-delivery-app-backend/api-gateway/target/surefire 2024-10-16T18-45-06_886-jvmRun1 surefire-20241016184506988_1tmp surefire_0-20241016184506988_2tmp"/>
    <property name="jdk.debug" value="release"/>
    <property name="surefire.test.class.path" value="/home/mustardpenguin/repos/food-delivery-app/food-delivery-app-backend/api-gateway/target/test-classes:/home/mustardpenguin/repos/food-delivery-app/food-delivery-app-backend/api-gateway/target/classes:/home/mustardpenguin/.m2/repository/org/springframework/cloud/spring-cloud-starter-gateway/4.0.6/spring-cloud-starter-gateway-4.0.6.jar:/home/mustardpenguin/.m2/repository/org/springframework/cloud/spring-cloud-starter/4.0.3/spring-cloud-starter-4.0.3.jar:/home/mustardpenguin/.m2/repository/org/springframework/cloud/spring-cloud-context/4.0.3/spring-cloud-context-4.0.3.jar:/home/mustardpenguin/.m2/repository/org/springframework/cloud/spring-cloud-commons/4.0.3/spring-cloud-commons-4.0.3.jar:/home/mustardpenguin/.m2/repository/org/springframework/security/spring-security-rsa/1.0.11.RELEASE/spring-security-rsa-1.0.11.RELEASE.jar:/home/mustardpenguin/.m2/repository/org/bouncycastle/bcpkix-jdk15on/1.69/bcpkix-jdk15on-1.69.jar:/home/mustardpenguin/.m2/repository/org/bouncycastle/bcprov-jdk15on/1.69/bcprov-jdk15on-1.69.jar:/home/mustardpenguin/.m2/repository/org/bouncycastle/bcutil-jdk15on/1.69/bcutil-jdk15on-1.69.jar:/home/mustardpenguin/.m2/repository/org/springframework/cloud/spring-cloud-gateway-server/4.0.6/spring-cloud-gateway-server-4.0.6.jar:/home/mustardpenguin/.m2/repository/org/springframework/boot/spring-boot-starter-validation/3.1.5/spring-boot-starter-validation-3.1.5.jar:/home/mustardpenguin/.m2/repository/org/apache/tomcat/embed/tomcat-embed-el/10.1.15/tomcat-embed-el-10.1.15.jar:/home/mustardpenguin/.m2/repository/org/hibernate/validator/hibernate-validator/8.0.1.Final/hibernate-validator-8.0.1.Final.jar:/home/mustardpenguin/.m2/repository/jakarta/validation/jakarta.validation-api/3.0.2/jakarta.validation-api-3.0.2.jar:/home/mustardpenguin/.m2/repository/com/fasterxml/classmate/1.5.1/classmate-1.5.1.jar:/home/mustardpenguin/.m2/repository/io/projectreactor/addons/reactor-extra/3.5.1/reactor-extra-3.5.1.jar:/home/mustardpenguin/.m2/repository/org/springframework/boot/spring-boot-starter-webflux/3.1.5/spring-boot-starter-webflux-3.1.5.jar:/home/mustardpenguin/.m2/repository/org/springframework/boot/spring-boot-starter-json/3.1.5/spring-boot-starter-json-3.1.5.jar:/home/mustardpenguin/.m2/repository/com/fasterxml/jackson/core/jackson-databind/2.15.3/jackson-databind-2.15.3.jar:/home/mustardpenguin/.m2/repository/com/fasterxml/jackson/module/jackson-module-parameter-names/2.15.3/jackson-module-parameter-names-2.15.3.jar:/home/mustardpenguin/.m2/repository/org/springframework/boot/spring-boot-starter-reactor-netty/3.1.5/spring-boot-starter-reactor-netty-3.1.5.jar:/home/mustardpenguin/.m2/repository/io/projectreactor/netty/reactor-netty-http/1.1.12/reactor-netty-http-1.1.12.jar:/home/mustardpenguin/.m2/repository/io/netty/netty-codec-http/4.1.100.Final/netty-codec-http-4.1.100.Final.jar:/home/mustardpenguin/.m2/repository/io/netty/netty-codec-http2/4.1.100.Final/netty-codec-http2-4.1.100.Final.jar:/home/mustardpenguin/.m2/repository/io/netty/netty-resolver-dns/4.1.100.Final/netty-resolver-dns-4.1.100.Final.jar:/home/mustardpenguin/.m2/repository/io/netty/netty-codec-dns/4.1.100.Final/netty-codec-dns-4.1.100.Final.jar:/home/mustardpenguin/.m2/repository/io/netty/netty-resolver-dns-native-macos/4.1.100.Final/netty-resolver-dns-native-macos-4.1.100.Final-osx-x86_64.jar:/home/mustardpenguin/.m2/repository/io/netty/netty-resolver-dns-classes-macos/4.1.100.Final/netty-resolver-dns-classes-macos-4.1.100.Final.jar:/home/mustardpenguin/.m2/repository/io/netty/netty-transport-native-epoll/4.1.100.Final/netty-transport-native-epoll-4.1.100.Final-linux-x86_64.jar:/home/mustardpenguin/.m2/repository/io/netty/netty-transport-classes-epoll/4.1.100.Final/netty-transport-classes-epoll-4.1.100.Final.jar:/home/mustardpenguin/.m2/repository/io/projectreactor/netty/reactor-netty-core/1.1.12/reactor-netty-core-1.1.12.jar:/home/mustardpenguin/.m2/repository/io/netty/netty-handler-proxy/4.1.100.Final/netty-handler-proxy-4.1.100.Final.jar:/home/mustardpenguin/.m2/repository/io/netty/netty-codec-socks/4.1.100.Final/netty-codec-socks-4.1.100.Final.jar:/home/mustardpenguin/.m2/repository/org/springframework/spring-web/6.0.13/spring-web-6.0.13.jar:/home/mustardpenguin/.m2/repository/org/springframework/spring-webflux/6.0.13/spring-webflux-6.0.13.jar:/home/mustardpenguin/.m2/repository/org/springframework/cloud/spring-cloud-starter-circuitbreaker-reactor-resilience4j/3.1.1/spring-cloud-starter-circuitbreaker-reactor-resilience4j-3.1.1.jar:/home/mustardpenguin/.m2/repository/org/springframework/cloud/spring-cloud-circuitbreaker-resilience4j/3.1.1/spring-cloud-circuitbreaker-resilience4j-3.1.1.jar:/home/mustardpenguin/.m2/repository/io/micrometer/micrometer-observation/1.11.5/micrometer-observation-1.11.5.jar:/home/mustardpenguin/.m2/repository/io/micrometer/micrometer-commons/1.11.5/micrometer-commons-1.11.5.jar:/home/mustardpenguin/.m2/repository/io/github/resilience4j/resilience4j-spring-boot3/2.1.0/resilience4j-spring-boot3-2.1.0.jar:/home/mustardpenguin/.m2/repository/io/github/resilience4j/resilience4j-spring6/2.1.0/resilience4j-spring6-2.1.0.jar:/home/mustardpenguin/.m2/repository/io/github/resilience4j/resilience4j-annotations/2.1.0/resilience4j-annotations-2.1.0.jar:/home/mustardpenguin/.m2/repository/io/github/resilience4j/resilience4j-consumer/2.1.0/resilience4j-consumer-2.1.0.jar:/home/mustardpenguin/.m2/repository/io/github/resilience4j/resilience4j-circularbuffer/2.1.0/resilience4j-circularbuffer-2.1.0.jar:/home/mustardpenguin/.m2/repository/io/github/resilience4j/resilience4j-framework-common/2.1.0/resilience4j-framework-common-2.1.0.jar:/home/mustardpenguin/.m2/repository/io/github/resilience4j/resilience4j-micrometer/2.1.0/resilience4j-micrometer-2.1.0.jar:/home/mustardpenguin/.m2/repository/io/micrometer/micrometer-core/1.11.5/micrometer-core-1.11.5.jar:/home/mustardpenguin/.m2/repository/org/hdrhistogram/HdrHistogram/2.1.12/HdrHistogram-2.1.12.jar:/home/mustardpenguin/.m2/repository/org/latencyutils/LatencyUtils/2.0.3/LatencyUtils-2.0.3.jar:/home/mustardpenguin/.m2/repository/io/github/resilience4j/resilience4j-circuitbreaker/2.1.0/resilience4j-circuitbreaker-2.1.0.jar:/home/mustardpenguin/.m2/repository/io/github/resilience4j/resilience4j-core/2.1.0/resilience4j-core-2.1.0.jar:/home/mustardpenguin/.m2/repository/io/github/resilience4j/resilience4j-timelimiter/2.1.0/resilience4j-timelimiter-2.1.0.jar:/home/mustardpenguin/.m2/repository/io/github/resilience4j/resilience4j-reactor/2.1.0/resilience4j-reactor-2.1.0.jar:/home/mustardpenguin/.m2/repository/io/projectreactor/reactor-core/3.5.11/reactor-core-3.5.11.jar:/home/mustardpenguin/.m2/repository/org/reactivestreams/reactive-streams/1.0.4/reactive-streams-1.0.4.jar:/home/mustardpenguin/.m2/repository/io/github/resilience4j/resilience4j-ratelimiter/2.1.0/resilience4j-ratelimiter-2.1.0.jar:/home/mustardpenguin/.m2/repository/io/github/resilience4j/resilience4j-bulkhead/2.1.0/resilience4j-bulkhead-2.1.0.jar:/home/mustardpenguin/.m2/repository/io/github/resilience4j/resilience4j-retry/2.1.0/resilience4j-retry-2.1.0.jar:/home/mustardpenguin/.m2/repository/org/springframework/boot/spring-boot-starter-data-redis-reactive/3.1.5/spring-boot-starter-data-redis-reactive-3.1.5.jar:/home/mustardpenguin/.m2/repository/org/springframework/boot/spring-boot-starter-data-redis/3.1.5/spring-boot-starter-data-redis-3.1.5.jar:/home/mustardpenguin/.m2/repository/org/springframework/data/spring-data-redis/3.1.5/spring-data-redis-3.1.5.jar:/home/mustardpenguin/.m2/repository/org/springframework/data/spring-data-keyvalue/3.1.5/spring-data-keyvalue-3.1.5.jar:/home/mustardpenguin/.m2/repository/org/springframework/data/spring-data-commons/3.1.5/spring-data-commons-3.1.5.jar:/home/mustardpenguin/.m2/repository/org/springframework/spring-tx/6.0.13/spring-tx-6.0.13.jar:/home/mustardpenguin/.m2/repository/org/springframework/spring-oxm/6.0.13/spring-oxm-6.0.13.jar:/home/mustardpenguin/.m2/repository/org/springframework/spring-context-support/6.0.13/spring-context-support-6.0.13.jar:/home/mustardpenguin/.m2/repository/io/lettuce/lettuce-core/6.2.6.RELEASE/lettuce-core-6.2.6.RELEASE.jar:/home/mustardpenguin/.m2/repository/io/netty/netty-common/4.1.100.Final/netty-common-4.1.100.Final.jar:/home/mustardpenguin/.m2/repository/io/netty/netty-handler/4.1.100.Final/netty-handler-4.1.100.Final.jar:/home/mustardpenguin/.m2/repository/io/netty/netty-resolver/4.1.100.Final/netty-resolver-4.1.100.Final.jar:/home/mustardpenguin/.m2/repository/io/netty/netty-buffer/4.1.100.Final/netty-buffer-4.1.100.Final.jar:/home/mustardpenguin/.m2/repository/io/netty/netty-transport-native-unix-common/4.1.100.Final/netty-transport-native-unix-common-4.1.100.Final.jar:/home/mustardpenguin/.m2/repository/io/netty/netty-codec/4.1.100.Final/netty-codec-4.1.100.Final.jar:/home/mustardpenguin/.m2/repository/io/netty/netty-transport/4.1.100.Final/netty-transport-4.1.100.Final.jar:/home/mustardpenguin/.m2/repository/org/springframework/boot/spring-boot-starter-oauth2-client/3.1.5/spring-boot-starter-oauth2-client-3.1.5.jar:/home/mustardpenguin/.m2/repository/org/springframework/boot/spring-boot-starter/3.1.5/spring-boot-starter-3.1.5.jar:/home/mustardpenguin/.m2/repository/org/springframework/boot/spring-boot/3.1.5/spring-boot-3.1.5.jar:/home/mustardpenguin/.m2/repository/org/springframework/boot/spring-boot-autoconfigure/3.1.5/spring-boot-autoconfigure-3.1.5.jar:/home/mustardpenguin/.m2/repository/org/springframework/boot/spring-boot-starter-logging/3.1.5/spring-boot-starter-logging-3.1.5.jar:/home/mustardpenguin/.m2/repository/ch/qos/logback/logback-classic/1.4.11/logback-classic-1.4.11.jar:/home/mustardpenguin/.m2/repository/ch/qos/logback/logback-core/1.4.11/logback-core-1.4.11.jar:/home/mustardpenguin/.m2/repository/org/apache/logging/log4j/log4j-to-slf4j/2.20.0/log4j-to-slf4j-2.20.0.jar:/home/mustardpenguin/.m2/repository/org/apache/logging/log4j/log4j-api/2.20.0/log4j-api-2.20.0.jar:/home/mustardpenguin/.m2/repository/org/slf4j/jul-to-slf4j/2.0.9/jul-to-slf4j-2.0.9.jar:/home/mustardpenguin/.m2/repository/jakarta/annotation/jakarta.annotation-api/2.1.1/jakarta.annotation-api-2.1.1.jar:/home/mustardpenguin/.m2/repository/org/yaml/snakeyaml/1.33/snakeyaml-1.33.jar:/home/mustardpenguin/.m2/repository/org/springframework/security/spring-security-config/6.1.5/spring-security-config-6.1.5.jar:/home/mustardpenguin/.m2/repository/org/springframework/spring-aop/6.0.13/spring-aop-6.0.13.jar:/home/mustardpenguin/.m2/repository/org/springframework/spring-beans/6.0.13/spring-beans-6.0.13.jar:/home/mustardpenguin/.m2/repository/org/springframework/spring-context/6.0.13/spring-context-6.0.13.jar:/home/mustardpenguin/.m2/repository/org/springframework/security/spring-security-core/6.1.5/spring-security-core-6.1.5.jar:/home/mustardpenguin/.m2/repository/org/springframework/security/spring-security-crypto/6.1.5/spring-security-crypto-6.1.5.jar:/home/mustardpenguin/.m2/repository/org/springframework/spring-expression/6.0.13/spring-expression-6.0.13.jar:/home/mustardpenguin/.m2/repository/org/springframework/security/spring-security-oauth2-client/6.1.5/spring-security-oauth2-client-6.1.5.jar:/home/mustardpenguin/.m2/repository/com/nimbusds/oauth2-oidc-sdk/9.43.3/oauth2-oidc-sdk-9.43.3.jar:/home/mustardpenguin/.m2/repository/com/nimbusds/content-type/2.2/content-type-2.2.jar:/home/mustardpenguin/.m2/repository/com/nimbusds/lang-tag/1.7/lang-tag-1.7.jar:/home/mustardpenguin/.m2/repository/org/springframework/security/spring-security-oauth2-resource-server/6.1.5/spring-security-oauth2-resource-server-6.1.5.jar:/home/mustardpenguin/.m2/repository/org/springframework/security/spring-security-oauth2-core/6.1.5/spring-security-oauth2-core-6.1.5.jar:/home/mustardpenguin/.m2/repository/org/springframework/security/spring-security-web/6.1.5/spring-security-web-6.1.5.jar:/home/mustardpenguin/.m2/repository/org/springframework/spring-core/6.0.13/spring-core-6.0.13.jar:/home/mustardpenguin/.m2/repository/org/springframework/spring-jcl/6.0.13/spring-jcl-6.0.13.jar:/home/mustardpenguin/.m2/repository/org/springframework/security/spring-security-oauth2-jose/6.1.5/spring-security-oauth2-jose-6.1.5.jar:/home/mustardpenguin/.m2/repository/com/nimbusds/nimbus-jose-jwt/9.24.4/nimbus-jose-jwt-9.24.4.jar:/home/mustardpenguin/.m2/repository/com/github/stephenc/jcip/jcip-annotations/1.0-1/jcip-annotations-1.0-1.jar:/home/mustardpenguin/.m2/repository/org/springframework/boot/spring-boot-starter-test/3.1.5/spring-boot-starter-test-3.1.5.jar:/home/mustardpenguin/.m2/repository/org/springframework/boot/spring-boot-test/3.1.5/spring-boot-test-3.1.5.jar:/home/mustardpenguin/.m2/repository/org/springframework/boot/spring-boot-test-autoconfigure/3.1.5/spring-boot-test-autoconfigure-3.1.5.jar:/home/mustardpenguin/.m2/repository/com/jayway/jsonpath/json-path/2.8.0/json-path-2.8.0.jar:/home/mustardpenguin/.m2/repository/jakarta/xml/bind/jakarta.xml.bind-api/4.0.1/jakarta.xml.bind-api-4.0.1.jar:/home/mustardpenguin/.m2/repository/jakarta/activation/jakarta.activation-api/2.1.2/jakarta.activation-api-2.1.2.jar:/home/mustardpenguin/.m2/repository/net/minidev/json-smart/2.4.11/json-smart-2.4.11.jar:/home/mustardpenguin/.m2/repository/net/minidev/accessors-smart/2.4.11/accessors-smart-2.4.11.jar:/home/mustardpenguin/.m2/repository/org/ow2/asm/asm/9.3/asm-9.3.jar:/home/mustardpenguin/.m2/repository/org/assertj/assertj-core/3.24.2/assertj-core-3.24.2.jar:/home/mustardpenguin/.m2/repository/net/bytebuddy/byte-buddy/1.14.9/byte-buddy-1.14.9.jar:/home/mustardpenguin/.m2/repository/org/hamcrest/hamcrest/2.2/hamcrest-2.2.jar:/home/mustardpenguin/.m2/repository/org/junit/jupiter/junit-jupiter/5.9.3/junit-jupiter-5.9.3.jar:/home/mustardpenguin/.m2/repository/org/junit/jupiter/junit-jupiter-api/5.9.3/junit-jupiter-api-5.9.3.jar:/home/mustardpenguin/.m2/repository/org/opentest4j/opentest4j/1.2.0/opentest4j-1.2.0.jar:/home/mustardpenguin/.m2/repository/org/junit/platform/junit-platform-commons/1.9.3/junit-platform-commons-1.9.3.jar:/home/mustardpenguin/.m2/repository/org/apiguardian/apiguardian-api/1.1.2/apiguardian-api-1.1.2.jar:/home/mustardpenguin/.m2/repository/org/junit/jupiter/junit-jupiter-params/5.9.3/junit-jupiter-params-5.9.3.jar:/home/mustardpenguin/.m2/repository/org/junit/jupiter/junit-jupiter-engine/5.9.3/junit-jupiter-engine-5.9.3.jar:/home/mustardpenguin/.m2/repository/org/junit/platform/junit-platform-engine/1.9.3/junit-platform-engine-1.9.3.jar:/home/mustardpenguin/.m2/repository/org/mockito/mockito-core/5.3.1/mockito-core-5.3.1.jar:/home/mustardpenguin/.m2/repository/net/bytebuddy/byte-buddy-agent/1.14.9/byte-buddy-agent-1.14.9.jar:/home/mustardpenguin/.m2/repository/org/objenesis/objenesis/3.3/objenesis-3.3.jar:/home/mustardpenguin/.m2/repository/org/mockito/mockito-junit-jupiter/5.3.1/mockito-junit-jupiter-5.3.1.jar:/home/mustardpenguin/.m2/repository/org/skyscreamer/jsonassert/1.5.1/jsonassert-1.5.1.jar:/home/mustardpenguin/.m2/repository/com/vaadin/external/google/android-json/0.0.20131108.vaadin1/android-json-0.0.20131108.vaadin1.jar:/home/mustardpenguin/.m2/repository/org/springframework/spring-test/6.0.13/spring-test-6.0.13.jar:/home/mustardpenguin/.m2/repository/org/xmlunit/xmlunit-core/2.9.1/xmlunit-core-2.9.1.jar:/home/mustardpenguin/.m2/repository/org/testcontainers/junit-jupiter/1.20.0/junit-jupiter-1.20.0.jar:/home/mustardpenguin/.m2/repository/org/testcontainers/testcontainers/1.20.0/testcontainers-1.20.0.jar:/home/mustardpenguin/.m2/repository/junit/junit/4.13.2/junit-4.13.2.jar:/home/mustardpenguin/.m2/repository/org/hamcrest/hamcrest-core/2.2/hamcrest-core-2.2.jar:/home/mustardpenguin/.m2/repository/org/apache/commons/commons-compress/1.24.0/commons-compress-1.24.0.jar:/home/mustardpenguin/.m2/repository/org/rnorth/duct-tape/duct-tape/1.0.8/duct-tape-1.0.8.jar:/home/mustardpenguin/.m2/repository/org/jetbrains/annotations/17.0.0/annotations-17.0.0.jar:/home/mustardpenguin/.m2/repository/com/github/docker-java/docker-java-api/3.4.0/docker-java-api-3.4.0.jar:/home/mustardpenguin/.m2/repository/com/github/docker-java/docker-java-transport-zerodep/3.4.0/docker-java-transport-zerodep-3.4.0.jar:/home/mustardpenguin/.m2/repository/com/github/docker-java/docker-java-transport/3.4.0/docker-java-transport-3.4.0.jar:/home/mustardpenguin/.m2/repository/net/java/dev/jna/jna/5.13.0/jna-5.13.0.jar:/home/mustardpenguin/.m2/repository/com/github/dasniko/testcontainers-keycloak/3.5.0/testcontainers-keycloak-3.5.0.jar:/home/mustardpenguin/.m2/repository/io/quarkus/quarkus-junit4-mock/3.15.1/quarkus-junit4-mock-3.15.1.jar:/home/mustardpenguin/.m2/repository/org/jboss/shrinkwrap/shrinkwrap-api/2.0.0-beta-2/shrinkwrap-api-2.0.0-beta-2.jar:/home/mustardpenguin/.m2/repository/org/jboss/shrinkwrap/shrinkwrap-impl-base/2.0.0-beta-2/shrinkwrap-impl-base-2.0.0-beta-2.jar:/home/mustardpenguin/.m2/repository/org/jboss/shrinkwrap/shrinkwrap-spi/2.0.0-beta-2/shrinkwrap-spi-2.0.0-beta-2.jar:/home/mustardpenguin/.m2/repository/com/sun/activation/javax.activation/1.2.0/javax.activation-1.2.0.jar:/home/mustardpenguin/.m2/repository/org/slf4j/slf4j-api/2.0.9/slf4j-api-2.0.9.jar:/home/mustardpenguin/.m2/repository/org/keycloak/keycloak-admin-client/26.0.0/keycloak-admin-client-26.0.0.jar:/home/mustardpenguin/.m2/repository/org/keycloak/keycloak-client-common-synced/26.0.0/keycloak-client-common-synced-26.0.0.jar:/home/mustardpenguin/.m2/repository/org/jboss/logging/jboss-logging/3.5.3.Final/jboss-logging-3.5.3.Final.jar:/home/mustardpenguin/.m2/repository/org/jboss/logging/commons-logging-jboss-logging/1.0.0.Final/commons-logging-jboss-logging-1.0.0.Final.jar:/home/mustardpenguin/.m2/repository/org/apache/httpcomponents/httpclient/4.5.14/httpclient-4.5.14.jar:/home/mustardpenguin/.m2/repository/org/apache/httpcomponents/httpcore/4.4.16/httpcore-4.4.16.jar:/home/mustardpenguin/.m2/repository/com/fasterxml/jackson/core/jackson-core/2.15.3/jackson-core-2.15.3.jar:/home/mustardpenguin/.m2/repository/com/fasterxml/jackson/core/jackson-annotations/2.15.3/jackson-annotations-2.15.3.jar:/home/mustardpenguin/.m2/repository/com/fasterxml/jackson/datatype/jackson-datatype-jdk8/2.15.3/jackson-datatype-jdk8-2.15.3.jar:/home/mustardpenguin/.m2/repository/com/fasterxml/jackson/datatype/jackson-datatype-jsr310/2.15.3/jackson-datatype-jsr310-2.15.3.jar:/home/mustardpenguin/.m2/repository/org/eclipse/microprofile/openapi/microprofile-openapi-api/3.1.1/microprofile-openapi-api-3.1.1.jar:/home/mustardpenguin/.m2/repository/org/jboss/resteasy/resteasy-client/6.2.9.Final/resteasy-client-6.2.9.Final.jar:/home/mustardpenguin/.m2/repository/org/jboss/resteasy/resteasy-client-api/6.2.9.Final/resteasy-client-api-6.2.9.Final.jar:/home/mustardpenguin/.m2/repository/org/jboss/resteasy/resteasy-core-spi/6.2.9.Final/resteasy-core-spi-6.2.9.Final.jar:/home/mustardpenguin/.m2/repository/org/jboss/resteasy/resteasy-core/6.2.9.Final/resteasy-core-6.2.9.Final.jar:/home/mustardpenguin/.m2/repository/org/jboss/jandex/2.4.5.Final/jandex-2.4.5.Final.jar:/home/mustardpenguin/.m2/repository/org/eclipse/angus/angus-activation/2.0.1/angus-activation-2.0.1.jar:/home/mustardpenguin/.m2/repository/com/ibm/async/asyncutil/0.1.0/asyncutil-0.1.0.jar:/home/mustardpenguin/.m2/repository/commons-codec/commons-codec/1.15/commons-codec-1.15.jar:/home/mustardpenguin/.m2/repository/jakarta/ws/rs/jakarta.ws.rs-api/3.1.0/jakarta.ws.rs-api-3.1.0.jar:/home/mustardpenguin/.m2/repository/org/jboss/resteasy/resteasy-multipart-provider/6.2.9.Final/resteasy-multipart-provider-6.2.9.Final.jar:/home/mustardpenguin/.m2/repository/jakarta/mail/jakarta.mail-api/2.1.2/jakarta.mail-api-2.1.2.jar:/home/mustardpenguin/.m2/repository/org/eclipse/angus/angus-mail/1.1.0/angus-mail-1.1.0.jar:/home/mustardpenguin/.m2/repository/org/apache/james/apache-mime4j-dom/0.8.11/apache-mime4j-dom-0.8.11.jar:/home/mustardpenguin/.m2/repository/org/apache/james/apache-mime4j-core/0.8.11/apache-mime4j-core-0.8.11.jar:/home/mustardpenguin/.m2/repository/org/apache/james/apache-mime4j-storage/0.8.11/apache-mime4j-storage-0.8.11.jar:/home/mustardpenguin/.m2/repository/commons-io/commons-io/2.11.0/commons-io-2.11.0.jar:/home/mustardpenguin/.m2/repository/org/jboss/resteasy/resteasy-jackson2-provider/6.2.9.Final/resteasy-jackson2-provider-6.2.9.Final.jar:/home/mustardpenguin/.m2/repository/com/fasterxml/jackson/jakarta/rs/jackson-jakarta-rs-base/2.15.3/jackson-jakarta-rs-base-2.15.3.jar:/home/mustardpenguin/.m2/repository/com/fasterxml/jackson/jakarta/rs/jackson-jakarta-rs-json-provider/2.15.3/jackson-jakarta-rs-json-provider-2.15.3.jar:/home/mustardpenguin/.m2/repository/com/fasterxml/jackson/module/jackson-module-jakarta-xmlbind-annotations/2.15.3/jackson-module-jakarta-xmlbind-annotations-2.15.3.jar:/home/mustardpenguin/.m2/repository/com/github/java-json-tools/json-patch/1.13/json-patch-1.13.jar:/home/mustardpenguin/.m2/repository/com/github/java-json-tools/msg-simple/1.2/msg-simple-1.2.jar:/home/mustardpenguin/.m2/repository/com/github/java-json-tools/btf/1.3/btf-1.3.jar:/home/mustardpenguin/.m2/repository/com/github/java-json-tools/jackson-coreutils/2.0/jackson-coreutils-2.0.jar:/home/mustardpenguin/.m2/repository/org/jboss/resteasy/resteasy-jaxb-provider/6.2.9.Final/resteasy-jaxb-provider-6.2.9.Final.jar:/home/mustardpenguin/.m2/repository/org/glassfish/jaxb/codemodel/4.0.3/codemodel-4.0.3.jar:/home/mustardpenguin/.m2/repository/org/glassfish/jaxb/jaxb-core/4.0.3/jaxb-core-4.0.3.jar:/home/mustardpenguin/.m2/repository/org/glassfish/jaxb/jaxb-jxc/4.0.3/jaxb-jxc-4.0.3.jar:/home/mustardpenguin/.m2/repository/org/glassfish/jaxb/jaxb-runtime/4.0.3/jaxb-runtime-4.0.3.jar:/home/mustardpenguin/.m2/repository/org/glassfish/jaxb/txw2/4.0.3/txw2-4.0.3.jar:/home/mustardpenguin/.m2/repository/org/glassfish/jaxb/jaxb-xjc/4.0.3/jaxb-xjc-4.0.3.jar:/home/mustardpenguin/.m2/repository/org/glassfish/jaxb/xsom/4.0.3/xsom-4.0.3.jar:/home/mustardpenguin/.m2/repository/com/sun/istack/istack-commons-runtime/4.1.2/istack-commons-runtime-4.1.2.jar:/home/mustardpenguin/.m2/repository/com/sun/istack/istack-commons-tools/4.1.2/istack-commons-tools-4.1.2.jar:/home/mustardpenguin/.m2/repository/com/sun/xml/bind/external/relaxng-datatype/4.0.3/relaxng-datatype-4.0.3.jar:/home/mustardpenguin/.m2/repository/com/sun/xml/bind/external/rngom/4.0.3/rngom-4.0.3.jar:/home/mustardpenguin/.m2/repository/com/redis/testcontainers-redis/2.2.2/testcontainers-redis-2.2.2.jar:/home/mustardpenguin/.m2/repository/com/redis/testcontainers-redis-common/2.2.2/testcontainers-redis-common-2.2.2.jar:/home/mustardpenguin/.m2/repository/org/projectlombok/lombok/1.18.30/lombok-1.18.30.jar:"/>
    <property name="sun.cpu.endian" value="little"/>
    <property name="user.home" value="/home/mustardpenguin"/>
    <property name="user.language" value="en"/>
    <property name="java.specification.vendor" value="Oracle Corporation"/>
    <property name="java.version.date" value="2023-10-17"/>
    <property name="java.home" value="/usr/lib/jvm/jdk-17-oracle-x64"/>
    <property name="file.separator" value="/"/>
    <property name="basedir" value="/home/mustardpenguin/repos/food-delivery-app/food-delivery-app-backend/api-gateway"/>
    <property name="java.vm.compressedOopsMode" value="Zero based"/>
    <property name="line.separator" value="&#10;"/>
    <property name="java.specification.name" value="Java Platform API Specification"/>
    <property name="java.vm.specification.vendor" value="Oracle Corporation"/>
    <property name="FILE_LOG_CHARSET" value="UTF-8"/>
    <property name="java.awt.headless" value="true"/>
    <property name="surefire.real.class.path" value="/home/mustardpenguin/repos/food-delivery-app/food-delivery-app-backend/api-gateway/target/surefire/surefirebooter-20241016184506988_3.jar"/>
    <property name="sun.management.compiler" value="HotSpot 64-Bit Tiered Compilers"/>
    <property name="java.runtime.version" value="17.0.9+11-LTS-201"/>
    <property name="user.name" value="mustardpenguin"/>
    <property name="path.separator" value=":"/>
    <property name="os.version" value="5.15.0-124-generic"/>
    <property name="java.runtime.name" value="Java(TM) SE Runtime Environment"/>
    <property name="file.encoding" value="UTF-8"/>
    <property name="java.vm.name" value="Java HotSpot(TM) 64-Bit Server VM"/>
    <property name="localRepository" value="/home/mustardpenguin/.m2/repository"/>
    <property name="java.vendor.url.bug" value="https://bugreport.java.com/bugreport/"/>
    <property name="java.io.tmpdir" value="/tmp"/>
    <property name="java.version" value="17.0.9"/>
    <property name="user.dir" value="/home/mustardpenguin/repos/food-delivery-app/food-delivery-app-backend/api-gateway"/>
    <property name="os.arch" value="amd64"/>
    <property name="java.vm.specification.name" value="Java Virtual Machine Specification"/>
    <property name="PID" value="65269"/>
    <property name="CONSOLE_LOG_CHARSET" value="UTF-8"/>
    <property name="native.encoding" value="UTF-8"/>
    <property name="java.library.path" value="/usr/java/packages/lib:/usr/lib64:/lib64:/lib:/usr/lib"/>
    <property name="java.vm.info" value="mixed mode, sharing"/>
    <property name="java.vendor" value="Oracle Corporation"/>
    <property name="java.vm.version" value="17.0.9+11-LTS-201"/>
    <property name="sun.io.unicode.encoding" value="UnicodeLittle"/>
    <property name="java.class.version" value="61.0"/>
  </properties>
  <testcase name="testRedirect" classname="com.food.delivery.app.api.gateway.tests.ApiGatewayTest" time="1.098">
    <system-out><![CDATA[18:45:07.982 [main] INFO org.springframework.test.context.support.AnnotationConfigContextLoaderUtils -- Could not detect default configuration classes for test class [com.food.delivery.app.api.gateway.tests.ApiGatewayTest]: ApiGatewayTest does not declare any static, non-private, non-final, nested classes annotated with @Configuration.
18:45:08.158 [main] INFO org.springframework.boot.test.context.SpringBootTestContextBootstrapper -- Found @SpringBootConfiguration com.food.delivery.app.api.gateway.ApiGatewayApplication for test class com.food.delivery.app.api.gateway.tests.ApiGatewayTest
18:45:08.284 [main] INFO org.testcontainers.images.PullPolicy -- Image pull policy will be performed by: DefaultPullPolicy()
18:45:08.289 [main] INFO org.testcontainers.utility.ImageNameSubstitutor -- Image name substitution will be performed by: DefaultImageNameSubstitutor (composite of 'ConfigurationFileImageNameSubstitutor' and 'PrefixingImageNameSubstitutor')
18:45:08.333 [main] INFO org.testcontainers.DockerClientFactory -- Testcontainers version: 1.20.0
18:45:08.587 [main] INFO org.testcontainers.dockerclient.DockerClientProviderStrategy -- Loaded org.testcontainers.dockerclient.UnixSocketClientProviderStrategy from ~/.testcontainers.properties, will try it first
18:45:08.873 [main] INFO org.testcontainers.dockerclient.DockerClientProviderStrategy -- Found Docker environment with local Unix socket (unix:///var/run/docker.sock)
18:45:08.875 [main] INFO org.testcontainers.DockerClientFactory -- Docker host IP address is localhost
18:45:08.893 [main] INFO org.testcontainers.DockerClientFactory -- Connected to docker: 
  Server Version: 24.0.7
  API Version: 1.43
  Operating System: Linux Mint 21.2
  Total Memory: 15611 MB
18:45:09.007 [main] INFO tc.testcontainers/ryuk:0.8.1 -- Creating container for image: testcontainers/ryuk:0.8.1
18:45:09.144 [main] INFO tc.testcontainers/ryuk:0.8.1 -- Container testcontainers/ryuk:0.8.1 is starting: 4605f9ef45a59277cc23c09d5f532861d232454c5abbfafe96fee258c89d4175
18:45:09.496 [main] INFO tc.testcontainers/ryuk:0.8.1 -- Container testcontainers/ryuk:0.8.1 started in PT0.488970018S
18:45:09.514 [main] INFO org.testcontainers.utility.RyukResourceReaper -- Ryuk started - will monitor and terminate Testcontainers containers on JVM exit
18:45:09.515 [main] INFO org.testcontainers.DockerClientFactory -- Checking the system...
18:45:09.515 [main] INFO org.testcontainers.DockerClientFactory -- ✔︎ Docker server version should be at least 1.6.0
18:45:09.525 [main] INFO tc.quay.io/keycloak/keycloak:26.0 -- Creating container for image: quay.io/keycloak/keycloak:26.0
18:45:09.612 [main] INFO tc.quay.io/keycloak/keycloak:26.0 -- Container quay.io/keycloak/keycloak:26.0 is starting: 77472f14f60aa1227f54e009afaa01606079392d3fc9c15958d9f71498a4aa02
18:45:10.025 [main] INFO org.testcontainers.containers.wait.strategy.HttpWaitStrategy -- /elated_elbakyan: Waiting for 120 seconds for URL: http://localhost:32840/health/started (where port 32840 maps to container port 9000)
18:45:10.098 [docker-java-stream-1315534155] INFO tc.quay.io/keycloak/keycloak:26.0 -- STDOUT: JAVA_OPTS_KC_HEAP already set in environment; overriding default settings
18:45:12.177 [docker-java-stream-1315534155] INFO tc.quay.io/keycloak/keycloak:26.0 -- STDOUT: Updating the configuration and installing your custom providers, if any. Please wait.
18:45:16.906 [docker-java-stream-1315534155] INFO tc.quay.io/keycloak/keycloak:26.0 -- STDOUT: 2024-10-16 22:45:12,176 WARN  [org.key.qua.run.cli.Picocli] (main) The following run time options were found, but will be ignored during build time: kc.spi-theme-static-max-age, kc.spi-theme-cache-templates, kc.spi-theme-cache-themes
18:45:16.906 [docker-java-stream-1315534155] INFO tc.quay.io/keycloak/keycloak:26.0 -- STDOUT: 
18:45:23.766 [docker-java-stream-1315534155] INFO tc.quay.io/keycloak/keycloak:26.0 -- STDOUT: 2024-10-16 22:45:23,765 INFO  [io.qua.dep.QuarkusAugmentor] (main) Quarkus augmentation completed in 10396ms
18:45:28.403 [docker-java-stream-1315534155] INFO tc.quay.io/keycloak/keycloak:26.0 -- STDOUT: 2024-10-16 22:45:25,041 WARN  [org.keycloak.quarkus.runtime.cli.Picocli] (main) The following run time options were found, but will be ignored during build time: kc.spi-theme-static-max-age, kc.spi-theme-cache-templates, kc.spi-theme-cache-themes
18:45:28.403 [docker-java-stream-1315534155] INFO tc.quay.io/keycloak/keycloak:26.0 -- STDOUT: 
18:45:28.446 [docker-java-stream-1315534155] INFO tc.quay.io/keycloak/keycloak:26.0 -- STDOUT: 2024-10-16 22:45:28,445 INFO  [org.keycloak.quarkus.runtime.storage.infinispan.CacheManagerFactory] (main) Starting Infinispan embedded cache manager
18:45:28.653 [docker-java-stream-1315534155] INFO tc.quay.io/keycloak/keycloak:26.0 -- STDOUT: 2024-10-16 22:45:28,652 INFO  [org.keycloak.quarkus.runtime.storage.infinispan.CacheManagerFactory] (main) Persistent user sessions enabled and no memory limit found in configuration. Setting max entries for sessions to 10000 entries.
18:45:28.654 [docker-java-stream-1315534155] INFO tc.quay.io/keycloak/keycloak:26.0 -- STDOUT: 2024-10-16 22:45:28,653 INFO  [org.keycloak.quarkus.runtime.storage.infinispan.CacheManagerFactory] (main) Persistent user sessions enabled and no memory limit found in configuration. Setting max entries for clientSessions to 10000 entries.
18:45:28.654 [docker-java-stream-1315534155] INFO tc.quay.io/keycloak/keycloak:26.0 -- STDOUT: 2024-10-16 22:45:28,653 INFO  [org.keycloak.quarkus.runtime.storage.infinispan.CacheManagerFactory] (main) Persistent user sessions enabled and no memory limit found in configuration. Setting max entries for offlineSessions to 10000 entries.
18:45:28.655 [docker-java-stream-1315534155] INFO tc.quay.io/keycloak/keycloak:26.0 -- STDOUT: 2024-10-16 22:45:28,653 INFO  [org.keycloak.quarkus.runtime.storage.infinispan.CacheManagerFactory] (main) Persistent user sessions enabled and no memory limit found in configuration. Setting max entries for offlineClientSessions to 10000 entries.
18:45:29.176 [docker-java-stream-1315534155] INFO tc.quay.io/keycloak/keycloak:26.0 -- STDOUT: 2024-10-16 22:45:29,175 INFO  [org.infinispan.CONTAINER] (ForkJoinPool.commonPool-worker-1) ISPN000556: Starting user marshaller 'org.infinispan.commons.marshall.ImmutableProtoStreamMarshaller'
18:45:30.082 [docker-java-stream-1315534155] INFO tc.quay.io/keycloak/keycloak:26.0 -- STDOUT: 2024-10-16 22:45:30,081 INFO  [org.keycloak.broker.provider.AbstractIdentityProviderMapper] (main) Registering class org.keycloak.broker.provider.mappersync.ConfigSyncEventListener
18:45:31.409 [docker-java-stream-1315534155] INFO tc.quay.io/keycloak/keycloak:26.0 -- STDOUT: 2024-10-16 22:45:31,408 INFO  [org.keycloak.quarkus.runtime.storage.database.liquibase.QuarkusJpaUpdaterProvider] (main) Initializing database schema. Using changelog META-INF/jpa-changelog-master.xml
18:45:35.561 [docker-java-stream-1315534155] INFO tc.quay.io/keycloak/keycloak:26.0 -- STDOUT: 
18:45:35.562 [docker-java-stream-1315534155] INFO tc.quay.io/keycloak/keycloak:26.0 -- STDOUT: UPDATE SUMMARY
18:45:35.562 [docker-java-stream-1315534155] INFO tc.quay.io/keycloak/keycloak:26.0 -- STDOUT: Run:                        144
18:45:35.562 [docker-java-stream-1315534155] INFO tc.quay.io/keycloak/keycloak:26.0 -- STDOUT: Previously run:               0
18:45:35.563 [docker-java-stream-1315534155] INFO tc.quay.io/keycloak/keycloak:26.0 -- STDOUT: Filtered out:                 0
18:45:35.563 [docker-java-stream-1315534155] INFO tc.quay.io/keycloak/keycloak:26.0 -- STDOUT: -------------------------------
18:45:35.563 [docker-java-stream-1315534155] INFO tc.quay.io/keycloak/keycloak:26.0 -- STDOUT: Total change sets:          144
18:45:35.563 [docker-java-stream-1315534155] INFO tc.quay.io/keycloak/keycloak:26.0 -- STDOUT: 
18:45:35.587 [docker-java-stream-1315534155] INFO tc.quay.io/keycloak/keycloak:26.0 -- STDOUT: 2024-10-16 22:45:35,586 WARN  [io.agroal.pool] (main) Datasource '<default>': JDBC resources leaked: 1 ResultSet(s) and 0 Statement(s)
18:45:36.084 [docker-java-stream-1315534155] INFO tc.quay.io/keycloak/keycloak:26.0 -- STDOUT: 2024-10-16 22:45:36,083 INFO  [org.keycloak.connections.infinispan.DefaultInfinispanConnectionProviderFactory] (main) Node name: node_40545, Site name: null
18:45:36.875 [docker-java-stream-1315534155] INFO tc.quay.io/keycloak/keycloak:26.0 -- STDOUT: 2024-10-16 22:45:36,874 INFO  [org.keycloak.exportimport.dir.DirImportProvider] (main) Importing from directory /opt/keycloak/bin/../data/import
18:45:36.880 [docker-java-stream-1315534155] INFO tc.quay.io/keycloak/keycloak:26.0 -- STDOUT: 2024-10-16 22:45:36,880 INFO  [org.keycloak.services] (main) KC-SERVICES0050: Initializing master realm
18:45:39.890 [docker-java-stream-1315534155] INFO tc.quay.io/keycloak/keycloak:26.0 -- STDOUT: 2024-10-16 22:45:39,889 INFO  [org.keycloak.exportimport.singlefile.SingleFileImportProvider] (main) Full importing from file /opt/keycloak/bin/../data/import/realm-export.json
18:45:44.942 [docker-java-stream-1315534155] INFO tc.quay.io/keycloak/keycloak:26.0 -- STDOUT: 2024-10-16 22:45:44,941 INFO  [org.keycloak.exportimport.util.ImportUtils] (main) Realm 'food-delivery-app' imported
18:45:44.942 [docker-java-stream-1315534155] INFO tc.quay.io/keycloak/keycloak:26.0 -- STDOUT: 2024-10-16 22:45:44,941 INFO  [org.keycloak.services] (main) KC-SERVICES0030: Full model import requested. Strategy: OVERWRITE_EXISTING
18:45:44.943 [docker-java-stream-1315534155] INFO tc.quay.io/keycloak/keycloak:26.0 -- STDOUT: 2024-10-16 22:45:44,942 INFO  [org.keycloak.services] (main) KC-SERVICES0032: Import finished successfully
18:45:45.047 [docker-java-stream-1315534155] INFO tc.quay.io/keycloak/keycloak:26.0 -- STDOUT: 2024-10-16 22:45:45,046 INFO  [org.keycloak.services] (main) KC-SERVICES0077: Created temporary admin user with username admin
18:45:45.115 [docker-java-stream-1315534155] INFO tc.quay.io/keycloak/keycloak:26.0 -- STDOUT: 2024-10-16 22:45:45,114 WARN  [io.agroal.pool] (main) Datasource '<default>': JDBC resources leaked: 1 ResultSet(s) and 0 Statement(s)
18:45:45.282 [docker-java-stream-1315534155] INFO tc.quay.io/keycloak/keycloak:26.0 -- STDOUT: 2024-10-16 22:45:45,281 INFO  [io.quarkus] (main) Keycloak 26.0.0 on JVM (powered by Quarkus 3.15.1) started in 21.266s. Listening on: http://0.0.0.0:8080. Management interface listening on http://0.0.0.0:9000.
18:45:45.283 [docker-java-stream-1315534155] INFO tc.quay.io/keycloak/keycloak:26.0 -- STDOUT: 2024-10-16 22:45:45,282 INFO  [io.quarkus] (main) Profile dev activated. 
18:45:45.283 [docker-java-stream-1315534155] INFO tc.quay.io/keycloak/keycloak:26.0 -- STDOUT: 2024-10-16 22:45:45,282 INFO  [io.quarkus] (main) Installed features: [agroal, cdi, hibernate-orm, jdbc-h2, keycloak, narayana-jta, opentelemetry, reactive-routes, rest, rest-jackson, smallrye-context-propagation, smallrye-health, vertx]
18:45:45.293 [docker-java-stream-1315534155] INFO tc.quay.io/keycloak/keycloak:26.0 -- STDOUT: 2024-10-16 22:45:45,292 WARN  [org.keycloak.quarkus.runtime.KeycloakMain] (main) Running the server in development mode. DO NOT use this configuration in production.
18:45:46.277 [main] INFO tc.quay.io/keycloak/keycloak:26.0 -- Container quay.io/keycloak/keycloak:26.0 started in PT36.752312293S
18:45:46.290 [main] INFO tc.redis:latest -- Creating container for image: redis:latest
18:45:46.338 [main] INFO tc.redis:latest -- Container redis:latest is starting: 42b087473544cc35fb8fb6fe3feba420d054862f3dcee0c25424080a45fa9f19
18:45:46.741 [main] INFO tc.redis:latest -- Container redis:latest started in PT0.451161787S

  .   ____          _            __ _ _
 /\\ / ___'_ __ _ _(_)_ __  __ _ \ \ \ \
( ( )\___ | '_ | '_| | '_ \/ _` | \ \ \ \
 \\/  ___)| |_)| | | | | || (_| |  ) ) ) )
  '  |____| .__|_| |_|_| |_\__, | / / / /
 =========|_|==============|___/=/_/_/_/
 :: Spring Boot ::                (v3.1.5)

2024-10-16T18:45:47.223-04:00  INFO 65269 --- [           main] c.f.d.a.a.gateway.tests.ApiGatewayTest   : Starting ApiGatewayTest using Java 17.0.9 with PID 65269 (started by mustardpenguin in /home/mustardpenguin/repos/food-delivery-app/food-delivery-app-backend/api-gateway)
2024-10-16T18:45:47.224-04:00  INFO 65269 --- [           main] c.f.d.a.a.gateway.tests.ApiGatewayTest   : No active profile set, falling back to 1 default profile: "default"
2024-10-16T18:45:48.105-04:00  INFO 65269 --- [           main] .s.d.r.c.RepositoryConfigurationDelegate : Multiple Spring Data modules found, entering strict repository configuration mode
2024-10-16T18:45:48.108-04:00  INFO 65269 --- [           main] .s.d.r.c.RepositoryConfigurationDelegate : Bootstrapping Spring Data Redis repositories in DEFAULT mode.
2024-10-16T18:45:48.146-04:00  INFO 65269 --- [           main] .s.d.r.c.RepositoryConfigurationDelegate : Finished Spring Data repository scanning in 20 ms. Found 0 Redis repository interfaces.
2024-10-16T18:45:48.582-04:00  INFO 65269 --- [           main] o.s.cloud.context.scope.GenericScope     : BeanFactory id=a019ad02-3056-3c97-92da-937ec8f952b1
2024-10-16T18:45:50.508-04:00  INFO 65269 --- [           main] o.s.c.g.r.RouteDefinitionRouteLocator    : Loaded RoutePredicateFactory [After]
2024-10-16T18:45:50.508-04:00  INFO 65269 --- [           main] o.s.c.g.r.RouteDefinitionRouteLocator    : Loaded RoutePredicateFactory [Before]
2024-10-16T18:45:50.508-04:00  INFO 65269 --- [           main] o.s.c.g.r.RouteDefinitionRouteLocator    : Loaded RoutePredicateFactory [Between]
2024-10-16T18:45:50.508-04:00  INFO 65269 --- [           main] o.s.c.g.r.RouteDefinitionRouteLocator    : Loaded RoutePredicateFactory [Cookie]
2024-10-16T18:45:50.509-04:00  INFO 65269 --- [           main] o.s.c.g.r.RouteDefinitionRouteLocator    : Loaded RoutePredicateFactory [Header]
2024-10-16T18:45:50.509-04:00  INFO 65269 --- [           main] o.s.c.g.r.RouteDefinitionRouteLocator    : Loaded RoutePredicateFactory [Host]
2024-10-16T18:45:50.509-04:00  INFO 65269 --- [           main] o.s.c.g.r.RouteDefinitionRouteLocator    : Loaded RoutePredicateFactory [Method]
2024-10-16T18:45:50.509-04:00  INFO 65269 --- [           main] o.s.c.g.r.RouteDefinitionRouteLocator    : Loaded RoutePredicateFactory [Path]
2024-10-16T18:45:50.509-04:00  INFO 65269 --- [           main] o.s.c.g.r.RouteDefinitionRouteLocator    : Loaded RoutePredicateFactory [Query]
2024-10-16T18:45:50.509-04:00  INFO 65269 --- [           main] o.s.c.g.r.RouteDefinitionRouteLocator    : Loaded RoutePredicateFactory [ReadBody]
2024-10-16T18:45:50.509-04:00  INFO 65269 --- [           main] o.s.c.g.r.RouteDefinitionRouteLocator    : Loaded RoutePredicateFactory [RemoteAddr]
2024-10-16T18:45:50.509-04:00  INFO 65269 --- [           main] o.s.c.g.r.RouteDefinitionRouteLocator    : Loaded RoutePredicateFactory [XForwardedRemoteAddr]
2024-10-16T18:45:50.509-04:00  INFO 65269 --- [           main] o.s.c.g.r.RouteDefinitionRouteLocator    : Loaded RoutePredicateFactory [Weight]
2024-10-16T18:45:50.509-04:00  INFO 65269 --- [           main] o.s.c.g.r.RouteDefinitionRouteLocator    : Loaded RoutePredicateFactory [CloudFoundryRouteService]
2024-10-16T18:45:50.979-04:00  INFO 65269 --- [           main] o.s.b.web.embedded.netty.NettyWebServer  : Netty started on port 37403
2024-10-16T18:45:51.210-04:00  INFO 65269 --- [           main] c.f.d.a.a.gateway.tests.ApiGatewayTest   : Started ApiGatewayTest in 4.426 seconds (process running for 44.127)
]]></system-out>
  </testcase>
  <testcase name="testObtainAccessToken" classname="com.food.delivery.app.api.gateway.tests.ApiGatewayTest" time="0.741"/>
  <testcase name="testGetProtectedResource" classname="com.food.delivery.app.api.gateway.tests.ApiGatewayTest" time="0.181"/>
</testsuite>