<?xml version="1.0" encoding="UTF-8"?>
<testsuite xmlns:xsi="http://www.w3.org/2001/XMLSchema-instance" xsi:noNamespaceSchemaLocation="https://maven.apache.org/surefire/maven-surefire-plugin/xsd/surefire-test-report-3.0.xsd" version="3.0" name="com.food.delivery.app.api.gateway.tests.ApiGatewayTest" time="64.92" tests="3" errors="0" skipped="0" failures="0">
  <properties>
    <property name="java.specification.version" value="17"/>
    <property name="sun.jnu.encoding" value="UTF-8"/>
    <property name="java.class.path" value="/home/mustardpenguin/repos/food-delivery-app/food-delivery-app-backend/java/api-gateway/target/test-classes:/home/mustardpenguin/repos/food-delivery-app/food-delivery-app-backend/java/api-gateway/target/classes:/home/mustardpenguin/.m2/repository/org/springframework/cloud/spring-cloud-starter-gateway/4.1.5/spring-cloud-starter-gateway-4.1.5.jar:/home/mustardpenguin/.m2/repository/org/springframework/cloud/spring-cloud-starter/4.1.4/spring-cloud-starter-4.1.4.jar:/home/mustardpenguin/.m2/repository/org/springframework/cloud/spring-cloud-context/4.1.4/spring-cloud-context-4.1.4.jar:/home/mustardpenguin/.m2/repository/org/springframework/cloud/spring-cloud-commons/4.1.4/spring-cloud-commons-4.1.4.jar:/home/mustardpenguin/.m2/repository/org/springframework/security/spring-security-rsa/1.1.3/spring-security-rsa-1.1.3.jar:/home/mustardpenguin/.m2/repository/org/bouncycastle/bcprov-jdk18on/1.78/bcprov-jdk18on-1.78.jar:/home/mustardpenguin/.m2/repository/org/springframework/cloud/spring-cloud-gateway-server/4.1.5/spring-cloud-gateway-server-4.1.5.jar:/home/mustardpenguin/.m2/repository/org/springframework/boot/spring-boot-starter-validation/3.2.5/spring-boot-starter-validation-3.2.5.jar:/home/mustardpenguin/.m2/repository/org/apache/tomcat/embed/tomcat-embed-el/10.1.20/tomcat-embed-el-10.1.20.jar:/home/mustardpenguin/.m2/repository/org/hibernate/validator/hibernate-validator/8.0.1.Final/hibernate-validator-8.0.1.Final.jar:/home/mustardpenguin/.m2/repository/jakarta/validation/jakarta.validation-api/3.0.2/jakarta.validation-api-3.0.2.jar:/home/mustardpenguin/.m2/repository/com/fasterxml/classmate/1.6.0/classmate-1.6.0.jar:/home/mustardpenguin/.m2/repository/io/projectreactor/addons/reactor-extra/3.5.1/reactor-extra-3.5.1.jar:/home/mustardpenguin/.m2/repository/org/springframework/boot/spring-boot-starter-webflux/3.2.5/spring-boot-starter-webflux-3.2.5.jar:/home/mustardpenguin/.m2/repository/org/springframework/boot/spring-boot-starter-json/3.2.5/spring-boot-starter-json-3.2.5.jar:/home/mustardpenguin/.m2/repository/com/fasterxml/jackson/module/jackson-module-parameter-names/2.15.4/jackson-module-parameter-names-2.15.4.jar:/home/mustardpenguin/.m2/repository/org/springframework/boot/spring-boot-starter-reactor-netty/3.2.5/spring-boot-starter-reactor-netty-3.2.5.jar:/home/mustardpenguin/.m2/repository/io/projectreactor/netty/reactor-netty-http/1.1.18/reactor-netty-http-1.1.18.jar:/home/mustardpenguin/.m2/repository/io/netty/netty-codec-http/4.1.109.Final/netty-codec-http-4.1.109.Final.jar:/home/mustardpenguin/.m2/repository/io/netty/netty-codec-http2/4.1.109.Final/netty-codec-http2-4.1.109.Final.jar:/home/mustardpenguin/.m2/repository/io/netty/netty-resolver-dns/4.1.109.Final/netty-resolver-dns-4.1.109.Final.jar:/home/mustardpenguin/.m2/repository/io/netty/netty-codec-dns/4.1.109.Final/netty-codec-dns-4.1.109.Final.jar:/home/mustardpenguin/.m2/repository/io/netty/netty-resolver-dns-native-macos/4.1.109.Final/netty-resolver-dns-native-macos-4.1.109.Final-osx-x86_64.jar:/home/mustardpenguin/.m2/repository/io/netty/netty-resolver-dns-classes-macos/4.1.109.Final/netty-resolver-dns-classes-macos-4.1.109.Final.jar:/home/mustardpenguin/.m2/repository/io/netty/netty-transport-native-epoll/4.1.109.Final/netty-transport-native-epoll-4.1.109.Final-linux-x86_64.jar:/home/mustardpenguin/.m2/repository/io/netty/netty-transport-classes-epoll/4.1.109.Final/netty-transport-classes-epoll-4.1.109.Final.jar:/home/mustardpenguin/.m2/repository/io/projectreactor/netty/reactor-netty-core/1.1.18/reactor-netty-core-1.1.18.jar:/home/mustardpenguin/.m2/repository/io/netty/netty-handler-proxy/4.1.109.Final/netty-handler-proxy-4.1.109.Final.jar:/home/mustardpenguin/.m2/repository/io/netty/netty-codec-socks/4.1.109.Final/netty-codec-socks-4.1.109.Final.jar:/home/mustardpenguin/.m2/repository/org/springframework/spring-web/6.1.6/spring-web-6.1.6.jar:/home/mustardpenguin/.m2/repository/org/springframework/spring-webflux/6.1.6/spring-webflux-6.1.6.jar:/home/mustardpenguin/.m2/repository/org/springframework/cloud/spring-cloud-starter-circuitbreaker-reactor-resilience4j/3.1.1/spring-cloud-starter-circuitbreaker-reactor-resilience4j-3.1.1.jar:/home/mustardpenguin/.m2/repository/org/springframework/cloud/spring-cloud-circuitbreaker-resilience4j/3.1.2/spring-cloud-circuitbreaker-resilience4j-3.1.2.jar:/home/mustardpenguin/.m2/repository/io/github/resilience4j/resilience4j-spring-boot3/2.1.0/resilience4j-spring-boot3-2.1.0.jar:/home/mustardpenguin/.m2/repository/io/github/resilience4j/resilience4j-spring6/2.1.0/resilience4j-spring6-2.1.0.jar:/home/mustardpenguin/.m2/repository/io/github/resilience4j/resilience4j-annotations/2.1.0/resilience4j-annotations-2.1.0.jar:/home/mustardpenguin/.m2/repository/io/github/resilience4j/resilience4j-consumer/2.1.0/resilience4j-consumer-2.1.0.jar:/home/mustardpenguin/.m2/repository/io/github/resilience4j/resilience4j-circularbuffer/2.1.0/resilience4j-circularbuffer-2.1.0.jar:/home/mustardpenguin/.m2/repository/io/github/resilience4j/resilience4j-framework-common/2.1.0/resilience4j-framework-common-2.1.0.jar:/home/mustardpenguin/.m2/repository/io/github/resilience4j/resilience4j-micrometer/2.1.0/resilience4j-micrometer-2.1.0.jar:/home/mustardpenguin/.m2/repository/org/springframework/boot/spring-boot-configuration-processor/3.2.5/spring-boot-configuration-processor-3.2.5.jar:/home/mustardpenguin/.m2/repository/io/github/resilience4j/resilience4j-circuitbreaker/2.1.0/resilience4j-circuitbreaker-2.1.0.jar:/home/mustardpenguin/.m2/repository/io/github/resilience4j/resilience4j-core/2.1.0/resilience4j-core-2.1.0.jar:/home/mustardpenguin/.m2/repository/io/github/resilience4j/resilience4j-timelimiter/2.1.0/resilience4j-timelimiter-2.1.0.jar:/home/mustardpenguin/.m2/repository/io/github/resilience4j/resilience4j-reactor/2.1.0/resilience4j-reactor-2.1.0.jar:/home/mustardpenguin/.m2/repository/io/github/resilience4j/resilience4j-ratelimiter/2.1.0/resilience4j-ratelimiter-2.1.0.jar:/home/mustardpenguin/.m2/repository/io/github/resilience4j/resilience4j-bulkhead/2.1.0/resilience4j-bulkhead-2.1.0.jar:/home/mustardpenguin/.m2/repository/io/github/resilience4j/resilience4j-retry/2.1.0/resilience4j-retry-2.1.0.jar:/home/mustardpenguin/.m2/repository/org/springframework/boot/spring-boot-starter-data-redis-reactive/3.2.5/spring-boot-starter-data-redis-reactive-3.2.5.jar:/home/mustardpenguin/.m2/repository/org/springframework/boot/spring-boot-starter/3.2.5/spring-boot-starter-3.2.5.jar:/home/mustardpenguin/.m2/repository/org/springframework/boot/spring-boot/3.2.5/spring-boot-3.2.5.jar:/home/mustardpenguin/.m2/repository/org/springframework/boot/spring-boot-autoconfigure/3.2.5/spring-boot-autoconfigure-3.2.5.jar:/home/mustardpenguin/.m2/repository/org/springframework/boot/spring-boot-starter-logging/3.2.5/spring-boot-starter-logging-3.2.5.jar:/home/mustardpenguin/.m2/repository/ch/qos/logback/logback-classic/1.4.14/logback-classic-1.4.14.jar:/home/mustardpenguin/.m2/repository/ch/qos/logback/logback-core/1.4.14/logback-core-1.4.14.jar:/home/mustardpenguin/.m2/repository/org/apache/logging/log4j/log4j-to-slf4j/2.21.1/log4j-to-slf4j-2.21.1.jar:/home/mustardpenguin/.m2/repository/org/apache/logging/log4j/log4j-api/2.21.1/log4j-api-2.21.1.jar:/home/mustardpenguin/.m2/repository/org/slf4j/jul-to-slf4j/2.0.13/jul-to-slf4j-2.0.13.jar:/home/mustardpenguin/.m2/repository/jakarta/annotation/jakarta.annotation-api/2.1.1/jakarta.annotation-api-2.1.1.jar:/home/mustardpenguin/.m2/repository/org/yaml/snakeyaml/2.2/snakeyaml-2.2.jar:/home/mustardpenguin/.m2/repository/io/lettuce/lettuce-core/6.3.2.RELEASE/lettuce-core-6.3.2.RELEASE.jar:/home/mustardpenguin/.m2/repository/io/netty/netty-common/4.1.109.Final/netty-common-4.1.109.Final.jar:/home/mustardpenguin/.m2/repository/io/netty/netty-handler/4.1.109.Final/netty-handler-4.1.109.Final.jar:/home/mustardpenguin/.m2/repository/io/netty/netty-resolver/4.1.109.Final/netty-resolver-4.1.109.Final.jar:/home/mustardpenguin/.m2/repository/io/netty/netty-buffer/4.1.109.Final/netty-buffer-4.1.109.Final.jar:/home/mustardpenguin/.m2/repository/io/netty/netty-transport-native-unix-common/4.1.109.Final/netty-transport-native-unix-common-4.1.109.Final.jar:/home/mustardpenguin/.m2/repository/io/netty/netty-codec/4.1.109.Final/netty-codec-4.1.109.Final.jar:/home/mustardpenguin/.m2/repository/io/netty/netty-transport/4.1.109.Final/netty-transport-4.1.109.Final.jar:/home/mustardpenguin/.m2/repository/io/projectreactor/reactor-core/3.6.5/reactor-core-3.6.5.jar:/home/mustardpenguin/.m2/repository/org/reactivestreams/reactive-streams/1.0.4/reactive-streams-1.0.4.jar:/home/mustardpenguin/.m2/repository/org/springframework/data/spring-data-redis/3.2.5/spring-data-redis-3.2.5.jar:/home/mustardpenguin/.m2/repository/org/springframework/data/spring-data-keyvalue/3.2.5/spring-data-keyvalue-3.2.5.jar:/home/mustardpenguin/.m2/repository/org/springframework/data/spring-data-commons/3.2.5/spring-data-commons-3.2.5.jar:/home/mustardpenguin/.m2/repository/org/springframework/spring-tx/6.1.6/spring-tx-6.1.6.jar:/home/mustardpenguin/.m2/repository/org/springframework/spring-oxm/6.1.6/spring-oxm-6.1.6.jar:/home/mustardpenguin/.m2/repository/org/springframework/spring-aop/6.1.6/spring-aop-6.1.6.jar:/home/mustardpenguin/.m2/repository/org/springframework/spring-context-support/6.1.6/spring-context-support-6.1.6.jar:/home/mustardpenguin/.m2/repository/org/springframework/boot/spring-boot-starter-actuator/3.2.5/spring-boot-starter-actuator-3.2.5.jar:/home/mustardpenguin/.m2/repository/org/springframework/boot/spring-boot-actuator-autoconfigure/3.2.5/spring-boot-actuator-autoconfigure-3.2.5.jar:/home/mustardpenguin/.m2/repository/org/springframework/boot/spring-boot-actuator/3.2.5/spring-boot-actuator-3.2.5.jar:/home/mustardpenguin/.m2/repository/com/fasterxml/jackson/core/jackson-databind/2.15.4/jackson-databind-2.15.4.jar:/home/mustardpenguin/.m2/repository/com/fasterxml/jackson/datatype/jackson-datatype-jsr310/2.15.4/jackson-datatype-jsr310-2.15.4.jar:/home/mustardpenguin/.m2/repository/io/micrometer/micrometer-observation/1.12.5/micrometer-observation-1.12.5.jar:/home/mustardpenguin/.m2/repository/io/micrometer/micrometer-commons/1.12.5/micrometer-commons-1.12.5.jar:/home/mustardpenguin/.m2/repository/io/micrometer/micrometer-jakarta9/1.12.5/micrometer-jakarta9-1.12.5.jar:/home/mustardpenguin/.m2/repository/io/micrometer/micrometer-registry-prometheus/1.12.5/micrometer-registry-prometheus-1.12.5.jar:/home/mustardpenguin/.m2/repository/io/micrometer/micrometer-core/1.12.5/micrometer-core-1.12.5.jar:/home/mustardpenguin/.m2/repository/org/hdrhistogram/HdrHistogram/2.1.12/HdrHistogram-2.1.12.jar:/home/mustardpenguin/.m2/repository/org/latencyutils/LatencyUtils/2.0.3/LatencyUtils-2.0.3.jar:/home/mustardpenguin/.m2/repository/io/prometheus/simpleclient_common/0.16.0/simpleclient_common-0.16.0.jar:/home/mustardpenguin/.m2/repository/io/prometheus/simpleclient/0.16.0/simpleclient-0.16.0.jar:/home/mustardpenguin/.m2/repository/io/prometheus/simpleclient_tracer_otel/0.16.0/simpleclient_tracer_otel-0.16.0.jar:/home/mustardpenguin/.m2/repository/io/prometheus/simpleclient_tracer_common/0.16.0/simpleclient_tracer_common-0.16.0.jar:/home/mustardpenguin/.m2/repository/io/prometheus/simpleclient_tracer_otel_agent/0.16.0/simpleclient_tracer_otel_agent-0.16.0.jar:/home/mustardpenguin/.m2/repository/org/springframework/boot/spring-boot-starter-oauth2-client/3.2.5/spring-boot-starter-oauth2-client-3.2.5.jar:/home/mustardpenguin/.m2/repository/org/springframework/security/spring-security-config/6.2.4/spring-security-config-6.2.4.jar:/home/mustardpenguin/.m2/repository/org/springframework/spring-beans/6.1.6/spring-beans-6.1.6.jar:/home/mustardpenguin/.m2/repository/org/springframework/spring-context/6.1.6/spring-context-6.1.6.jar:/home/mustardpenguin/.m2/repository/org/springframework/security/spring-security-core/6.2.4/spring-security-core-6.2.4.jar:/home/mustardpenguin/.m2/repository/org/springframework/security/spring-security-crypto/6.2.4/spring-security-crypto-6.2.4.jar:/home/mustardpenguin/.m2/repository/org/springframework/spring-expression/6.1.6/spring-expression-6.1.6.jar:/home/mustardpenguin/.m2/repository/org/springframework/security/spring-security-oauth2-client/6.2.4/spring-security-oauth2-client-6.2.4.jar:/home/mustardpenguin/.m2/repository/com/nimbusds/oauth2-oidc-sdk/9.43.3/oauth2-oidc-sdk-9.43.3.jar:/home/mustardpenguin/.m2/repository/com/nimbusds/content-type/2.2/content-type-2.2.jar:/home/mustardpenguin/.m2/repository/com/nimbusds/lang-tag/1.7/lang-tag-1.7.jar:/home/mustardpenguin/.m2/repository/org/springframework/security/spring-security-oauth2-resource-server/6.2.4/spring-security-oauth2-resource-server-6.2.4.jar:/home/mustardpenguin/.m2/repository/org/springframework/security/spring-security-oauth2-core/6.2.4/spring-security-oauth2-core-6.2.4.jar:/home/mustardpenguin/.m2/repository/org/springframework/security/spring-security-web/6.2.4/spring-security-web-6.2.4.jar:/home/mustardpenguin/.m2/repository/org/springframework/spring-core/6.1.6/spring-core-6.1.6.jar:/home/mustardpenguin/.m2/repository/org/springframework/spring-jcl/6.1.6/spring-jcl-6.1.6.jar:/home/mustardpenguin/.m2/repository/org/springframework/security/spring-security-oauth2-jose/6.2.4/spring-security-oauth2-jose-6.2.4.jar:/home/mustardpenguin/.m2/repository/com/nimbusds/nimbus-jose-jwt/9.24.4/nimbus-jose-jwt-9.24.4.jar:/home/mustardpenguin/.m2/repository/com/github/stephenc/jcip/jcip-annotations/1.0-1/jcip-annotations-1.0-1.jar:/home/mustardpenguin/.m2/repository/org/springframework/boot/spring-boot-starter-test/3.2.5/spring-boot-starter-test-3.2.5.jar:/home/mustardpenguin/.m2/repository/org/springframework/boot/spring-boot-test/3.2.5/spring-boot-test-3.2.5.jar:/home/mustardpenguin/.m2/repository/org/springframework/boot/spring-boot-test-autoconfigure/3.2.5/spring-boot-test-autoconfigure-3.2.5.jar:/home/mustardpenguin/.m2/repository/com/jayway/jsonpath/json-path/2.9.0/json-path-2.9.0.jar:/home/mustardpenguin/.m2/repository/jakarta/xml/bind/jakarta.xml.bind-api/4.0.2/jakarta.xml.bind-api-4.0.2.jar:/home/mustardpenguin/.m2/repository/jakarta/activation/jakarta.activation-api/2.1.3/jakarta.activation-api-2.1.3.jar:/home/mustardpenguin/.m2/repository/net/minidev/json-smart/2.5.1/json-smart-2.5.1.jar:/home/mustardpenguin/.m2/repository/net/minidev/accessors-smart/2.5.1/accessors-smart-2.5.1.jar:/home/mustardpenguin/.m2/repository/org/ow2/asm/asm/9.6/asm-9.6.jar:/home/mustardpenguin/.m2/repository/org/assertj/assertj-core/3.24.2/assertj-core-3.24.2.jar:/home/mustardpenguin/.m2/repository/net/bytebuddy/byte-buddy/1.14.13/byte-buddy-1.14.13.jar:/home/mustardpenguin/.m2/repository/org/awaitility/awaitility/4.2.1/awaitility-4.2.1.jar:/home/mustardpenguin/.m2/repository/org/hamcrest/hamcrest/2.2/hamcrest-2.2.jar:/home/mustardpenguin/.m2/repository/org/junit/jupiter/junit-jupiter/5.10.2/junit-jupiter-5.10.2.jar:/home/mustardpenguin/.m2/repository/org/junit/jupiter/junit-jupiter-api/5.10.2/junit-jupiter-api-5.10.2.jar:/home/mustardpenguin/.m2/repository/org/opentest4j/opentest4j/1.3.0/opentest4j-1.3.0.jar:/home/mustardpenguin/.m2/repository/org/junit/platform/junit-platform-commons/1.10.2/junit-platform-commons-1.10.2.jar:/home/mustardpenguin/.m2/repository/org/apiguardian/apiguardian-api/1.1.2/apiguardian-api-1.1.2.jar:/home/mustardpenguin/.m2/repository/org/junit/jupiter/junit-jupiter-params/5.10.2/junit-jupiter-params-5.10.2.jar:/home/mustardpenguin/.m2/repository/org/junit/jupiter/junit-jupiter-engine/5.10.2/junit-jupiter-engine-5.10.2.jar:/home/mustardpenguin/.m2/repository/org/junit/platform/junit-platform-engine/1.10.2/junit-platform-engine-1.10.2.jar:/home/mustardpenguin/.m2/repository/org/mockito/mockito-core/5.7.0/mockito-core-5.7.0.jar:/home/mustardpenguin/.m2/repository/net/bytebuddy/byte-buddy-agent/1.14.13/byte-buddy-agent-1.14.13.jar:/home/mustardpenguin/.m2/repository/org/objenesis/objenesis/3.3/objenesis-3.3.jar:/home/mustardpenguin/.m2/repository/org/mockito/mockito-junit-jupiter/5.7.0/mockito-junit-jupiter-5.7.0.jar:/home/mustardpenguin/.m2/repository/org/skyscreamer/jsonassert/1.5.1/jsonassert-1.5.1.jar:/home/mustardpenguin/.m2/repository/com/vaadin/external/google/android-json/0.0.20131108.vaadin1/android-json-0.0.20131108.vaadin1.jar:/home/mustardpenguin/.m2/repository/org/springframework/spring-test/6.1.6/spring-test-6.1.6.jar:/home/mustardpenguin/.m2/repository/org/xmlunit/xmlunit-core/2.9.1/xmlunit-core-2.9.1.jar:/home/mustardpenguin/.m2/repository/org/testcontainers/junit-jupiter/1.20.0/junit-jupiter-1.20.0.jar:/home/mustardpenguin/.m2/repository/org/testcontainers/testcontainers/1.20.0/testcontainers-1.20.0.jar:/home/mustardpenguin/.m2/repository/junit/junit/4.13.2/junit-4.13.2.jar:/home/mustardpenguin/.m2/repository/org/hamcrest/hamcrest-core/2.2/hamcrest-core-2.2.jar:/home/mustardpenguin/.m2/repository/org/apache/commons/commons-compress/1.24.0/commons-compress-1.24.0.jar:/home/mustardpenguin/.m2/repository/org/rnorth/duct-tape/duct-tape/1.0.8/duct-tape-1.0.8.jar:/home/mustardpenguin/.m2/repository/org/jetbrains/annotations/17.0.0/annotations-17.0.0.jar:/home/mustardpenguin/.m2/repository/com/github/docker-java/docker-java-api/3.4.0/docker-java-api-3.4.0.jar:/home/mustardpenguin/.m2/repository/com/github/docker-java/docker-java-transport-zerodep/3.4.0/docker-java-transport-zerodep-3.4.0.jar:/home/mustardpenguin/.m2/repository/com/github/docker-java/docker-java-transport/3.4.0/docker-java-transport-3.4.0.jar:/home/mustardpenguin/.m2/repository/net/java/dev/jna/jna/5.13.0/jna-5.13.0.jar:/home/mustardpenguin/.m2/repository/com/github/dasniko/testcontainers-keycloak/3.5.0/testcontainers-keycloak-3.5.0.jar:/home/mustardpenguin/.m2/repository/io/quarkus/quarkus-junit4-mock/3.15.1/quarkus-junit4-mock-3.15.1.jar:/home/mustardpenguin/.m2/repository/org/jboss/shrinkwrap/shrinkwrap-api/2.0.0-beta-2/shrinkwrap-api-2.0.0-beta-2.jar:/home/mustardpenguin/.m2/repository/org/jboss/shrinkwrap/shrinkwrap-impl-base/2.0.0-beta-2/shrinkwrap-impl-base-2.0.0-beta-2.jar:/home/mustardpenguin/.m2/repository/org/jboss/shrinkwrap/shrinkwrap-spi/2.0.0-beta-2/shrinkwrap-spi-2.0.0-beta-2.jar:/home/mustardpenguin/.m2/repository/com/sun/activation/javax.activation/1.2.0/javax.activation-1.2.0.jar:/home/mustardpenguin/.m2/repository/org/slf4j/slf4j-api/2.0.13/slf4j-api-2.0.13.jar:/home/mustardpenguin/.m2/repository/org/keycloak/keycloak-admin-client/26.0.0/keycloak-admin-client-26.0.0.jar:/home/mustardpenguin/.m2/repository/org/keycloak/keycloak-client-common-synced/26.0.0/keycloak-client-common-synced-26.0.0.jar:/home/mustardpenguin/.m2/repository/org/jboss/logging/jboss-logging/3.5.3.Final/jboss-logging-3.5.3.Final.jar:/home/mustardpenguin/.m2/repository/org/jboss/logging/commons-logging-jboss-logging/1.0.0.Final/commons-logging-jboss-logging-1.0.0.Final.jar:/home/mustardpenguin/.m2/repository/org/apache/httpcomponents/httpclient/4.5.14/httpclient-4.5.14.jar:/home/mustardpenguin/.m2/repository/org/apache/httpcomponents/httpcore/4.4.16/httpcore-4.4.16.jar:/home/mustardpenguin/.m2/repository/com/fasterxml/jackson/core/jackson-core/2.15.4/jackson-core-2.15.4.jar:/home/mustardpenguin/.m2/repository/com/fasterxml/jackson/core/jackson-annotations/2.15.4/jackson-annotations-2.15.4.jar:/home/mustardpenguin/.m2/repository/com/fasterxml/jackson/datatype/jackson-datatype-jdk8/2.15.4/jackson-datatype-jdk8-2.15.4.jar:/home/mustardpenguin/.m2/repository/org/eclipse/microprofile/openapi/microprofile-openapi-api/3.1.1/microprofile-openapi-api-3.1.1.jar:/home/mustardpenguin/.m2/repository/org/jboss/resteasy/resteasy-client/6.2.9.Final/resteasy-client-6.2.9.Final.jar:/home/mustardpenguin/.m2/repository/org/jboss/resteasy/resteasy-client-api/6.2.9.Final/resteasy-client-api-6.2.9.Final.jar:/home/mustardpenguin/.m2/repository/org/jboss/resteasy/resteasy-core-spi/6.2.9.Final/resteasy-core-spi-6.2.9.Final.jar:/home/mustardpenguin/.m2/repository/org/jboss/resteasy/resteasy-core/6.2.9.Final/resteasy-core-6.2.9.Final.jar:/home/mustardpenguin/.m2/repository/org/jboss/jandex/2.4.5.Final/jandex-2.4.5.Final.jar:/home/mustardpenguin/.m2/repository/org/eclipse/angus/angus-activation/2.0.2/angus-activation-2.0.2.jar:/home/mustardpenguin/.m2/repository/com/ibm/async/asyncutil/0.1.0/asyncutil-0.1.0.jar:/home/mustardpenguin/.m2/repository/commons-codec/commons-codec/1.16.1/commons-codec-1.16.1.jar:/home/mustardpenguin/.m2/repository/jakarta/ws/rs/jakarta.ws.rs-api/3.1.0/jakarta.ws.rs-api-3.1.0.jar:/home/mustardpenguin/.m2/repository/org/jboss/resteasy/resteasy-multipart-provider/6.2.9.Final/resteasy-multipart-provider-6.2.9.Final.jar:/home/mustardpenguin/.m2/repository/jakarta/mail/jakarta.mail-api/2.1.3/jakarta.mail-api-2.1.3.jar:/home/mustardpenguin/.m2/repository/org/eclipse/angus/angus-mail/2.0.3/angus-mail-2.0.3.jar:/home/mustardpenguin/.m2/repository/org/apache/james/apache-mime4j-dom/0.8.11/apache-mime4j-dom-0.8.11.jar:/home/mustardpenguin/.m2/repository/org/apache/james/apache-mime4j-core/0.8.11/apache-mime4j-core-0.8.11.jar:/home/mustardpenguin/.m2/repository/org/apache/james/apache-mime4j-storage/0.8.11/apache-mime4j-storage-0.8.11.jar:/home/mustardpenguin/.m2/repository/commons-io/commons-io/2.11.0/commons-io-2.11.0.jar:/home/mustardpenguin/.m2/repository/org/jboss/resteasy/resteasy-jackson2-provider/6.2.9.Final/resteasy-jackson2-provider-6.2.9.Final.jar:/home/mustardpenguin/.m2/repository/com/fasterxml/jackson/jakarta/rs/jackson-jakarta-rs-base/2.15.4/jackson-jakarta-rs-base-2.15.4.jar:/home/mustardpenguin/.m2/repository/com/fasterxml/jackson/jakarta/rs/jackson-jakarta-rs-json-provider/2.15.4/jackson-jakarta-rs-json-provider-2.15.4.jar:/home/mustardpenguin/.m2/repository/com/fasterxml/jackson/module/jackson-module-jakarta-xmlbind-annotations/2.15.4/jackson-module-jakarta-xmlbind-annotations-2.15.4.jar:/home/mustardpenguin/.m2/repository/com/github/java-json-tools/json-patch/1.13/json-patch-1.13.jar:/home/mustardpenguin/.m2/repository/com/github/java-json-tools/msg-simple/1.2/msg-simple-1.2.jar:/home/mustardpenguin/.m2/repository/com/github/java-json-tools/btf/1.3/btf-1.3.jar:/home/mustardpenguin/.m2/repository/com/github/java-json-tools/jackson-coreutils/2.0/jackson-coreutils-2.0.jar:/home/mustardpenguin/.m2/repository/org/jboss/resteasy/resteasy-jaxb-provider/6.2.9.Final/resteasy-jaxb-provider-6.2.9.Final.jar:/home/mustardpenguin/.m2/repository/org/glassfish/jaxb/codemodel/4.0.5/codemodel-4.0.5.jar:/home/mustardpenguin/.m2/repository/org/glassfish/jaxb/jaxb-core/4.0.5/jaxb-core-4.0.5.jar:/home/mustardpenguin/.m2/repository/org/glassfish/jaxb/jaxb-jxc/4.0.5/jaxb-jxc-4.0.5.jar:/home/mustardpenguin/.m2/repository/org/glassfish/jaxb/jaxb-runtime/4.0.5/jaxb-runtime-4.0.5.jar:/home/mustardpenguin/.m2/repository/org/glassfish/jaxb/txw2/4.0.5/txw2-4.0.5.jar:/home/mustardpenguin/.m2/repository/org/glassfish/jaxb/jaxb-xjc/4.0.5/jaxb-xjc-4.0.5.jar:/home/mustardpenguin/.m2/repository/org/glassfish/jaxb/xsom/4.0.5/xsom-4.0.5.jar:/home/mustardpenguin/.m2/repository/com/sun/istack/istack-commons-runtime/4.1.2/istack-commons-runtime-4.1.2.jar:/home/mustardpenguin/.m2/repository/com/sun/istack/istack-commons-tools/4.1.2/istack-commons-tools-4.1.2.jar:/home/mustardpenguin/.m2/repository/com/sun/xml/bind/external/relaxng-datatype/4.0.3/relaxng-datatype-4.0.3.jar:/home/mustardpenguin/.m2/repository/com/sun/xml/bind/external/rngom/4.0.3/rngom-4.0.3.jar:/home/mustardpenguin/.m2/repository/com/redis/testcontainers-redis/2.2.2/testcontainers-redis-2.2.2.jar:/home/mustardpenguin/.m2/repository/com/redis/testcontainers-redis-common/2.2.2/testcontainers-redis-common-2.2.2.jar:/home/mustardpenguin/.m2/repository/org/projectlombok/lombok/1.18.30/lombok-1.18.30.jar:"/>
    <property name="java.vm.vendor" value="Oracle Corporation"/>
    <property name="sun.arch.data.model" value="64"/>
    <property name="java.vendor.url" value="https://java.oracle.com/"/>
    <property name="user.timezone" value="America/New_York"/>
    <property name="org.jboss.logging.provider" value="slf4j"/>
    <property name="os.name" value="Linux"/>
    <property name="java.vm.specification.version" value="17"/>
    <property name="sun.java.launcher" value="SUN_STANDARD"/>
    <property name="user.country" value="US"/>
    <property name="sun.boot.library.path" value="/usr/lib/jvm/jdk-17-oracle-x64/lib"/>
    <property name="sun.java.command" value="/home/mustardpenguin/repos/food-delivery-app/food-delivery-app-backend/java/api-gateway/target/surefire/surefirebooter-20241106183249119_3.jar /home/mustardpenguin/repos/food-delivery-app/food-delivery-app-backend/java/api-gateway/target/surefire 2024-11-06T18-32-48_789-jvmRun1 surefire-20241106183249119_1tmp surefire_0-20241106183249119_2tmp"/>
    <property name="jdk.debug" value="release"/>
    <property name="surefire.test.class.path" value="/home/mustardpenguin/repos/food-delivery-app/food-delivery-app-backend/java/api-gateway/target/test-classes:/home/mustardpenguin/repos/food-delivery-app/food-delivery-app-backend/java/api-gateway/target/classes:/home/mustardpenguin/.m2/repository/org/springframework/cloud/spring-cloud-starter-gateway/4.1.5/spring-cloud-starter-gateway-4.1.5.jar:/home/mustardpenguin/.m2/repository/org/springframework/cloud/spring-cloud-starter/4.1.4/spring-cloud-starter-4.1.4.jar:/home/mustardpenguin/.m2/repository/org/springframework/cloud/spring-cloud-context/4.1.4/spring-cloud-context-4.1.4.jar:/home/mustardpenguin/.m2/repository/org/springframework/cloud/spring-cloud-commons/4.1.4/spring-cloud-commons-4.1.4.jar:/home/mustardpenguin/.m2/repository/org/springframework/security/spring-security-rsa/1.1.3/spring-security-rsa-1.1.3.jar:/home/mustardpenguin/.m2/repository/org/bouncycastle/bcprov-jdk18on/1.78/bcprov-jdk18on-1.78.jar:/home/mustardpenguin/.m2/repository/org/springframework/cloud/spring-cloud-gateway-server/4.1.5/spring-cloud-gateway-server-4.1.5.jar:/home/mustardpenguin/.m2/repository/org/springframework/boot/spring-boot-starter-validation/3.2.5/spring-boot-starter-validation-3.2.5.jar:/home/mustardpenguin/.m2/repository/org/apache/tomcat/embed/tomcat-embed-el/10.1.20/tomcat-embed-el-10.1.20.jar:/home/mustardpenguin/.m2/repository/org/hibernate/validator/hibernate-validator/8.0.1.Final/hibernate-validator-8.0.1.Final.jar:/home/mustardpenguin/.m2/repository/jakarta/validation/jakarta.validation-api/3.0.2/jakarta.validation-api-3.0.2.jar:/home/mustardpenguin/.m2/repository/com/fasterxml/classmate/1.6.0/classmate-1.6.0.jar:/home/mustardpenguin/.m2/repository/io/projectreactor/addons/reactor-extra/3.5.1/reactor-extra-3.5.1.jar:/home/mustardpenguin/.m2/repository/org/springframework/boot/spring-boot-starter-webflux/3.2.5/spring-boot-starter-webflux-3.2.5.jar:/home/mustardpenguin/.m2/repository/org/springframework/boot/spring-boot-starter-json/3.2.5/spring-boot-starter-json-3.2.5.jar:/home/mustardpenguin/.m2/repository/com/fasterxml/jackson/module/jackson-module-parameter-names/2.15.4/jackson-module-parameter-names-2.15.4.jar:/home/mustardpenguin/.m2/repository/org/springframework/boot/spring-boot-starter-reactor-netty/3.2.5/spring-boot-starter-reactor-netty-3.2.5.jar:/home/mustardpenguin/.m2/repository/io/projectreactor/netty/reactor-netty-http/1.1.18/reactor-netty-http-1.1.18.jar:/home/mustardpenguin/.m2/repository/io/netty/netty-codec-http/4.1.109.Final/netty-codec-http-4.1.109.Final.jar:/home/mustardpenguin/.m2/repository/io/netty/netty-codec-http2/4.1.109.Final/netty-codec-http2-4.1.109.Final.jar:/home/mustardpenguin/.m2/repository/io/netty/netty-resolver-dns/4.1.109.Final/netty-resolver-dns-4.1.109.Final.jar:/home/mustardpenguin/.m2/repository/io/netty/netty-codec-dns/4.1.109.Final/netty-codec-dns-4.1.109.Final.jar:/home/mustardpenguin/.m2/repository/io/netty/netty-resolver-dns-native-macos/4.1.109.Final/netty-resolver-dns-native-macos-4.1.109.Final-osx-x86_64.jar:/home/mustardpenguin/.m2/repository/io/netty/netty-resolver-dns-classes-macos/4.1.109.Final/netty-resolver-dns-classes-macos-4.1.109.Final.jar:/home/mustardpenguin/.m2/repository/io/netty/netty-transport-native-epoll/4.1.109.Final/netty-transport-native-epoll-4.1.109.Final-linux-x86_64.jar:/home/mustardpenguin/.m2/repository/io/netty/netty-transport-classes-epoll/4.1.109.Final/netty-transport-classes-epoll-4.1.109.Final.jar:/home/mustardpenguin/.m2/repository/io/projectreactor/netty/reactor-netty-core/1.1.18/reactor-netty-core-1.1.18.jar:/home/mustardpenguin/.m2/repository/io/netty/netty-handler-proxy/4.1.109.Final/netty-handler-proxy-4.1.109.Final.jar:/home/mustardpenguin/.m2/repository/io/netty/netty-codec-socks/4.1.109.Final/netty-codec-socks-4.1.109.Final.jar:/home/mustardpenguin/.m2/repository/org/springframework/spring-web/6.1.6/spring-web-6.1.6.jar:/home/mustardpenguin/.m2/repository/org/springframework/spring-webflux/6.1.6/spring-webflux-6.1.6.jar:/home/mustardpenguin/.m2/repository/org/springframework/cloud/spring-cloud-starter-circuitbreaker-reactor-resilience4j/3.1.1/spring-cloud-starter-circuitbreaker-reactor-resilience4j-3.1.1.jar:/home/mustardpenguin/.m2/repository/org/springframework/cloud/spring-cloud-circuitbreaker-resilience4j/3.1.2/spring-cloud-circuitbreaker-resilience4j-3.1.2.jar:/home/mustardpenguin/.m2/repository/io/github/resilience4j/resilience4j-spring-boot3/2.1.0/resilience4j-spring-boot3-2.1.0.jar:/home/mustardpenguin/.m2/repository/io/github/resilience4j/resilience4j-spring6/2.1.0/resilience4j-spring6-2.1.0.jar:/home/mustardpenguin/.m2/repository/io/github/resilience4j/resilience4j-annotations/2.1.0/resilience4j-annotations-2.1.0.jar:/home/mustardpenguin/.m2/repository/io/github/resilience4j/resilience4j-consumer/2.1.0/resilience4j-consumer-2.1.0.jar:/home/mustardpenguin/.m2/repository/io/github/resilience4j/resilience4j-circularbuffer/2.1.0/resilience4j-circularbuffer-2.1.0.jar:/home/mustardpenguin/.m2/repository/io/github/resilience4j/resilience4j-framework-common/2.1.0/resilience4j-framework-common-2.1.0.jar:/home/mustardpenguin/.m2/repository/io/github/resilience4j/resilience4j-micrometer/2.1.0/resilience4j-micrometer-2.1.0.jar:/home/mustardpenguin/.m2/repository/org/springframework/boot/spring-boot-configuration-processor/3.2.5/spring-boot-configuration-processor-3.2.5.jar:/home/mustardpenguin/.m2/repository/io/github/resilience4j/resilience4j-circuitbreaker/2.1.0/resilience4j-circuitbreaker-2.1.0.jar:/home/mustardpenguin/.m2/repository/io/github/resilience4j/resilience4j-core/2.1.0/resilience4j-core-2.1.0.jar:/home/mustardpenguin/.m2/repository/io/github/resilience4j/resilience4j-timelimiter/2.1.0/resilience4j-timelimiter-2.1.0.jar:/home/mustardpenguin/.m2/repository/io/github/resilience4j/resilience4j-reactor/2.1.0/resilience4j-reactor-2.1.0.jar:/home/mustardpenguin/.m2/repository/io/github/resilience4j/resilience4j-ratelimiter/2.1.0/resilience4j-ratelimiter-2.1.0.jar:/home/mustardpenguin/.m2/repository/io/github/resilience4j/resilience4j-bulkhead/2.1.0/resilience4j-bulkhead-2.1.0.jar:/home/mustardpenguin/.m2/repository/io/github/resilience4j/resilience4j-retry/2.1.0/resilience4j-retry-2.1.0.jar:/home/mustardpenguin/.m2/repository/org/springframework/boot/spring-boot-starter-data-redis-reactive/3.2.5/spring-boot-starter-data-redis-reactive-3.2.5.jar:/home/mustardpenguin/.m2/repository/org/springframework/boot/spring-boot-starter/3.2.5/spring-boot-starter-3.2.5.jar:/home/mustardpenguin/.m2/repository/org/springframework/boot/spring-boot/3.2.5/spring-boot-3.2.5.jar:/home/mustardpenguin/.m2/repository/org/springframework/boot/spring-boot-autoconfigure/3.2.5/spring-boot-autoconfigure-3.2.5.jar:/home/mustardpenguin/.m2/repository/org/springframework/boot/spring-boot-starter-logging/3.2.5/spring-boot-starter-logging-3.2.5.jar:/home/mustardpenguin/.m2/repository/ch/qos/logback/logback-classic/1.4.14/logback-classic-1.4.14.jar:/home/mustardpenguin/.m2/repository/ch/qos/logback/logback-core/1.4.14/logback-core-1.4.14.jar:/home/mustardpenguin/.m2/repository/org/apache/logging/log4j/log4j-to-slf4j/2.21.1/log4j-to-slf4j-2.21.1.jar:/home/mustardpenguin/.m2/repository/org/apache/logging/log4j/log4j-api/2.21.1/log4j-api-2.21.1.jar:/home/mustardpenguin/.m2/repository/org/slf4j/jul-to-slf4j/2.0.13/jul-to-slf4j-2.0.13.jar:/home/mustardpenguin/.m2/repository/jakarta/annotation/jakarta.annotation-api/2.1.1/jakarta.annotation-api-2.1.1.jar:/home/mustardpenguin/.m2/repository/org/yaml/snakeyaml/2.2/snakeyaml-2.2.jar:/home/mustardpenguin/.m2/repository/io/lettuce/lettuce-core/6.3.2.RELEASE/lettuce-core-6.3.2.RELEASE.jar:/home/mustardpenguin/.m2/repository/io/netty/netty-common/4.1.109.Final/netty-common-4.1.109.Final.jar:/home/mustardpenguin/.m2/repository/io/netty/netty-handler/4.1.109.Final/netty-handler-4.1.109.Final.jar:/home/mustardpenguin/.m2/repository/io/netty/netty-resolver/4.1.109.Final/netty-resolver-4.1.109.Final.jar:/home/mustardpenguin/.m2/repository/io/netty/netty-buffer/4.1.109.Final/netty-buffer-4.1.109.Final.jar:/home/mustardpenguin/.m2/repository/io/netty/netty-transport-native-unix-common/4.1.109.Final/netty-transport-native-unix-common-4.1.109.Final.jar:/home/mustardpenguin/.m2/repository/io/netty/netty-codec/4.1.109.Final/netty-codec-4.1.109.Final.jar:/home/mustardpenguin/.m2/repository/io/netty/netty-transport/4.1.109.Final/netty-transport-4.1.109.Final.jar:/home/mustardpenguin/.m2/repository/io/projectreactor/reactor-core/3.6.5/reactor-core-3.6.5.jar:/home/mustardpenguin/.m2/repository/org/reactivestreams/reactive-streams/1.0.4/reactive-streams-1.0.4.jar:/home/mustardpenguin/.m2/repository/org/springframework/data/spring-data-redis/3.2.5/spring-data-redis-3.2.5.jar:/home/mustardpenguin/.m2/repository/org/springframework/data/spring-data-keyvalue/3.2.5/spring-data-keyvalue-3.2.5.jar:/home/mustardpenguin/.m2/repository/org/springframework/data/spring-data-commons/3.2.5/spring-data-commons-3.2.5.jar:/home/mustardpenguin/.m2/repository/org/springframework/spring-tx/6.1.6/spring-tx-6.1.6.jar:/home/mustardpenguin/.m2/repository/org/springframework/spring-oxm/6.1.6/spring-oxm-6.1.6.jar:/home/mustardpenguin/.m2/repository/org/springframework/spring-aop/6.1.6/spring-aop-6.1.6.jar:/home/mustardpenguin/.m2/repository/org/springframework/spring-context-support/6.1.6/spring-context-support-6.1.6.jar:/home/mustardpenguin/.m2/repository/org/springframework/boot/spring-boot-starter-actuator/3.2.5/spring-boot-starter-actuator-3.2.5.jar:/home/mustardpenguin/.m2/repository/org/springframework/boot/spring-boot-actuator-autoconfigure/3.2.5/spring-boot-actuator-autoconfigure-3.2.5.jar:/home/mustardpenguin/.m2/repository/org/springframework/boot/spring-boot-actuator/3.2.5/spring-boot-actuator-3.2.5.jar:/home/mustardpenguin/.m2/repository/com/fasterxml/jackson/core/jackson-databind/2.15.4/jackson-databind-2.15.4.jar:/home/mustardpenguin/.m2/repository/com/fasterxml/jackson/datatype/jackson-datatype-jsr310/2.15.4/jackson-datatype-jsr310-2.15.4.jar:/home/mustardpenguin/.m2/repository/io/micrometer/micrometer-observation/1.12.5/micrometer-observation-1.12.5.jar:/home/mustardpenguin/.m2/repository/io/micrometer/micrometer-commons/1.12.5/micrometer-commons-1.12.5.jar:/home/mustardpenguin/.m2/repository/io/micrometer/micrometer-jakarta9/1.12.5/micrometer-jakarta9-1.12.5.jar:/home/mustardpenguin/.m2/repository/io/micrometer/micrometer-registry-prometheus/1.12.5/micrometer-registry-prometheus-1.12.5.jar:/home/mustardpenguin/.m2/repository/io/micrometer/micrometer-core/1.12.5/micrometer-core-1.12.5.jar:/home/mustardpenguin/.m2/repository/org/hdrhistogram/HdrHistogram/2.1.12/HdrHistogram-2.1.12.jar:/home/mustardpenguin/.m2/repository/org/latencyutils/LatencyUtils/2.0.3/LatencyUtils-2.0.3.jar:/home/mustardpenguin/.m2/repository/io/prometheus/simpleclient_common/0.16.0/simpleclient_common-0.16.0.jar:/home/mustardpenguin/.m2/repository/io/prometheus/simpleclient/0.16.0/simpleclient-0.16.0.jar:/home/mustardpenguin/.m2/repository/io/prometheus/simpleclient_tracer_otel/0.16.0/simpleclient_tracer_otel-0.16.0.jar:/home/mustardpenguin/.m2/repository/io/prometheus/simpleclient_tracer_common/0.16.0/simpleclient_tracer_common-0.16.0.jar:/home/mustardpenguin/.m2/repository/io/prometheus/simpleclient_tracer_otel_agent/0.16.0/simpleclient_tracer_otel_agent-0.16.0.jar:/home/mustardpenguin/.m2/repository/org/springframework/boot/spring-boot-starter-oauth2-client/3.2.5/spring-boot-starter-oauth2-client-3.2.5.jar:/home/mustardpenguin/.m2/repository/org/springframework/security/spring-security-config/6.2.4/spring-security-config-6.2.4.jar:/home/mustardpenguin/.m2/repository/org/springframework/spring-beans/6.1.6/spring-beans-6.1.6.jar:/home/mustardpenguin/.m2/repository/org/springframework/spring-context/6.1.6/spring-context-6.1.6.jar:/home/mustardpenguin/.m2/repository/org/springframework/security/spring-security-core/6.2.4/spring-security-core-6.2.4.jar:/home/mustardpenguin/.m2/repository/org/springframework/security/spring-security-crypto/6.2.4/spring-security-crypto-6.2.4.jar:/home/mustardpenguin/.m2/repository/org/springframework/spring-expression/6.1.6/spring-expression-6.1.6.jar:/home/mustardpenguin/.m2/repository/org/springframework/security/spring-security-oauth2-client/6.2.4/spring-security-oauth2-client-6.2.4.jar:/home/mustardpenguin/.m2/repository/com/nimbusds/oauth2-oidc-sdk/9.43.3/oauth2-oidc-sdk-9.43.3.jar:/home/mustardpenguin/.m2/repository/com/nimbusds/content-type/2.2/content-type-2.2.jar:/home/mustardpenguin/.m2/repository/com/nimbusds/lang-tag/1.7/lang-tag-1.7.jar:/home/mustardpenguin/.m2/repository/org/springframework/security/spring-security-oauth2-resource-server/6.2.4/spring-security-oauth2-resource-server-6.2.4.jar:/home/mustardpenguin/.m2/repository/org/springframework/security/spring-security-oauth2-core/6.2.4/spring-security-oauth2-core-6.2.4.jar:/home/mustardpenguin/.m2/repository/org/springframework/security/spring-security-web/6.2.4/spring-security-web-6.2.4.jar:/home/mustardpenguin/.m2/repository/org/springframework/spring-core/6.1.6/spring-core-6.1.6.jar:/home/mustardpenguin/.m2/repository/org/springframework/spring-jcl/6.1.6/spring-jcl-6.1.6.jar:/home/mustardpenguin/.m2/repository/org/springframework/security/spring-security-oauth2-jose/6.2.4/spring-security-oauth2-jose-6.2.4.jar:/home/mustardpenguin/.m2/repository/com/nimbusds/nimbus-jose-jwt/9.24.4/nimbus-jose-jwt-9.24.4.jar:/home/mustardpenguin/.m2/repository/com/github/stephenc/jcip/jcip-annotations/1.0-1/jcip-annotations-1.0-1.jar:/home/mustardpenguin/.m2/repository/org/springframework/boot/spring-boot-starter-test/3.2.5/spring-boot-starter-test-3.2.5.jar:/home/mustardpenguin/.m2/repository/org/springframework/boot/spring-boot-test/3.2.5/spring-boot-test-3.2.5.jar:/home/mustardpenguin/.m2/repository/org/springframework/boot/spring-boot-test-autoconfigure/3.2.5/spring-boot-test-autoconfigure-3.2.5.jar:/home/mustardpenguin/.m2/repository/com/jayway/jsonpath/json-path/2.9.0/json-path-2.9.0.jar:/home/mustardpenguin/.m2/repository/jakarta/xml/bind/jakarta.xml.bind-api/4.0.2/jakarta.xml.bind-api-4.0.2.jar:/home/mustardpenguin/.m2/repository/jakarta/activation/jakarta.activation-api/2.1.3/jakarta.activation-api-2.1.3.jar:/home/mustardpenguin/.m2/repository/net/minidev/json-smart/2.5.1/json-smart-2.5.1.jar:/home/mustardpenguin/.m2/repository/net/minidev/accessors-smart/2.5.1/accessors-smart-2.5.1.jar:/home/mustardpenguin/.m2/repository/org/ow2/asm/asm/9.6/asm-9.6.jar:/home/mustardpenguin/.m2/repository/org/assertj/assertj-core/3.24.2/assertj-core-3.24.2.jar:/home/mustardpenguin/.m2/repository/net/bytebuddy/byte-buddy/1.14.13/byte-buddy-1.14.13.jar:/home/mustardpenguin/.m2/repository/org/awaitility/awaitility/4.2.1/awaitility-4.2.1.jar:/home/mustardpenguin/.m2/repository/org/hamcrest/hamcrest/2.2/hamcrest-2.2.jar:/home/mustardpenguin/.m2/repository/org/junit/jupiter/junit-jupiter/5.10.2/junit-jupiter-5.10.2.jar:/home/mustardpenguin/.m2/repository/org/junit/jupiter/junit-jupiter-api/5.10.2/junit-jupiter-api-5.10.2.jar:/home/mustardpenguin/.m2/repository/org/opentest4j/opentest4j/1.3.0/opentest4j-1.3.0.jar:/home/mustardpenguin/.m2/repository/org/junit/platform/junit-platform-commons/1.10.2/junit-platform-commons-1.10.2.jar:/home/mustardpenguin/.m2/repository/org/apiguardian/apiguardian-api/1.1.2/apiguardian-api-1.1.2.jar:/home/mustardpenguin/.m2/repository/org/junit/jupiter/junit-jupiter-params/5.10.2/junit-jupiter-params-5.10.2.jar:/home/mustardpenguin/.m2/repository/org/junit/jupiter/junit-jupiter-engine/5.10.2/junit-jupiter-engine-5.10.2.jar:/home/mustardpenguin/.m2/repository/org/junit/platform/junit-platform-engine/1.10.2/junit-platform-engine-1.10.2.jar:/home/mustardpenguin/.m2/repository/org/mockito/mockito-core/5.7.0/mockito-core-5.7.0.jar:/home/mustardpenguin/.m2/repository/net/bytebuddy/byte-buddy-agent/1.14.13/byte-buddy-agent-1.14.13.jar:/home/mustardpenguin/.m2/repository/org/objenesis/objenesis/3.3/objenesis-3.3.jar:/home/mustardpenguin/.m2/repository/org/mockito/mockito-junit-jupiter/5.7.0/mockito-junit-jupiter-5.7.0.jar:/home/mustardpenguin/.m2/repository/org/skyscreamer/jsonassert/1.5.1/jsonassert-1.5.1.jar:/home/mustardpenguin/.m2/repository/com/vaadin/external/google/android-json/0.0.20131108.vaadin1/android-json-0.0.20131108.vaadin1.jar:/home/mustardpenguin/.m2/repository/org/springframework/spring-test/6.1.6/spring-test-6.1.6.jar:/home/mustardpenguin/.m2/repository/org/xmlunit/xmlunit-core/2.9.1/xmlunit-core-2.9.1.jar:/home/mustardpenguin/.m2/repository/org/testcontainers/junit-jupiter/1.20.0/junit-jupiter-1.20.0.jar:/home/mustardpenguin/.m2/repository/org/testcontainers/testcontainers/1.20.0/testcontainers-1.20.0.jar:/home/mustardpenguin/.m2/repository/junit/junit/4.13.2/junit-4.13.2.jar:/home/mustardpenguin/.m2/repository/org/hamcrest/hamcrest-core/2.2/hamcrest-core-2.2.jar:/home/mustardpenguin/.m2/repository/org/apache/commons/commons-compress/1.24.0/commons-compress-1.24.0.jar:/home/mustardpenguin/.m2/repository/org/rnorth/duct-tape/duct-tape/1.0.8/duct-tape-1.0.8.jar:/home/mustardpenguin/.m2/repository/org/jetbrains/annotations/17.0.0/annotations-17.0.0.jar:/home/mustardpenguin/.m2/repository/com/github/docker-java/docker-java-api/3.4.0/docker-java-api-3.4.0.jar:/home/mustardpenguin/.m2/repository/com/github/docker-java/docker-java-transport-zerodep/3.4.0/docker-java-transport-zerodep-3.4.0.jar:/home/mustardpenguin/.m2/repository/com/github/docker-java/docker-java-transport/3.4.0/docker-java-transport-3.4.0.jar:/home/mustardpenguin/.m2/repository/net/java/dev/jna/jna/5.13.0/jna-5.13.0.jar:/home/mustardpenguin/.m2/repository/com/github/dasniko/testcontainers-keycloak/3.5.0/testcontainers-keycloak-3.5.0.jar:/home/mustardpenguin/.m2/repository/io/quarkus/quarkus-junit4-mock/3.15.1/quarkus-junit4-mock-3.15.1.jar:/home/mustardpenguin/.m2/repository/org/jboss/shrinkwrap/shrinkwrap-api/2.0.0-beta-2/shrinkwrap-api-2.0.0-beta-2.jar:/home/mustardpenguin/.m2/repository/org/jboss/shrinkwrap/shrinkwrap-impl-base/2.0.0-beta-2/shrinkwrap-impl-base-2.0.0-beta-2.jar:/home/mustardpenguin/.m2/repository/org/jboss/shrinkwrap/shrinkwrap-spi/2.0.0-beta-2/shrinkwrap-spi-2.0.0-beta-2.jar:/home/mustardpenguin/.m2/repository/com/sun/activation/javax.activation/1.2.0/javax.activation-1.2.0.jar:/home/mustardpenguin/.m2/repository/org/slf4j/slf4j-api/2.0.13/slf4j-api-2.0.13.jar:/home/mustardpenguin/.m2/repository/org/keycloak/keycloak-admin-client/26.0.0/keycloak-admin-client-26.0.0.jar:/home/mustardpenguin/.m2/repository/org/keycloak/keycloak-client-common-synced/26.0.0/keycloak-client-common-synced-26.0.0.jar:/home/mustardpenguin/.m2/repository/org/jboss/logging/jboss-logging/3.5.3.Final/jboss-logging-3.5.3.Final.jar:/home/mustardpenguin/.m2/repository/org/jboss/logging/commons-logging-jboss-logging/1.0.0.Final/commons-logging-jboss-logging-1.0.0.Final.jar:/home/mustardpenguin/.m2/repository/org/apache/httpcomponents/httpclient/4.5.14/httpclient-4.5.14.jar:/home/mustardpenguin/.m2/repository/org/apache/httpcomponents/httpcore/4.4.16/httpcore-4.4.16.jar:/home/mustardpenguin/.m2/repository/com/fasterxml/jackson/core/jackson-core/2.15.4/jackson-core-2.15.4.jar:/home/mustardpenguin/.m2/repository/com/fasterxml/jackson/core/jackson-annotations/2.15.4/jackson-annotations-2.15.4.jar:/home/mustardpenguin/.m2/repository/com/fasterxml/jackson/datatype/jackson-datatype-jdk8/2.15.4/jackson-datatype-jdk8-2.15.4.jar:/home/mustardpenguin/.m2/repository/org/eclipse/microprofile/openapi/microprofile-openapi-api/3.1.1/microprofile-openapi-api-3.1.1.jar:/home/mustardpenguin/.m2/repository/org/jboss/resteasy/resteasy-client/6.2.9.Final/resteasy-client-6.2.9.Final.jar:/home/mustardpenguin/.m2/repository/org/jboss/resteasy/resteasy-client-api/6.2.9.Final/resteasy-client-api-6.2.9.Final.jar:/home/mustardpenguin/.m2/repository/org/jboss/resteasy/resteasy-core-spi/6.2.9.Final/resteasy-core-spi-6.2.9.Final.jar:/home/mustardpenguin/.m2/repository/org/jboss/resteasy/resteasy-core/6.2.9.Final/resteasy-core-6.2.9.Final.jar:/home/mustardpenguin/.m2/repository/org/jboss/jandex/2.4.5.Final/jandex-2.4.5.Final.jar:/home/mustardpenguin/.m2/repository/org/eclipse/angus/angus-activation/2.0.2/angus-activation-2.0.2.jar:/home/mustardpenguin/.m2/repository/com/ibm/async/asyncutil/0.1.0/asyncutil-0.1.0.jar:/home/mustardpenguin/.m2/repository/commons-codec/commons-codec/1.16.1/commons-codec-1.16.1.jar:/home/mustardpenguin/.m2/repository/jakarta/ws/rs/jakarta.ws.rs-api/3.1.0/jakarta.ws.rs-api-3.1.0.jar:/home/mustardpenguin/.m2/repository/org/jboss/resteasy/resteasy-multipart-provider/6.2.9.Final/resteasy-multipart-provider-6.2.9.Final.jar:/home/mustardpenguin/.m2/repository/jakarta/mail/jakarta.mail-api/2.1.3/jakarta.mail-api-2.1.3.jar:/home/mustardpenguin/.m2/repository/org/eclipse/angus/angus-mail/2.0.3/angus-mail-2.0.3.jar:/home/mustardpenguin/.m2/repository/org/apache/james/apache-mime4j-dom/0.8.11/apache-mime4j-dom-0.8.11.jar:/home/mustardpenguin/.m2/repository/org/apache/james/apache-mime4j-core/0.8.11/apache-mime4j-core-0.8.11.jar:/home/mustardpenguin/.m2/repository/org/apache/james/apache-mime4j-storage/0.8.11/apache-mime4j-storage-0.8.11.jar:/home/mustardpenguin/.m2/repository/commons-io/commons-io/2.11.0/commons-io-2.11.0.jar:/home/mustardpenguin/.m2/repository/org/jboss/resteasy/resteasy-jackson2-provider/6.2.9.Final/resteasy-jackson2-provider-6.2.9.Final.jar:/home/mustardpenguin/.m2/repository/com/fasterxml/jackson/jakarta/rs/jackson-jakarta-rs-base/2.15.4/jackson-jakarta-rs-base-2.15.4.jar:/home/mustardpenguin/.m2/repository/com/fasterxml/jackson/jakarta/rs/jackson-jakarta-rs-json-provider/2.15.4/jackson-jakarta-rs-json-provider-2.15.4.jar:/home/mustardpenguin/.m2/repository/com/fasterxml/jackson/module/jackson-module-jakarta-xmlbind-annotations/2.15.4/jackson-module-jakarta-xmlbind-annotations-2.15.4.jar:/home/mustardpenguin/.m2/repository/com/github/java-json-tools/json-patch/1.13/json-patch-1.13.jar:/home/mustardpenguin/.m2/repository/com/github/java-json-tools/msg-simple/1.2/msg-simple-1.2.jar:/home/mustardpenguin/.m2/repository/com/github/java-json-tools/btf/1.3/btf-1.3.jar:/home/mustardpenguin/.m2/repository/com/github/java-json-tools/jackson-coreutils/2.0/jackson-coreutils-2.0.jar:/home/mustardpenguin/.m2/repository/org/jboss/resteasy/resteasy-jaxb-provider/6.2.9.Final/resteasy-jaxb-provider-6.2.9.Final.jar:/home/mustardpenguin/.m2/repository/org/glassfish/jaxb/codemodel/4.0.5/codemodel-4.0.5.jar:/home/mustardpenguin/.m2/repository/org/glassfish/jaxb/jaxb-core/4.0.5/jaxb-core-4.0.5.jar:/home/mustardpenguin/.m2/repository/org/glassfish/jaxb/jaxb-jxc/4.0.5/jaxb-jxc-4.0.5.jar:/home/mustardpenguin/.m2/repository/org/glassfish/jaxb/jaxb-runtime/4.0.5/jaxb-runtime-4.0.5.jar:/home/mustardpenguin/.m2/repository/org/glassfish/jaxb/txw2/4.0.5/txw2-4.0.5.jar:/home/mustardpenguin/.m2/repository/org/glassfish/jaxb/jaxb-xjc/4.0.5/jaxb-xjc-4.0.5.jar:/home/mustardpenguin/.m2/repository/org/glassfish/jaxb/xsom/4.0.5/xsom-4.0.5.jar:/home/mustardpenguin/.m2/repository/com/sun/istack/istack-commons-runtime/4.1.2/istack-commons-runtime-4.1.2.jar:/home/mustardpenguin/.m2/repository/com/sun/istack/istack-commons-tools/4.1.2/istack-commons-tools-4.1.2.jar:/home/mustardpenguin/.m2/repository/com/sun/xml/bind/external/relaxng-datatype/4.0.3/relaxng-datatype-4.0.3.jar:/home/mustardpenguin/.m2/repository/com/sun/xml/bind/external/rngom/4.0.3/rngom-4.0.3.jar:/home/mustardpenguin/.m2/repository/com/redis/testcontainers-redis/2.2.2/testcontainers-redis-2.2.2.jar:/home/mustardpenguin/.m2/repository/com/redis/testcontainers-redis-common/2.2.2/testcontainers-redis-common-2.2.2.jar:/home/mustardpenguin/.m2/repository/org/projectlombok/lombok/1.18.30/lombok-1.18.30.jar:"/>
    <property name="sun.cpu.endian" value="little"/>
    <property name="user.home" value="/home/mustardpenguin"/>
    <property name="user.language" value="en"/>
    <property name="java.specification.vendor" value="Oracle Corporation"/>
    <property name="java.version.date" value="2023-10-17"/>
    <property name="java.home" value="/usr/lib/jvm/jdk-17-oracle-x64"/>
    <property name="file.separator" value="/"/>
    <property name="basedir" value="/home/mustardpenguin/repos/food-delivery-app/food-delivery-app-backend/java/api-gateway"/>
    <property name="java.vm.compressedOopsMode" value="Zero based"/>
    <property name="line.separator" value="&#10;"/>
    <property name="java.specification.name" value="Java Platform API Specification"/>
    <property name="java.vm.specification.vendor" value="Oracle Corporation"/>
    <property name="FILE_LOG_CHARSET" value="UTF-8"/>
    <property name="java.awt.headless" value="true"/>
    <property name="surefire.real.class.path" value="/home/mustardpenguin/repos/food-delivery-app/food-delivery-app-backend/java/api-gateway/target/surefire/surefirebooter-20241106183249119_3.jar"/>
    <property name="sun.management.compiler" value="HotSpot 64-Bit Tiered Compilers"/>
    <property name="java.runtime.version" value="17.0.9+11-LTS-201"/>
    <property name="user.name" value="mustardpenguin"/>
    <property name="path.separator" value=":"/>
    <property name="os.version" value="5.15.0-124-generic"/>
    <property name="java.runtime.name" value="Java(TM) SE Runtime Environment"/>
    <property name="file.encoding" value="UTF-8"/>
    <property name="java.vm.name" value="Java HotSpot(TM) 64-Bit Server VM"/>
    <property name="localRepository" value="/home/mustardpenguin/.m2/repository"/>
    <property name="java.vendor.url.bug" value="https://bugreport.java.com/bugreport/"/>
    <property name="java.io.tmpdir" value="/tmp"/>
    <property name="java.version" value="17.0.9"/>
    <property name="user.dir" value="/home/mustardpenguin/repos/food-delivery-app/food-delivery-app-backend/java/api-gateway"/>
    <property name="os.arch" value="amd64"/>
    <property name="java.vm.specification.name" value="Java Virtual Machine Specification"/>
    <property name="PID" value="85739"/>
    <property name="CONSOLE_LOG_CHARSET" value="UTF-8"/>
    <property name="native.encoding" value="UTF-8"/>
    <property name="java.library.path" value="/usr/java/packages/lib:/usr/lib64:/lib64:/lib:/usr/lib"/>
    <property name="java.vm.info" value="mixed mode, sharing"/>
    <property name="java.vendor" value="Oracle Corporation"/>
    <property name="java.vm.version" value="17.0.9+11-LTS-201"/>
    <property name="sun.io.unicode.encoding" value="UnicodeLittle"/>
    <property name="java.class.version" value="61.0"/>
    <property name="LOGGED_APPLICATION_NAME" value="[food-delivery-app-api-gateway] "/>
  </properties>
  <testcase name="testRedirect" classname="com.food.delivery.app.api.gateway.tests.ApiGatewayTest" time="1.504">
    <system-out><![CDATA[18:32:51.480 [main] INFO org.springframework.test.context.support.AnnotationConfigContextLoaderUtils -- Could not detect default configuration classes for test class [com.food.delivery.app.api.gateway.tests.ApiGatewayTest]: ApiGatewayTest does not declare any static, non-private, non-final, nested classes annotated with @Configuration.
18:32:51.954 [main] INFO org.springframework.boot.test.context.SpringBootTestContextBootstrapper -- Found @SpringBootConfiguration com.food.delivery.app.api.gateway.ApiGatewayApplication for test class com.food.delivery.app.api.gateway.tests.ApiGatewayTest
18:32:52.291 [main] INFO org.testcontainers.images.PullPolicy -- Image pull policy will be performed by: DefaultPullPolicy()
18:32:52.295 [main] INFO org.testcontainers.utility.ImageNameSubstitutor -- Image name substitution will be performed by: DefaultImageNameSubstitutor (composite of 'ConfigurationFileImageNameSubstitutor' and 'PrefixingImageNameSubstitutor')
18:32:52.392 [main] INFO org.testcontainers.DockerClientFactory -- Testcontainers version: 1.20.0
18:32:52.949 [main] INFO org.testcontainers.dockerclient.DockerClientProviderStrategy -- Loaded org.testcontainers.dockerclient.UnixSocketClientProviderStrategy from ~/.testcontainers.properties, will try it first
18:32:53.728 [main] INFO org.testcontainers.dockerclient.DockerClientProviderStrategy -- Found Docker environment with local Unix socket (unix:///var/run/docker.sock)
18:32:53.731 [main] INFO org.testcontainers.DockerClientFactory -- Docker host IP address is localhost
18:32:53.786 [main] INFO org.testcontainers.DockerClientFactory -- Connected to docker: 
  Server Version: 24.0.7
  API Version: 1.43
  Operating System: Linux Mint 21.2
  Total Memory: 15611 MB
18:32:54.017 [main] INFO tc.testcontainers/ryuk:0.8.1 -- Creating container for image: testcontainers/ryuk:0.8.1
18:32:54.389 [main] INFO tc.testcontainers/ryuk:0.8.1 -- Container testcontainers/ryuk:0.8.1 is starting: 0b7c65dc1b09bc22d0630df269a4deeee5d9fe020fe09d3c11e692913ba8e623
18:32:55.079 [main] INFO tc.testcontainers/ryuk:0.8.1 -- Container testcontainers/ryuk:0.8.1 started in PT1.061799121S
18:32:55.104 [main] INFO org.testcontainers.utility.RyukResourceReaper -- Ryuk started - will monitor and terminate Testcontainers containers on JVM exit
18:32:55.104 [main] INFO org.testcontainers.DockerClientFactory -- Checking the system...
18:32:55.105 [main] INFO org.testcontainers.DockerClientFactory -- ✔︎ Docker server version should be at least 1.6.0
18:32:55.116 [main] INFO tc.quay.io/keycloak/keycloak:26.0 -- Creating container for image: quay.io/keycloak/keycloak:26.0
18:32:55.219 [main] INFO tc.quay.io/keycloak/keycloak:26.0 -- Container quay.io/keycloak/keycloak:26.0 is starting: 8cb5bac7876ae553738c42a6cac242842ab7e0b3534508f52aba6845d3dfc759
18:32:55.756 [main] INFO org.testcontainers.containers.wait.strategy.HttpWaitStrategy -- /goofy_buck: Waiting for 120 seconds for URL: http://localhost:32769/health/started (where port 32769 maps to container port 9000)
18:32:55.820 [docker-java-stream--947497907] INFO tc.quay.io/keycloak/keycloak:26.0 -- STDOUT: JAVA_OPTS_KC_HEAP already set in environment; overriding default settings
18:32:58.887 [docker-java-stream--947497907] INFO tc.quay.io/keycloak/keycloak:26.0 -- STDOUT: Updating the configuration and installing your custom providers, if any. Please wait.
18:33:08.023 [docker-java-stream--947497907] INFO tc.quay.io/keycloak/keycloak:26.0 -- STDOUT: 2024-11-06 23:32:58,884 WARN  [org.key.qua.run.cli.Picocli] (main) The following run time options were found, but will be ignored during build time: kc.spi-theme-static-max-age, kc.spi-theme-cache-templates, kc.spi-theme-cache-themes
18:33:08.023 [docker-java-stream--947497907] INFO tc.quay.io/keycloak/keycloak:26.0 -- STDOUT: 
18:33:19.511 [docker-java-stream--947497907] INFO tc.quay.io/keycloak/keycloak:26.0 -- STDOUT: 2024-11-06 23:33:19,509 INFO  [io.qua.dep.QuarkusAugmentor] (main) Quarkus augmentation completed in 18313ms
18:33:26.884 [docker-java-stream--947497907] INFO tc.quay.io/keycloak/keycloak:26.0 -- STDOUT: 2024-11-06 23:33:21,791 WARN  [org.keycloak.quarkus.runtime.cli.Picocli] (main) The following run time options were found, but will be ignored during build time: kc.spi-theme-static-max-age, kc.spi-theme-cache-templates, kc.spi-theme-cache-themes
18:33:26.884 [docker-java-stream--947497907] INFO tc.quay.io/keycloak/keycloak:26.0 -- STDOUT: 
18:33:26.930 [docker-java-stream--947497907] INFO tc.quay.io/keycloak/keycloak:26.0 -- STDOUT: 2024-11-06 23:33:26,929 INFO  [org.keycloak.quarkus.runtime.storage.infinispan.CacheManagerFactory] (main) Starting Infinispan embedded cache manager
18:33:27.153 [docker-java-stream--947497907] INFO tc.quay.io/keycloak/keycloak:26.0 -- STDOUT: 2024-11-06 23:33:27,151 INFO  [org.keycloak.quarkus.runtime.storage.infinispan.CacheManagerFactory] (main) Persistent user sessions enabled and no memory limit found in configuration. Setting max entries for sessions to 10000 entries.
18:33:27.154 [docker-java-stream--947497907] INFO tc.quay.io/keycloak/keycloak:26.0 -- STDOUT: 2024-11-06 23:33:27,152 INFO  [org.keycloak.quarkus.runtime.storage.infinispan.CacheManagerFactory] (main) Persistent user sessions enabled and no memory limit found in configuration. Setting max entries for clientSessions to 10000 entries.
18:33:27.155 [docker-java-stream--947497907] INFO tc.quay.io/keycloak/keycloak:26.0 -- STDOUT: 2024-11-06 23:33:27,152 INFO  [org.keycloak.quarkus.runtime.storage.infinispan.CacheManagerFactory] (main) Persistent user sessions enabled and no memory limit found in configuration. Setting max entries for offlineSessions to 10000 entries.
18:33:27.155 [docker-java-stream--947497907] INFO tc.quay.io/keycloak/keycloak:26.0 -- STDOUT: 2024-11-06 23:33:27,152 INFO  [org.keycloak.quarkus.runtime.storage.infinispan.CacheManagerFactory] (main) Persistent user sessions enabled and no memory limit found in configuration. Setting max entries for offlineClientSessions to 10000 entries.
18:33:27.812 [docker-java-stream--947497907] INFO tc.quay.io/keycloak/keycloak:26.0 -- STDOUT: 2024-11-06 23:33:27,809 INFO  [org.infinispan.CONTAINER] (ForkJoinPool.commonPool-worker-1) ISPN000556: Starting user marshaller 'org.infinispan.commons.marshall.ImmutableProtoStreamMarshaller'
18:33:29.196 [docker-java-stream--947497907] INFO tc.quay.io/keycloak/keycloak:26.0 -- STDOUT: 2024-11-06 23:33:29,195 INFO  [org.keycloak.connections.infinispan.DefaultInfinispanConnectionProviderFactory] (main) Node name: node_505543, Site name: null
18:33:30.828 [docker-java-stream--947497907] INFO tc.quay.io/keycloak/keycloak:26.0 -- STDOUT: 2024-11-06 23:33:30,826 INFO  [org.keycloak.quarkus.runtime.storage.database.liquibase.QuarkusJpaUpdaterProvider] (main) Initializing database schema. Using changelog META-INF/jpa-changelog-master.xml
18:33:35.516 [docker-java-stream--947497907] INFO tc.quay.io/keycloak/keycloak:26.0 -- STDOUT: 
18:33:35.517 [docker-java-stream--947497907] INFO tc.quay.io/keycloak/keycloak:26.0 -- STDOUT: UPDATE SUMMARY
18:33:35.518 [docker-java-stream--947497907] INFO tc.quay.io/keycloak/keycloak:26.0 -- STDOUT: Run:                        144
18:33:35.519 [docker-java-stream--947497907] INFO tc.quay.io/keycloak/keycloak:26.0 -- STDOUT: Previously run:               0
18:33:35.519 [docker-java-stream--947497907] INFO tc.quay.io/keycloak/keycloak:26.0 -- STDOUT: Filtered out:                 0
18:33:35.521 [docker-java-stream--947497907] INFO tc.quay.io/keycloak/keycloak:26.0 -- STDOUT: -------------------------------
18:33:35.522 [docker-java-stream--947497907] INFO tc.quay.io/keycloak/keycloak:26.0 -- STDOUT: Total change sets:          144
18:33:35.523 [docker-java-stream--947497907] INFO tc.quay.io/keycloak/keycloak:26.0 -- STDOUT: 
18:33:35.536 [docker-java-stream--947497907] INFO tc.quay.io/keycloak/keycloak:26.0 -- STDOUT: 2024-11-06 23:33:35,534 WARN  [io.agroal.pool] (main) Datasource '<default>': JDBC resources leaked: 1 ResultSet(s) and 0 Statement(s)
18:33:36.250 [docker-java-stream--947497907] INFO tc.quay.io/keycloak/keycloak:26.0 -- STDOUT: 2024-11-06 23:33:36,249 INFO  [org.keycloak.broker.provider.AbstractIdentityProviderMapper] (main) Registering class org.keycloak.broker.provider.mappersync.ConfigSyncEventListener
18:33:36.561 [docker-java-stream--947497907] INFO tc.quay.io/keycloak/keycloak:26.0 -- STDOUT: 2024-11-06 23:33:36,560 INFO  [org.keycloak.exportimport.dir.DirImportProvider] (main) Importing from directory /opt/keycloak/bin/../data/import
18:33:36.568 [docker-java-stream--947497907] INFO tc.quay.io/keycloak/keycloak:26.0 -- STDOUT: 2024-11-06 23:33:36,567 INFO  [org.keycloak.services] (main) KC-SERVICES0050: Initializing master realm
18:33:38.991 [docker-java-stream--947497907] INFO tc.quay.io/keycloak/keycloak:26.0 -- STDOUT: 2024-11-06 23:33:38,990 INFO  [org.keycloak.exportimport.singlefile.SingleFileImportProvider] (main) Full importing from file /opt/keycloak/bin/../data/import/realm-export.json
18:33:43.314 [docker-java-stream--947497907] INFO tc.quay.io/keycloak/keycloak:26.0 -- STDOUT: 2024-11-06 23:33:43,313 INFO  [org.keycloak.exportimport.util.ImportUtils] (main) Realm 'food-delivery-app' imported
18:33:43.315 [docker-java-stream--947497907] INFO tc.quay.io/keycloak/keycloak:26.0 -- STDOUT: 2024-11-06 23:33:43,314 INFO  [org.keycloak.services] (main) KC-SERVICES0030: Full model import requested. Strategy: OVERWRITE_EXISTING
18:33:43.315 [docker-java-stream--947497907] INFO tc.quay.io/keycloak/keycloak:26.0 -- STDOUT: 2024-11-06 23:33:43,314 INFO  [org.keycloak.services] (main) KC-SERVICES0032: Import finished successfully
18:33:43.415 [docker-java-stream--947497907] INFO tc.quay.io/keycloak/keycloak:26.0 -- STDOUT: 2024-11-06 23:33:43,414 INFO  [org.keycloak.services] (main) KC-SERVICES0077: Created temporary admin user with username admin
18:33:43.478 [docker-java-stream--947497907] INFO tc.quay.io/keycloak/keycloak:26.0 -- STDOUT: 2024-11-06 23:33:43,477 WARN  [io.agroal.pool] (main) Datasource '<default>': JDBC resources leaked: 1 ResultSet(s) and 0 Statement(s)
18:33:43.637 [docker-java-stream--947497907] INFO tc.quay.io/keycloak/keycloak:26.0 -- STDOUT: 2024-11-06 23:33:43,635 INFO  [io.quarkus] (main) Keycloak 26.0.0 on JVM (powered by Quarkus 3.15.1) started in 23.801s. Listening on: http://0.0.0.0:8080. Management interface listening on http://0.0.0.0:9000.
18:33:43.637 [docker-java-stream--947497907] INFO tc.quay.io/keycloak/keycloak:26.0 -- STDOUT: 2024-11-06 23:33:43,636 INFO  [io.quarkus] (main) Profile dev activated. 
18:33:43.637 [docker-java-stream--947497907] INFO tc.quay.io/keycloak/keycloak:26.0 -- STDOUT: 2024-11-06 23:33:43,636 INFO  [io.quarkus] (main) Installed features: [agroal, cdi, hibernate-orm, jdbc-h2, keycloak, narayana-jta, opentelemetry, reactive-routes, rest, rest-jackson, smallrye-context-propagation, smallrye-health, vertx]
18:33:43.644 [docker-java-stream--947497907] INFO tc.quay.io/keycloak/keycloak:26.0 -- STDOUT: 2024-11-06 23:33:43,643 WARN  [org.keycloak.quarkus.runtime.KeycloakMain] (main) Running the server in development mode. DO NOT use this configuration in production.
18:33:44.202 [main] INFO tc.quay.io/keycloak/keycloak:26.0 -- Container quay.io/keycloak/keycloak:26.0 started in PT49.086586409S
18:33:44.214 [main] INFO tc.redis:latest -- Creating container for image: redis:latest
18:33:44.312 [main] INFO tc.redis:latest -- Container redis:latest is starting: 3774355bf79edd5d381e9cbc76574dd185b2c7866556a623be8115df9d0f199e
18:33:44.711 [main] INFO tc.redis:latest -- Container redis:latest started in PT0.497029468S

  .   ____          _            __ _ _
 /\\ / ___'_ __ _ _(_)_ __  __ _ \ \ \ \
( ( )\___ | '_ | '_| | '_ \/ _` | \ \ \ \
 \\/  ___)| |_)| | | | | || (_| |  ) ) ) )
  '  |____| .__|_| |_|_| |_\__, | / / / /
 =========|_|==============|___/=/_/_/_/
 :: Spring Boot ::                (v3.2.5)

2024-11-06T18:33:45.321-05:00  INFO 85739 --- [food-delivery-app-api-gateway] [           main] c.f.d.a.a.gateway.tests.ApiGatewayTest   : Starting ApiGatewayTest using Java 17.0.9 with PID 85739 (started by mustardpenguin in /home/mustardpenguin/repos/food-delivery-app/food-delivery-app-backend/java/api-gateway)
2024-11-06T18:33:45.326-05:00  INFO 85739 --- [food-delivery-app-api-gateway] [           main] c.f.d.a.a.gateway.tests.ApiGatewayTest   : No active profile set, falling back to 1 default profile: "default"
2024-11-06T18:33:47.395-05:00  INFO 85739 --- [food-delivery-app-api-gateway] [           main] .s.d.r.c.RepositoryConfigurationDelegate : Multiple Spring Data modules found, entering strict repository configuration mode
2024-11-06T18:33:47.400-05:00  INFO 85739 --- [food-delivery-app-api-gateway] [           main] .s.d.r.c.RepositoryConfigurationDelegate : Bootstrapping Spring Data Redis repositories in DEFAULT mode.
2024-11-06T18:33:47.449-05:00  INFO 85739 --- [food-delivery-app-api-gateway] [           main] .s.d.r.c.RepositoryConfigurationDelegate : Finished Spring Data repository scanning in 18 ms. Found 0 Redis repository interfaces.
2024-11-06T18:33:48.091-05:00  INFO 85739 --- [food-delivery-app-api-gateway] [           main] o.s.cloud.context.scope.GenericScope     : BeanFactory id=c8ddbf0f-d9c2-34a2-8a8f-ea7c2216c7cb
2024-11-06T18:33:51.575-05:00  INFO 85739 --- [food-delivery-app-api-gateway] [           main] o.s.c.g.r.RouteDefinitionRouteLocator    : Loaded RoutePredicateFactory [After]
2024-11-06T18:33:51.576-05:00  INFO 85739 --- [food-delivery-app-api-gateway] [           main] o.s.c.g.r.RouteDefinitionRouteLocator    : Loaded RoutePredicateFactory [Before]
2024-11-06T18:33:51.576-05:00  INFO 85739 --- [food-delivery-app-api-gateway] [           main] o.s.c.g.r.RouteDefinitionRouteLocator    : Loaded RoutePredicateFactory [Between]
2024-11-06T18:33:51.576-05:00  INFO 85739 --- [food-delivery-app-api-gateway] [           main] o.s.c.g.r.RouteDefinitionRouteLocator    : Loaded RoutePredicateFactory [Cookie]
2024-11-06T18:33:51.576-05:00  INFO 85739 --- [food-delivery-app-api-gateway] [           main] o.s.c.g.r.RouteDefinitionRouteLocator    : Loaded RoutePredicateFactory [Header]
2024-11-06T18:33:51.576-05:00  INFO 85739 --- [food-delivery-app-api-gateway] [           main] o.s.c.g.r.RouteDefinitionRouteLocator    : Loaded RoutePredicateFactory [Host]
2024-11-06T18:33:51.576-05:00  INFO 85739 --- [food-delivery-app-api-gateway] [           main] o.s.c.g.r.RouteDefinitionRouteLocator    : Loaded RoutePredicateFactory [Method]
2024-11-06T18:33:51.577-05:00  INFO 85739 --- [food-delivery-app-api-gateway] [           main] o.s.c.g.r.RouteDefinitionRouteLocator    : Loaded RoutePredicateFactory [Path]
2024-11-06T18:33:51.577-05:00  INFO 85739 --- [food-delivery-app-api-gateway] [           main] o.s.c.g.r.RouteDefinitionRouteLocator    : Loaded RoutePredicateFactory [Query]
2024-11-06T18:33:51.577-05:00  INFO 85739 --- [food-delivery-app-api-gateway] [           main] o.s.c.g.r.RouteDefinitionRouteLocator    : Loaded RoutePredicateFactory [ReadBody]
2024-11-06T18:33:51.577-05:00  INFO 85739 --- [food-delivery-app-api-gateway] [           main] o.s.c.g.r.RouteDefinitionRouteLocator    : Loaded RoutePredicateFactory [RemoteAddr]
2024-11-06T18:33:51.577-05:00  INFO 85739 --- [food-delivery-app-api-gateway] [           main] o.s.c.g.r.RouteDefinitionRouteLocator    : Loaded RoutePredicateFactory [XForwardedRemoteAddr]
2024-11-06T18:33:51.577-05:00  INFO 85739 --- [food-delivery-app-api-gateway] [           main] o.s.c.g.r.RouteDefinitionRouteLocator    : Loaded RoutePredicateFactory [Weight]
2024-11-06T18:33:51.577-05:00  INFO 85739 --- [food-delivery-app-api-gateway] [           main] o.s.c.g.r.RouteDefinitionRouteLocator    : Loaded RoutePredicateFactory [CloudFoundryRouteService]
2024-11-06T18:33:52.138-05:00  INFO 85739 --- [food-delivery-app-api-gateway] [           main] o.s.b.a.e.web.EndpointLinksResolver      : Exposing 27 endpoint(s) beneath base path '/actuator'
2024-11-06T18:33:52.642-05:00  INFO 85739 --- [food-delivery-app-api-gateway] [           main] o.s.b.web.embedded.netty.NettyWebServer  : Netty started on port 35679
2024-11-06T18:33:52.811-05:00  INFO 85739 --- [food-delivery-app-api-gateway] [           main] c.f.d.a.a.gateway.tests.ApiGatewayTest   : Started ApiGatewayTest in 8.042 seconds (process running for 63.488)
]]></system-out>
  </testcase>
  <testcase name="testObtainAccessToken" classname="com.food.delivery.app.api.gateway.tests.ApiGatewayTest" time="0.595"/>
  <testcase name="testGetProtectedResource" classname="com.food.delivery.app.api.gateway.tests.ApiGatewayTest" time="0.183"/>
</testsuite>