<?xml version="1.0" encoding="UTF-8"?>
<testsuite xmlns:xsi="http://www.w3.org/2001/XMLSchema-instance" xsi:noNamespaceSchemaLocation="https://maven.apache.org/surefire/maven-surefire-plugin/xsd/surefire-test-report-3.0.xsd" version="3.0" name="com.food.delivery.app.restaurant.service.get_restaurant_products.v1.GetProductsTest" time="3.017" tests="1" errors="0" skipped="0" failures="0">
  <properties>
    <property name="java.specification.version" value="17"/>
    <property name="sun.jnu.encoding" value="UTF-8"/>
    <property name="java.class.path" value="/home/mustardpenguin/repos/food-delivery-app/food-delivery-app-backend/restaurant-service/target/test-classes:/home/mustardpenguin/repos/food-delivery-app/food-delivery-app-backend/restaurant-service/target/classes:/home/mustardpenguin/repos/food-delivery-app/food-delivery-app-backend/common/domain/target/domain-1.0-SNAPSHOT.jar:/home/mustardpenguin/repos/food-delivery-app/food-delivery-app-backend/common/annotation/target/annotation-1.0-SNAPSHOT.jar:/home/mustardpenguin/.m2/repository/org/springframework/boot/spring-boot-starter-aop/3.1.5/spring-boot-starter-aop-3.1.5.jar:/home/mustardpenguin/.m2/repository/org/aspectj/aspectjweaver/1.9.20/aspectjweaver-1.9.20.jar:/home/mustardpenguin/repos/food-delivery-app/food-delivery-app-backend/common/exception-handler/target/exception-handler-1.0-SNAPSHOT.jar:/home/mustardpenguin/repos/food-delivery-app/food-delivery-app-backend/common/utility/target/utility-1.0-SNAPSHOT.jar:/home/mustardpenguin/.m2/repository/org/springframework/boot/spring-boot-starter/3.1.5/spring-boot-starter-3.1.5.jar:/home/mustardpenguin/.m2/repository/org/springframework/boot/spring-boot/3.1.5/spring-boot-3.1.5.jar:/home/mustardpenguin/.m2/repository/org/springframework/boot/spring-boot-autoconfigure/3.1.5/spring-boot-autoconfigure-3.1.5.jar:/home/mustardpenguin/.m2/repository/org/springframework/boot/spring-boot-starter-logging/3.1.5/spring-boot-starter-logging-3.1.5.jar:/home/mustardpenguin/.m2/repository/ch/qos/logback/logback-classic/1.4.11/logback-classic-1.4.11.jar:/home/mustardpenguin/.m2/repository/ch/qos/logback/logback-core/1.4.11/logback-core-1.4.11.jar:/home/mustardpenguin/.m2/repository/org/apache/logging/log4j/log4j-to-slf4j/2.20.0/log4j-to-slf4j-2.20.0.jar:/home/mustardpenguin/.m2/repository/org/apache/logging/log4j/log4j-api/2.20.0/log4j-api-2.20.0.jar:/home/mustardpenguin/.m2/repository/org/slf4j/jul-to-slf4j/2.0.9/jul-to-slf4j-2.0.9.jar:/home/mustardpenguin/.m2/repository/org/yaml/snakeyaml/1.33/snakeyaml-1.33.jar:/home/mustardpenguin/.m2/repository/com/fasterxml/jackson/core/jackson-databind/2.15.3/jackson-databind-2.15.3.jar:/home/mustardpenguin/.m2/repository/com/fasterxml/jackson/core/jackson-annotations/2.15.3/jackson-annotations-2.15.3.jar:/home/mustardpenguin/.m2/repository/com/fasterxml/jackson/core/jackson-core/2.15.3/jackson-core-2.15.3.jar:/home/mustardpenguin/repos/food-delivery-app/food-delivery-app-backend/common/proto/target/proto-1.0-SNAPSHOT.jar:/home/mustardpenguin/.m2/repository/io/grpc/grpc-stub/1.63.0/grpc-stub-1.63.0.jar:/home/mustardpenguin/.m2/repository/com/google/guava/guava/32.1.3-android/guava-32.1.3-android.jar:/home/mustardpenguin/.m2/repository/com/google/guava/failureaccess/1.0.1/failureaccess-1.0.1.jar:/home/mustardpenguin/.m2/repository/com/google/guava/listenablefuture/9999.0-empty-to-avoid-conflict-with-guava/listenablefuture-9999.0-empty-to-avoid-conflict-with-guava.jar:/home/mustardpenguin/.m2/repository/com/google/j2objc/j2objc-annotations/2.8/j2objc-annotations-2.8.jar:/home/mustardpenguin/.m2/repository/com/google/errorprone/error_prone_annotations/2.23.0/error_prone_annotations-2.23.0.jar:/home/mustardpenguin/.m2/repository/io/grpc/grpc-protobuf/1.63.0/grpc-protobuf-1.63.0.jar:/home/mustardpenguin/.m2/repository/com/google/code/findbugs/jsr305/3.0.2/jsr305-3.0.2.jar:/home/mustardpenguin/.m2/repository/com/google/protobuf/protobuf-java/3.23.4/protobuf-java-3.23.4.jar:/home/mustardpenguin/.m2/repository/com/google/api/grpc/proto-google-common-protos/2.29.0/proto-google-common-protos-2.29.0.jar:/home/mustardpenguin/.m2/repository/io/grpc/grpc-protobuf-lite/1.63.0/grpc-protobuf-lite-1.63.0.jar:/home/mustardpenguin/.m2/repository/org/springframework/boot/spring-boot-starter-web/3.1.5/spring-boot-starter-web-3.1.5.jar:/home/mustardpenguin/.m2/repository/org/springframework/boot/spring-boot-starter-json/3.1.5/spring-boot-starter-json-3.1.5.jar:/home/mustardpenguin/.m2/repository/com/fasterxml/jackson/datatype/jackson-datatype-jdk8/2.15.3/jackson-datatype-jdk8-2.15.3.jar:/home/mustardpenguin/.m2/repository/com/fasterxml/jackson/datatype/jackson-datatype-jsr310/2.15.3/jackson-datatype-jsr310-2.15.3.jar:/home/mustardpenguin/.m2/repository/com/fasterxml/jackson/module/jackson-module-parameter-names/2.15.3/jackson-module-parameter-names-2.15.3.jar:/home/mustardpenguin/.m2/repository/org/springframework/boot/spring-boot-starter-tomcat/3.1.5/spring-boot-starter-tomcat-3.1.5.jar:/home/mustardpenguin/.m2/repository/org/apache/tomcat/embed/tomcat-embed-core/10.1.15/tomcat-embed-core-10.1.15.jar:/home/mustardpenguin/.m2/repository/org/apache/tomcat/embed/tomcat-embed-websocket/10.1.15/tomcat-embed-websocket-10.1.15.jar:/home/mustardpenguin/.m2/repository/org/springframework/spring-web/6.0.13/spring-web-6.0.13.jar:/home/mustardpenguin/.m2/repository/org/springframework/spring-beans/6.0.13/spring-beans-6.0.13.jar:/home/mustardpenguin/.m2/repository/io/micrometer/micrometer-observation/1.11.5/micrometer-observation-1.11.5.jar:/home/mustardpenguin/.m2/repository/io/micrometer/micrometer-commons/1.11.5/micrometer-commons-1.11.5.jar:/home/mustardpenguin/.m2/repository/org/springframework/spring-webmvc/6.0.13/spring-webmvc-6.0.13.jar:/home/mustardpenguin/.m2/repository/org/springframework/spring-context/6.0.13/spring-context-6.0.13.jar:/home/mustardpenguin/.m2/repository/org/springframework/spring-expression/6.0.13/spring-expression-6.0.13.jar:/home/mustardpenguin/.m2/repository/org/springframework/boot/spring-boot-starter-data-jpa/3.1.5/spring-boot-starter-data-jpa-3.1.5.jar:/home/mustardpenguin/.m2/repository/org/springframework/boot/spring-boot-starter-jdbc/3.1.5/spring-boot-starter-jdbc-3.1.5.jar:/home/mustardpenguin/.m2/repository/com/zaxxer/HikariCP/5.0.1/HikariCP-5.0.1.jar:/home/mustardpenguin/.m2/repository/org/springframework/spring-jdbc/6.0.13/spring-jdbc-6.0.13.jar:/home/mustardpenguin/.m2/repository/org/hibernate/orm/hibernate-core/6.2.13.Final/hibernate-core-6.2.13.Final.jar:/home/mustardpenguin/.m2/repository/jakarta/persistence/jakarta.persistence-api/3.1.0/jakarta.persistence-api-3.1.0.jar:/home/mustardpenguin/.m2/repository/jakarta/transaction/jakarta.transaction-api/2.0.1/jakarta.transaction-api-2.0.1.jar:/home/mustardpenguin/.m2/repository/org/jboss/logging/jboss-logging/3.5.3.Final/jboss-logging-3.5.3.Final.jar:/home/mustardpenguin/.m2/repository/org/hibernate/common/hibernate-commons-annotations/6.0.6.Final/hibernate-commons-annotations-6.0.6.Final.jar:/home/mustardpenguin/.m2/repository/io/smallrye/jandex/3.0.5/jandex-3.0.5.jar:/home/mustardpenguin/.m2/repository/com/fasterxml/classmate/1.5.1/classmate-1.5.1.jar:/home/mustardpenguin/.m2/repository/net/bytebuddy/byte-buddy/1.14.9/byte-buddy-1.14.9.jar:/home/mustardpenguin/.m2/repository/org/glassfish/jaxb/jaxb-runtime/4.0.3/jaxb-runtime-4.0.3.jar:/home/mustardpenguin/.m2/repository/org/glassfish/jaxb/jaxb-core/4.0.3/jaxb-core-4.0.3.jar:/home/mustardpenguin/.m2/repository/org/eclipse/angus/angus-activation/2.0.1/angus-activation-2.0.1.jar:/home/mustardpenguin/.m2/repository/org/glassfish/jaxb/txw2/4.0.3/txw2-4.0.3.jar:/home/mustardpenguin/.m2/repository/com/sun/istack/istack-commons-runtime/4.1.2/istack-commons-runtime-4.1.2.jar:/home/mustardpenguin/.m2/repository/jakarta/inject/jakarta.inject-api/2.0.1/jakarta.inject-api-2.0.1.jar:/home/mustardpenguin/.m2/repository/org/antlr/antlr4-runtime/4.10.1/antlr4-runtime-4.10.1.jar:/home/mustardpenguin/.m2/repository/org/springframework/data/spring-data-jpa/3.1.5/spring-data-jpa-3.1.5.jar:/home/mustardpenguin/.m2/repository/org/springframework/data/spring-data-commons/3.1.5/spring-data-commons-3.1.5.jar:/home/mustardpenguin/.m2/repository/org/springframework/spring-orm/6.0.13/spring-orm-6.0.13.jar:/home/mustardpenguin/.m2/repository/org/springframework/spring-tx/6.0.13/spring-tx-6.0.13.jar:/home/mustardpenguin/.m2/repository/org/slf4j/slf4j-api/2.0.9/slf4j-api-2.0.9.jar:/home/mustardpenguin/.m2/repository/org/springframework/spring-aspects/6.0.13/spring-aspects-6.0.13.jar:/home/mustardpenguin/.m2/repository/org/springframework/boot/spring-boot-starter-validation/3.1.5/spring-boot-starter-validation-3.1.5.jar:/home/mustardpenguin/.m2/repository/org/apache/tomcat/embed/tomcat-embed-el/10.1.15/tomcat-embed-el-10.1.15.jar:/home/mustardpenguin/.m2/repository/org/hibernate/validator/hibernate-validator/8.0.1.Final/hibernate-validator-8.0.1.Final.jar:/home/mustardpenguin/.m2/repository/jakarta/validation/jakarta.validation-api/3.0.2/jakarta.validation-api-3.0.2.jar:/home/mustardpenguin/.m2/repository/org/springframework/boot/spring-boot-starter-security/3.1.5/spring-boot-starter-security-3.1.5.jar:/home/mustardpenguin/.m2/repository/org/springframework/spring-aop/6.0.13/spring-aop-6.0.13.jar:/home/mustardpenguin/.m2/repository/org/springframework/security/spring-security-config/6.1.5/spring-security-config-6.1.5.jar:/home/mustardpenguin/.m2/repository/org/springframework/security/spring-security-web/6.1.5/spring-security-web-6.1.5.jar:/home/mustardpenguin/.m2/repository/org/springframework/security/spring-security-oauth2-jose/6.1.5/spring-security-oauth2-jose-6.1.5.jar:/home/mustardpenguin/.m2/repository/org/springframework/security/spring-security-core/6.1.5/spring-security-core-6.1.5.jar:/home/mustardpenguin/.m2/repository/org/springframework/security/spring-security-crypto/6.1.5/spring-security-crypto-6.1.5.jar:/home/mustardpenguin/.m2/repository/org/springframework/security/spring-security-oauth2-core/6.1.5/spring-security-oauth2-core-6.1.5.jar:/home/mustardpenguin/.m2/repository/org/springframework/spring-core/6.0.13/spring-core-6.0.13.jar:/home/mustardpenguin/.m2/repository/org/springframework/spring-jcl/6.0.13/spring-jcl-6.0.13.jar:/home/mustardpenguin/.m2/repository/com/nimbusds/nimbus-jose-jwt/9.24.4/nimbus-jose-jwt-9.24.4.jar:/home/mustardpenguin/.m2/repository/com/github/stephenc/jcip/jcip-annotations/1.0-1/jcip-annotations-1.0-1.jar:/home/mustardpenguin/.m2/repository/org/springframework/security/spring-security-oauth2-resource-server/6.1.5/spring-security-oauth2-resource-server-6.1.5.jar:/home/mustardpenguin/.m2/repository/net/devh/grpc-spring-boot-starter/3.1.0.RELEASE/grpc-spring-boot-starter-3.1.0.RELEASE.jar:/home/mustardpenguin/.m2/repository/net/devh/grpc-server-spring-boot-starter/3.1.0.RELEASE/grpc-server-spring-boot-starter-3.1.0.RELEASE.jar:/home/mustardpenguin/.m2/repository/net/devh/grpc-common-spring-boot/3.1.0.RELEASE/grpc-common-spring-boot-3.1.0.RELEASE.jar:/home/mustardpenguin/.m2/repository/io/grpc/grpc-netty-shaded/1.63.0/grpc-netty-shaded-1.63.0.jar:/home/mustardpenguin/.m2/repository/io/grpc/grpc-services/1.63.0/grpc-services-1.63.0.jar:/home/mustardpenguin/.m2/repository/com/google/protobuf/protobuf-java-util/3.25.1/protobuf-java-util-3.25.1.jar:/home/mustardpenguin/.m2/repository/net/devh/grpc-client-spring-boot-starter/3.1.0.RELEASE/grpc-client-spring-boot-starter-3.1.0.RELEASE.jar:/home/mustardpenguin/.m2/repository/org/postgresql/postgresql/42.6.0/postgresql-42.6.0.jar:/home/mustardpenguin/.m2/repository/org/checkerframework/checker-qual/3.31.0/checker-qual-3.31.0.jar:/home/mustardpenguin/.m2/repository/org/springframework/boot/spring-boot-starter-test/3.1.5/spring-boot-starter-test-3.1.5.jar:/home/mustardpenguin/.m2/repository/org/springframework/boot/spring-boot-test/3.1.5/spring-boot-test-3.1.5.jar:/home/mustardpenguin/.m2/repository/org/springframework/boot/spring-boot-test-autoconfigure/3.1.5/spring-boot-test-autoconfigure-3.1.5.jar:/home/mustardpenguin/.m2/repository/com/jayway/jsonpath/json-path/2.8.0/json-path-2.8.0.jar:/home/mustardpenguin/.m2/repository/jakarta/xml/bind/jakarta.xml.bind-api/4.0.1/jakarta.xml.bind-api-4.0.1.jar:/home/mustardpenguin/.m2/repository/jakarta/activation/jakarta.activation-api/2.1.2/jakarta.activation-api-2.1.2.jar:/home/mustardpenguin/.m2/repository/net/minidev/json-smart/2.4.11/json-smart-2.4.11.jar:/home/mustardpenguin/.m2/repository/net/minidev/accessors-smart/2.4.11/accessors-smart-2.4.11.jar:/home/mustardpenguin/.m2/repository/org/ow2/asm/asm/9.3/asm-9.3.jar:/home/mustardpenguin/.m2/repository/org/assertj/assertj-core/3.24.2/assertj-core-3.24.2.jar:/home/mustardpenguin/.m2/repository/org/hamcrest/hamcrest/2.2/hamcrest-2.2.jar:/home/mustardpenguin/.m2/repository/org/junit/jupiter/junit-jupiter/5.9.3/junit-jupiter-5.9.3.jar:/home/mustardpenguin/.m2/repository/org/junit/jupiter/junit-jupiter-api/5.9.3/junit-jupiter-api-5.9.3.jar:/home/mustardpenguin/.m2/repository/org/opentest4j/opentest4j/1.2.0/opentest4j-1.2.0.jar:/home/mustardpenguin/.m2/repository/org/junit/platform/junit-platform-commons/1.9.3/junit-platform-commons-1.9.3.jar:/home/mustardpenguin/.m2/repository/org/apiguardian/apiguardian-api/1.1.2/apiguardian-api-1.1.2.jar:/home/mustardpenguin/.m2/repository/org/junit/jupiter/junit-jupiter-params/5.9.3/junit-jupiter-params-5.9.3.jar:/home/mustardpenguin/.m2/repository/org/junit/jupiter/junit-jupiter-engine/5.9.3/junit-jupiter-engine-5.9.3.jar:/home/mustardpenguin/.m2/repository/org/junit/platform/junit-platform-engine/1.9.3/junit-platform-engine-1.9.3.jar:/home/mustardpenguin/.m2/repository/org/mockito/mockito-core/5.3.1/mockito-core-5.3.1.jar:/home/mustardpenguin/.m2/repository/net/bytebuddy/byte-buddy-agent/1.14.9/byte-buddy-agent-1.14.9.jar:/home/mustardpenguin/.m2/repository/org/objenesis/objenesis/3.3/objenesis-3.3.jar:/home/mustardpenguin/.m2/repository/org/mockito/mockito-junit-jupiter/5.3.1/mockito-junit-jupiter-5.3.1.jar:/home/mustardpenguin/.m2/repository/org/skyscreamer/jsonassert/1.5.1/jsonassert-1.5.1.jar:/home/mustardpenguin/.m2/repository/com/vaadin/external/google/android-json/0.0.20131108.vaadin1/android-json-0.0.20131108.vaadin1.jar:/home/mustardpenguin/.m2/repository/org/springframework/spring-test/6.0.13/spring-test-6.0.13.jar:/home/mustardpenguin/.m2/repository/org/xmlunit/xmlunit-core/2.9.1/xmlunit-core-2.9.1.jar:/home/mustardpenguin/.m2/repository/org/testcontainers/junit-jupiter/1.20.0/junit-jupiter-1.20.0.jar:/home/mustardpenguin/.m2/repository/org/testcontainers/testcontainers/1.20.0/testcontainers-1.20.0.jar:/home/mustardpenguin/.m2/repository/org/apache/commons/commons-compress/1.24.0/commons-compress-1.24.0.jar:/home/mustardpenguin/.m2/repository/org/rnorth/duct-tape/duct-tape/1.0.8/duct-tape-1.0.8.jar:/home/mustardpenguin/.m2/repository/org/jetbrains/annotations/17.0.0/annotations-17.0.0.jar:/home/mustardpenguin/.m2/repository/com/github/docker-java/docker-java-api/3.4.0/docker-java-api-3.4.0.jar:/home/mustardpenguin/.m2/repository/com/github/docker-java/docker-java-transport-zerodep/3.4.0/docker-java-transport-zerodep-3.4.0.jar:/home/mustardpenguin/.m2/repository/com/github/docker-java/docker-java-transport/3.4.0/docker-java-transport-3.4.0.jar:/home/mustardpenguin/.m2/repository/net/java/dev/jna/jna/5.13.0/jna-5.13.0.jar:/home/mustardpenguin/.m2/repository/org/testcontainers/postgresql/1.20.0/postgresql-1.20.0.jar:/home/mustardpenguin/.m2/repository/org/testcontainers/jdbc/1.20.0/jdbc-1.20.0.jar:/home/mustardpenguin/.m2/repository/org/testcontainers/database-commons/1.20.0/database-commons-1.20.0.jar:/home/mustardpenguin/.m2/repository/io/grpc/grpc-testing/1.65.1/grpc-testing-1.65.1.jar:/home/mustardpenguin/.m2/repository/io/grpc/grpc-util/1.65.1/grpc-util-1.65.1.jar:/home/mustardpenguin/.m2/repository/org/codehaus/mojo/animal-sniffer-annotations/1.23/animal-sniffer-annotations-1.23.jar:/home/mustardpenguin/.m2/repository/junit/junit/4.13.2/junit-4.13.2.jar:/home/mustardpenguin/.m2/repository/org/hamcrest/hamcrest-core/2.2/hamcrest-core-2.2.jar:/home/mustardpenguin/.m2/repository/io/grpc/grpc-inprocess/1.65.1/grpc-inprocess-1.65.1.jar:/home/mustardpenguin/.m2/repository/io/grpc/grpc-core/1.65.1/grpc-core-1.65.1.jar:/home/mustardpenguin/.m2/repository/com/google/code/gson/gson/2.10.1/gson-2.10.1.jar:/home/mustardpenguin/.m2/repository/com/google/android/annotations/4.1.1.4/annotations-4.1.1.4.jar:/home/mustardpenguin/.m2/repository/io/perfmark/perfmark-api/0.26.0/perfmark-api-0.26.0.jar:/home/mustardpenguin/.m2/repository/io/grpc/grpc-context/1.65.1/grpc-context-1.65.1.jar:/home/mustardpenguin/.m2/repository/io/grpc/grpc-api/1.65.1/grpc-api-1.65.1.jar:/home/mustardpenguin/.m2/repository/jakarta/annotation/jakarta.annotation-api/2.1.1/jakarta.annotation-api-2.1.1.jar:/home/mustardpenguin/.m2/repository/org/projectlombok/lombok/1.18.30/lombok-1.18.30.jar:"/>
    <property name="java.vm.vendor" value="Oracle Corporation"/>
    <property name="sun.arch.data.model" value="64"/>
    <property name="catalina.useNaming" value="false"/>
    <property name="java.vendor.url" value="https://java.oracle.com/"/>
    <property name="user.timezone" value="America/New_York"/>
    <property name="org.jboss.logging.provider" value="slf4j"/>
    <property name="os.name" value="Linux"/>
    <property name="java.vm.specification.version" value="17"/>
    <property name="sun.java.launcher" value="SUN_STANDARD"/>
    <property name="user.country" value="US"/>
    <property name="sun.boot.library.path" value="/usr/lib/jvm/jdk-17-oracle-x64/lib"/>
    <property name="sun.java.command" value="/home/mustardpenguin/repos/food-delivery-app/food-delivery-app-backend/restaurant-service/target/surefire/surefirebooter-20241021142115469_12.jar /home/mustardpenguin/repos/food-delivery-app/food-delivery-app-backend/restaurant-service/target/surefire 2024-10-21T14-20-11_148-jvmRun1 surefire-20241021142115469_10tmp surefire_2-20241021142115469_11tmp"/>
    <property name="jdk.debug" value="release"/>
    <property name="surefire.test.class.path" value="/home/mustardpenguin/repos/food-delivery-app/food-delivery-app-backend/restaurant-service/target/test-classes:/home/mustardpenguin/repos/food-delivery-app/food-delivery-app-backend/restaurant-service/target/classes:/home/mustardpenguin/repos/food-delivery-app/food-delivery-app-backend/common/domain/target/domain-1.0-SNAPSHOT.jar:/home/mustardpenguin/repos/food-delivery-app/food-delivery-app-backend/common/annotation/target/annotation-1.0-SNAPSHOT.jar:/home/mustardpenguin/.m2/repository/org/springframework/boot/spring-boot-starter-aop/3.1.5/spring-boot-starter-aop-3.1.5.jar:/home/mustardpenguin/.m2/repository/org/aspectj/aspectjweaver/1.9.20/aspectjweaver-1.9.20.jar:/home/mustardpenguin/repos/food-delivery-app/food-delivery-app-backend/common/exception-handler/target/exception-handler-1.0-SNAPSHOT.jar:/home/mustardpenguin/repos/food-delivery-app/food-delivery-app-backend/common/utility/target/utility-1.0-SNAPSHOT.jar:/home/mustardpenguin/.m2/repository/org/springframework/boot/spring-boot-starter/3.1.5/spring-boot-starter-3.1.5.jar:/home/mustardpenguin/.m2/repository/org/springframework/boot/spring-boot/3.1.5/spring-boot-3.1.5.jar:/home/mustardpenguin/.m2/repository/org/springframework/boot/spring-boot-autoconfigure/3.1.5/spring-boot-autoconfigure-3.1.5.jar:/home/mustardpenguin/.m2/repository/org/springframework/boot/spring-boot-starter-logging/3.1.5/spring-boot-starter-logging-3.1.5.jar:/home/mustardpenguin/.m2/repository/ch/qos/logback/logback-classic/1.4.11/logback-classic-1.4.11.jar:/home/mustardpenguin/.m2/repository/ch/qos/logback/logback-core/1.4.11/logback-core-1.4.11.jar:/home/mustardpenguin/.m2/repository/org/apache/logging/log4j/log4j-to-slf4j/2.20.0/log4j-to-slf4j-2.20.0.jar:/home/mustardpenguin/.m2/repository/org/apache/logging/log4j/log4j-api/2.20.0/log4j-api-2.20.0.jar:/home/mustardpenguin/.m2/repository/org/slf4j/jul-to-slf4j/2.0.9/jul-to-slf4j-2.0.9.jar:/home/mustardpenguin/.m2/repository/org/yaml/snakeyaml/1.33/snakeyaml-1.33.jar:/home/mustardpenguin/.m2/repository/com/fasterxml/jackson/core/jackson-databind/2.15.3/jackson-databind-2.15.3.jar:/home/mustardpenguin/.m2/repository/com/fasterxml/jackson/core/jackson-annotations/2.15.3/jackson-annotations-2.15.3.jar:/home/mustardpenguin/.m2/repository/com/fasterxml/jackson/core/jackson-core/2.15.3/jackson-core-2.15.3.jar:/home/mustardpenguin/repos/food-delivery-app/food-delivery-app-backend/common/proto/target/proto-1.0-SNAPSHOT.jar:/home/mustardpenguin/.m2/repository/io/grpc/grpc-stub/1.63.0/grpc-stub-1.63.0.jar:/home/mustardpenguin/.m2/repository/com/google/guava/guava/32.1.3-android/guava-32.1.3-android.jar:/home/mustardpenguin/.m2/repository/com/google/guava/failureaccess/1.0.1/failureaccess-1.0.1.jar:/home/mustardpenguin/.m2/repository/com/google/guava/listenablefuture/9999.0-empty-to-avoid-conflict-with-guava/listenablefuture-9999.0-empty-to-avoid-conflict-with-guava.jar:/home/mustardpenguin/.m2/repository/com/google/j2objc/j2objc-annotations/2.8/j2objc-annotations-2.8.jar:/home/mustardpenguin/.m2/repository/com/google/errorprone/error_prone_annotations/2.23.0/error_prone_annotations-2.23.0.jar:/home/mustardpenguin/.m2/repository/io/grpc/grpc-protobuf/1.63.0/grpc-protobuf-1.63.0.jar:/home/mustardpenguin/.m2/repository/com/google/code/findbugs/jsr305/3.0.2/jsr305-3.0.2.jar:/home/mustardpenguin/.m2/repository/com/google/protobuf/protobuf-java/3.23.4/protobuf-java-3.23.4.jar:/home/mustardpenguin/.m2/repository/com/google/api/grpc/proto-google-common-protos/2.29.0/proto-google-common-protos-2.29.0.jar:/home/mustardpenguin/.m2/repository/io/grpc/grpc-protobuf-lite/1.63.0/grpc-protobuf-lite-1.63.0.jar:/home/mustardpenguin/.m2/repository/org/springframework/boot/spring-boot-starter-web/3.1.5/spring-boot-starter-web-3.1.5.jar:/home/mustardpenguin/.m2/repository/org/springframework/boot/spring-boot-starter-json/3.1.5/spring-boot-starter-json-3.1.5.jar:/home/mustardpenguin/.m2/repository/com/fasterxml/jackson/datatype/jackson-datatype-jdk8/2.15.3/jackson-datatype-jdk8-2.15.3.jar:/home/mustardpenguin/.m2/repository/com/fasterxml/jackson/datatype/jackson-datatype-jsr310/2.15.3/jackson-datatype-jsr310-2.15.3.jar:/home/mustardpenguin/.m2/repository/com/fasterxml/jackson/module/jackson-module-parameter-names/2.15.3/jackson-module-parameter-names-2.15.3.jar:/home/mustardpenguin/.m2/repository/org/springframework/boot/spring-boot-starter-tomcat/3.1.5/spring-boot-starter-tomcat-3.1.5.jar:/home/mustardpenguin/.m2/repository/org/apache/tomcat/embed/tomcat-embed-core/10.1.15/tomcat-embed-core-10.1.15.jar:/home/mustardpenguin/.m2/repository/org/apache/tomcat/embed/tomcat-embed-websocket/10.1.15/tomcat-embed-websocket-10.1.15.jar:/home/mustardpenguin/.m2/repository/org/springframework/spring-web/6.0.13/spring-web-6.0.13.jar:/home/mustardpenguin/.m2/repository/org/springframework/spring-beans/6.0.13/spring-beans-6.0.13.jar:/home/mustardpenguin/.m2/repository/io/micrometer/micrometer-observation/1.11.5/micrometer-observation-1.11.5.jar:/home/mustardpenguin/.m2/repository/io/micrometer/micrometer-commons/1.11.5/micrometer-commons-1.11.5.jar:/home/mustardpenguin/.m2/repository/org/springframework/spring-webmvc/6.0.13/spring-webmvc-6.0.13.jar:/home/mustardpenguin/.m2/repository/org/springframework/spring-context/6.0.13/spring-context-6.0.13.jar:/home/mustardpenguin/.m2/repository/org/springframework/spring-expression/6.0.13/spring-expression-6.0.13.jar:/home/mustardpenguin/.m2/repository/org/springframework/boot/spring-boot-starter-data-jpa/3.1.5/spring-boot-starter-data-jpa-3.1.5.jar:/home/mustardpenguin/.m2/repository/org/springframework/boot/spring-boot-starter-jdbc/3.1.5/spring-boot-starter-jdbc-3.1.5.jar:/home/mustardpenguin/.m2/repository/com/zaxxer/HikariCP/5.0.1/HikariCP-5.0.1.jar:/home/mustardpenguin/.m2/repository/org/springframework/spring-jdbc/6.0.13/spring-jdbc-6.0.13.jar:/home/mustardpenguin/.m2/repository/org/hibernate/orm/hibernate-core/6.2.13.Final/hibernate-core-6.2.13.Final.jar:/home/mustardpenguin/.m2/repository/jakarta/persistence/jakarta.persistence-api/3.1.0/jakarta.persistence-api-3.1.0.jar:/home/mustardpenguin/.m2/repository/jakarta/transaction/jakarta.transaction-api/2.0.1/jakarta.transaction-api-2.0.1.jar:/home/mustardpenguin/.m2/repository/org/jboss/logging/jboss-logging/3.5.3.Final/jboss-logging-3.5.3.Final.jar:/home/mustardpenguin/.m2/repository/org/hibernate/common/hibernate-commons-annotations/6.0.6.Final/hibernate-commons-annotations-6.0.6.Final.jar:/home/mustardpenguin/.m2/repository/io/smallrye/jandex/3.0.5/jandex-3.0.5.jar:/home/mustardpenguin/.m2/repository/com/fasterxml/classmate/1.5.1/classmate-1.5.1.jar:/home/mustardpenguin/.m2/repository/net/bytebuddy/byte-buddy/1.14.9/byte-buddy-1.14.9.jar:/home/mustardpenguin/.m2/repository/org/glassfish/jaxb/jaxb-runtime/4.0.3/jaxb-runtime-4.0.3.jar:/home/mustardpenguin/.m2/repository/org/glassfish/jaxb/jaxb-core/4.0.3/jaxb-core-4.0.3.jar:/home/mustardpenguin/.m2/repository/org/eclipse/angus/angus-activation/2.0.1/angus-activation-2.0.1.jar:/home/mustardpenguin/.m2/repository/org/glassfish/jaxb/txw2/4.0.3/txw2-4.0.3.jar:/home/mustardpenguin/.m2/repository/com/sun/istack/istack-commons-runtime/4.1.2/istack-commons-runtime-4.1.2.jar:/home/mustardpenguin/.m2/repository/jakarta/inject/jakarta.inject-api/2.0.1/jakarta.inject-api-2.0.1.jar:/home/mustardpenguin/.m2/repository/org/antlr/antlr4-runtime/4.10.1/antlr4-runtime-4.10.1.jar:/home/mustardpenguin/.m2/repository/org/springframework/data/spring-data-jpa/3.1.5/spring-data-jpa-3.1.5.jar:/home/mustardpenguin/.m2/repository/org/springframework/data/spring-data-commons/3.1.5/spring-data-commons-3.1.5.jar:/home/mustardpenguin/.m2/repository/org/springframework/spring-orm/6.0.13/spring-orm-6.0.13.jar:/home/mustardpenguin/.m2/repository/org/springframework/spring-tx/6.0.13/spring-tx-6.0.13.jar:/home/mustardpenguin/.m2/repository/org/slf4j/slf4j-api/2.0.9/slf4j-api-2.0.9.jar:/home/mustardpenguin/.m2/repository/org/springframework/spring-aspects/6.0.13/spring-aspects-6.0.13.jar:/home/mustardpenguin/.m2/repository/org/springframework/boot/spring-boot-starter-validation/3.1.5/spring-boot-starter-validation-3.1.5.jar:/home/mustardpenguin/.m2/repository/org/apache/tomcat/embed/tomcat-embed-el/10.1.15/tomcat-embed-el-10.1.15.jar:/home/mustardpenguin/.m2/repository/org/hibernate/validator/hibernate-validator/8.0.1.Final/hibernate-validator-8.0.1.Final.jar:/home/mustardpenguin/.m2/repository/jakarta/validation/jakarta.validation-api/3.0.2/jakarta.validation-api-3.0.2.jar:/home/mustardpenguin/.m2/repository/org/springframework/boot/spring-boot-starter-security/3.1.5/spring-boot-starter-security-3.1.5.jar:/home/mustardpenguin/.m2/repository/org/springframework/spring-aop/6.0.13/spring-aop-6.0.13.jar:/home/mustardpenguin/.m2/repository/org/springframework/security/spring-security-config/6.1.5/spring-security-config-6.1.5.jar:/home/mustardpenguin/.m2/repository/org/springframework/security/spring-security-web/6.1.5/spring-security-web-6.1.5.jar:/home/mustardpenguin/.m2/repository/org/springframework/security/spring-security-oauth2-jose/6.1.5/spring-security-oauth2-jose-6.1.5.jar:/home/mustardpenguin/.m2/repository/org/springframework/security/spring-security-core/6.1.5/spring-security-core-6.1.5.jar:/home/mustardpenguin/.m2/repository/org/springframework/security/spring-security-crypto/6.1.5/spring-security-crypto-6.1.5.jar:/home/mustardpenguin/.m2/repository/org/springframework/security/spring-security-oauth2-core/6.1.5/spring-security-oauth2-core-6.1.5.jar:/home/mustardpenguin/.m2/repository/org/springframework/spring-core/6.0.13/spring-core-6.0.13.jar:/home/mustardpenguin/.m2/repository/org/springframework/spring-jcl/6.0.13/spring-jcl-6.0.13.jar:/home/mustardpenguin/.m2/repository/com/nimbusds/nimbus-jose-jwt/9.24.4/nimbus-jose-jwt-9.24.4.jar:/home/mustardpenguin/.m2/repository/com/github/stephenc/jcip/jcip-annotations/1.0-1/jcip-annotations-1.0-1.jar:/home/mustardpenguin/.m2/repository/org/springframework/security/spring-security-oauth2-resource-server/6.1.5/spring-security-oauth2-resource-server-6.1.5.jar:/home/mustardpenguin/.m2/repository/net/devh/grpc-spring-boot-starter/3.1.0.RELEASE/grpc-spring-boot-starter-3.1.0.RELEASE.jar:/home/mustardpenguin/.m2/repository/net/devh/grpc-server-spring-boot-starter/3.1.0.RELEASE/grpc-server-spring-boot-starter-3.1.0.RELEASE.jar:/home/mustardpenguin/.m2/repository/net/devh/grpc-common-spring-boot/3.1.0.RELEASE/grpc-common-spring-boot-3.1.0.RELEASE.jar:/home/mustardpenguin/.m2/repository/io/grpc/grpc-netty-shaded/1.63.0/grpc-netty-shaded-1.63.0.jar:/home/mustardpenguin/.m2/repository/io/grpc/grpc-services/1.63.0/grpc-services-1.63.0.jar:/home/mustardpenguin/.m2/repository/com/google/protobuf/protobuf-java-util/3.25.1/protobuf-java-util-3.25.1.jar:/home/mustardpenguin/.m2/repository/net/devh/grpc-client-spring-boot-starter/3.1.0.RELEASE/grpc-client-spring-boot-starter-3.1.0.RELEASE.jar:/home/mustardpenguin/.m2/repository/org/postgresql/postgresql/42.6.0/postgresql-42.6.0.jar:/home/mustardpenguin/.m2/repository/org/checkerframework/checker-qual/3.31.0/checker-qual-3.31.0.jar:/home/mustardpenguin/.m2/repository/org/springframework/boot/spring-boot-starter-test/3.1.5/spring-boot-starter-test-3.1.5.jar:/home/mustardpenguin/.m2/repository/org/springframework/boot/spring-boot-test/3.1.5/spring-boot-test-3.1.5.jar:/home/mustardpenguin/.m2/repository/org/springframework/boot/spring-boot-test-autoconfigure/3.1.5/spring-boot-test-autoconfigure-3.1.5.jar:/home/mustardpenguin/.m2/repository/com/jayway/jsonpath/json-path/2.8.0/json-path-2.8.0.jar:/home/mustardpenguin/.m2/repository/jakarta/xml/bind/jakarta.xml.bind-api/4.0.1/jakarta.xml.bind-api-4.0.1.jar:/home/mustardpenguin/.m2/repository/jakarta/activation/jakarta.activation-api/2.1.2/jakarta.activation-api-2.1.2.jar:/home/mustardpenguin/.m2/repository/net/minidev/json-smart/2.4.11/json-smart-2.4.11.jar:/home/mustardpenguin/.m2/repository/net/minidev/accessors-smart/2.4.11/accessors-smart-2.4.11.jar:/home/mustardpenguin/.m2/repository/org/ow2/asm/asm/9.3/asm-9.3.jar:/home/mustardpenguin/.m2/repository/org/assertj/assertj-core/3.24.2/assertj-core-3.24.2.jar:/home/mustardpenguin/.m2/repository/org/hamcrest/hamcrest/2.2/hamcrest-2.2.jar:/home/mustardpenguin/.m2/repository/org/junit/jupiter/junit-jupiter/5.9.3/junit-jupiter-5.9.3.jar:/home/mustardpenguin/.m2/repository/org/junit/jupiter/junit-jupiter-api/5.9.3/junit-jupiter-api-5.9.3.jar:/home/mustardpenguin/.m2/repository/org/opentest4j/opentest4j/1.2.0/opentest4j-1.2.0.jar:/home/mustardpenguin/.m2/repository/org/junit/platform/junit-platform-commons/1.9.3/junit-platform-commons-1.9.3.jar:/home/mustardpenguin/.m2/repository/org/apiguardian/apiguardian-api/1.1.2/apiguardian-api-1.1.2.jar:/home/mustardpenguin/.m2/repository/org/junit/jupiter/junit-jupiter-params/5.9.3/junit-jupiter-params-5.9.3.jar:/home/mustardpenguin/.m2/repository/org/junit/jupiter/junit-jupiter-engine/5.9.3/junit-jupiter-engine-5.9.3.jar:/home/mustardpenguin/.m2/repository/org/junit/platform/junit-platform-engine/1.9.3/junit-platform-engine-1.9.3.jar:/home/mustardpenguin/.m2/repository/org/mockito/mockito-core/5.3.1/mockito-core-5.3.1.jar:/home/mustardpenguin/.m2/repository/net/bytebuddy/byte-buddy-agent/1.14.9/byte-buddy-agent-1.14.9.jar:/home/mustardpenguin/.m2/repository/org/objenesis/objenesis/3.3/objenesis-3.3.jar:/home/mustardpenguin/.m2/repository/org/mockito/mockito-junit-jupiter/5.3.1/mockito-junit-jupiter-5.3.1.jar:/home/mustardpenguin/.m2/repository/org/skyscreamer/jsonassert/1.5.1/jsonassert-1.5.1.jar:/home/mustardpenguin/.m2/repository/com/vaadin/external/google/android-json/0.0.20131108.vaadin1/android-json-0.0.20131108.vaadin1.jar:/home/mustardpenguin/.m2/repository/org/springframework/spring-test/6.0.13/spring-test-6.0.13.jar:/home/mustardpenguin/.m2/repository/org/xmlunit/xmlunit-core/2.9.1/xmlunit-core-2.9.1.jar:/home/mustardpenguin/.m2/repository/org/testcontainers/junit-jupiter/1.20.0/junit-jupiter-1.20.0.jar:/home/mustardpenguin/.m2/repository/org/testcontainers/testcontainers/1.20.0/testcontainers-1.20.0.jar:/home/mustardpenguin/.m2/repository/org/apache/commons/commons-compress/1.24.0/commons-compress-1.24.0.jar:/home/mustardpenguin/.m2/repository/org/rnorth/duct-tape/duct-tape/1.0.8/duct-tape-1.0.8.jar:/home/mustardpenguin/.m2/repository/org/jetbrains/annotations/17.0.0/annotations-17.0.0.jar:/home/mustardpenguin/.m2/repository/com/github/docker-java/docker-java-api/3.4.0/docker-java-api-3.4.0.jar:/home/mustardpenguin/.m2/repository/com/github/docker-java/docker-java-transport-zerodep/3.4.0/docker-java-transport-zerodep-3.4.0.jar:/home/mustardpenguin/.m2/repository/com/github/docker-java/docker-java-transport/3.4.0/docker-java-transport-3.4.0.jar:/home/mustardpenguin/.m2/repository/net/java/dev/jna/jna/5.13.0/jna-5.13.0.jar:/home/mustardpenguin/.m2/repository/org/testcontainers/postgresql/1.20.0/postgresql-1.20.0.jar:/home/mustardpenguin/.m2/repository/org/testcontainers/jdbc/1.20.0/jdbc-1.20.0.jar:/home/mustardpenguin/.m2/repository/org/testcontainers/database-commons/1.20.0/database-commons-1.20.0.jar:/home/mustardpenguin/.m2/repository/io/grpc/grpc-testing/1.65.1/grpc-testing-1.65.1.jar:/home/mustardpenguin/.m2/repository/io/grpc/grpc-util/1.65.1/grpc-util-1.65.1.jar:/home/mustardpenguin/.m2/repository/org/codehaus/mojo/animal-sniffer-annotations/1.23/animal-sniffer-annotations-1.23.jar:/home/mustardpenguin/.m2/repository/junit/junit/4.13.2/junit-4.13.2.jar:/home/mustardpenguin/.m2/repository/org/hamcrest/hamcrest-core/2.2/hamcrest-core-2.2.jar:/home/mustardpenguin/.m2/repository/io/grpc/grpc-inprocess/1.65.1/grpc-inprocess-1.65.1.jar:/home/mustardpenguin/.m2/repository/io/grpc/grpc-core/1.65.1/grpc-core-1.65.1.jar:/home/mustardpenguin/.m2/repository/com/google/code/gson/gson/2.10.1/gson-2.10.1.jar:/home/mustardpenguin/.m2/repository/com/google/android/annotations/4.1.1.4/annotations-4.1.1.4.jar:/home/mustardpenguin/.m2/repository/io/perfmark/perfmark-api/0.26.0/perfmark-api-0.26.0.jar:/home/mustardpenguin/.m2/repository/io/grpc/grpc-context/1.65.1/grpc-context-1.65.1.jar:/home/mustardpenguin/.m2/repository/io/grpc/grpc-api/1.65.1/grpc-api-1.65.1.jar:/home/mustardpenguin/.m2/repository/jakarta/annotation/jakarta.annotation-api/2.1.1/jakarta.annotation-api-2.1.1.jar:/home/mustardpenguin/.m2/repository/org/projectlombok/lombok/1.18.30/lombok-1.18.30.jar:"/>
    <property name="sun.cpu.endian" value="little"/>
    <property name="user.home" value="/home/mustardpenguin"/>
    <property name="user.language" value="en"/>
    <property name="java.specification.vendor" value="Oracle Corporation"/>
    <property name="java.version.date" value="2023-10-17"/>
    <property name="java.home" value="/usr/lib/jvm/jdk-17-oracle-x64"/>
    <property name="file.separator" value="/"/>
    <property name="basedir" value="/home/mustardpenguin/repos/food-delivery-app/food-delivery-app-backend/restaurant-service"/>
    <property name="java.vm.compressedOopsMode" value="Zero based"/>
    <property name="line.separator" value="&#10;"/>
    <property name="java.specification.name" value="Java Platform API Specification"/>
    <property name="java.vm.specification.vendor" value="Oracle Corporation"/>
    <property name="FILE_LOG_CHARSET" value="UTF-8"/>
    <property name="java.awt.headless" value="true"/>
    <property name="surefire.real.class.path" value="/home/mustardpenguin/repos/food-delivery-app/food-delivery-app-backend/restaurant-service/target/surefire/surefirebooter-20241021142115469_12.jar"/>
    <property name="sun.management.compiler" value="HotSpot 64-Bit Tiered Compilers"/>
    <property name="java.runtime.version" value="17.0.9+11-LTS-201"/>
    <property name="user.name" value="mustardpenguin"/>
    <property name="path.separator" value=":"/>
    <property name="os.version" value="5.15.0-124-generic"/>
    <property name="java.runtime.name" value="Java(TM) SE Runtime Environment"/>
    <property name="file.encoding" value="UTF-8"/>
    <property name="java.vm.name" value="Java HotSpot(TM) 64-Bit Server VM"/>
    <property name="localRepository" value="/home/mustardpenguin/.m2/repository"/>
    <property name="java.vendor.url.bug" value="https://bugreport.java.com/bugreport/"/>
    <property name="java.io.tmpdir" value="/tmp"/>
    <property name="catalina.home" value="/tmp/tomcat.0.9396499150993787032"/>
    <property name="com.zaxxer.hikari.pool_number" value="3"/>
    <property name="java.version" value="17.0.9"/>
    <property name="user.dir" value="/home/mustardpenguin/repos/food-delivery-app/food-delivery-app-backend/restaurant-service"/>
    <property name="os.arch" value="amd64"/>
    <property name="java.vm.specification.name" value="Java Virtual Machine Specification"/>
    <property name="PID" value="37763"/>
    <property name="CONSOLE_LOG_CHARSET" value="UTF-8"/>
    <property name="catalina.base" value="/tmp/tomcat.0.835811064197476758"/>
    <property name="native.encoding" value="UTF-8"/>
    <property name="java.library.path" value="/usr/java/packages/lib:/usr/lib64:/lib64:/lib:/usr/lib"/>
    <property name="java.vm.info" value="mixed mode, sharing"/>
    <property name="java.vendor" value="Oracle Corporation"/>
    <property name="java.vm.version" value="17.0.9+11-LTS-201"/>
    <property name="sun.io.unicode.encoding" value="UnicodeLittle"/>
    <property name="java.class.version" value="61.0"/>
  </properties>
  <testcase name="testGetProducts" classname="com.food.delivery.app.restaurant.service.get_restaurant_products.v1.GetProductsTest" time="0.128">
    <system-out><![CDATA[2024-10-21T14:21:30.630-04:00  INFO 37763 --- [           main] t.c.s.AnnotationConfigContextLoaderUtils : Could not detect default configuration classes for test class [com.food.delivery.app.restaurant.service.get_restaurant_products.v1.GetProductsTest]: GetProductsTest does not declare any static, non-private, non-final, nested classes annotated with @Configuration.
2024-10-21T14:21:30.640-04:00  INFO 37763 --- [           main] .b.t.c.SpringBootTestContextBootstrapper : Found @SpringBootConfiguration com.food.delivery.app.restaurant.service.RestaurantServiceApplication for test class com.food.delivery.app.restaurant.service.get_restaurant_products.v1.GetProductsTest
2024-10-21T14:21:30.642-04:00  INFO 37763 --- [           main] tc.postgres:latest                       : Creating container for image: postgres:latest
2024-10-21T14:21:30.643-04:00  WARN 37763 --- [           main] tc.postgres:latest                       : Reuse was requested but the environment does not support the reuse of containers
To enable reuse of containers, you must set 'testcontainers.reuse.enable=true' in a file located at /home/mustardpenguin/.testcontainers.properties
2024-10-21T14:21:30.688-04:00  INFO 37763 --- [           main] tc.postgres:latest                       : Container postgres:latest is starting: d3e0192ad3407dc0d678917fa05a0b5a45610fe538e52534d8250bad5c4e920e
2024-10-21T14:21:32.342-04:00  INFO 37763 --- [           main] tc.postgres:latest                       : Container postgres:latest started in PT1.699395474S
2024-10-21T14:21:32.342-04:00  INFO 37763 --- [           main] tc.postgres:latest                       : Container is started (JDBC URL: jdbc:postgresql://localhost:32808/test?stringtype=unspecified&loggerLevel=OFF&currentSchema=restaurant)
2024-10-21T14:21:32.343-04:00  INFO 37763 --- [           main] org.testcontainers.ext.ScriptUtils       : Executing database script from init-schema.sql
2024-10-21T14:21:32.374-04:00  INFO 37763 --- [           main] org.testcontainers.ext.ScriptUtils       : Executed database script from init-schema.sql in 30 ms.

  .   ____          _            __ _ _
 /\\ / ___'_ __ _ _(_)_ __  __ _ \ \ \ \
( ( )\___ | '_ | '_| | '_ \/ _` | \ \ \ \
 \\/  ___)| |_)| | | | | || (_| |  ) ) ) )
  '  |____| .__|_| |_|_| |_\__, | / / / /
 =========|_|==============|___/=/_/_/_/
 :: Spring Boot ::                (v3.1.5)

2024-10-21T14:21:32.420-04:00  INFO 37763 --- [           main] c.f.d.a.r.s.g.v1.GetProductsTest         : Starting GetProductsTest using Java 17.0.9 with PID 37763 (started by mustardpenguin in /home/mustardpenguin/repos/food-delivery-app/food-delivery-app-backend/restaurant-service)
2024-10-21T14:21:32.420-04:00  INFO 37763 --- [           main] c.f.d.a.r.s.g.v1.GetProductsTest         : No active profile set, falling back to 1 default profile: "default"
2024-10-21T14:21:32.565-04:00  INFO 37763 --- [           main] .s.d.r.c.RepositoryConfigurationDelegate : Bootstrapping Spring Data JPA repositories in DEFAULT mode.
2024-10-21T14:21:32.574-04:00  INFO 37763 --- [           main] .s.d.r.c.RepositoryConfigurationDelegate : Finished Spring Data repository scanning in 8 ms. Found 2 JPA repository interfaces.
2024-10-21T14:21:32.645-04:00  INFO 37763 --- [           main] com.zaxxer.hikari.HikariDataSource       : HikariPool-3 - Starting...
2024-10-21T14:21:32.658-04:00  INFO 37763 --- [           main] com.zaxxer.hikari.pool.HikariPool        : HikariPool-3 - Added connection org.postgresql.jdbc.PgConnection@5b0eb43f
2024-10-21T14:21:32.658-04:00  INFO 37763 --- [           main] com.zaxxer.hikari.HikariDataSource       : HikariPool-3 - Start completed.
2024-10-21T14:21:32.684-04:00  INFO 37763 --- [           main] o.hibernate.jpa.internal.util.LogHelper  : HHH000204: Processing PersistenceUnitInfo [name: default]
2024-10-21T14:21:32.690-04:00  INFO 37763 --- [           main] o.s.o.j.p.SpringPersistenceUnitInfo      : No LoadTimeWeaver setup: ignoring JPA class transformer
2024-10-21T14:21:32.762-04:00  INFO 37763 --- [           main] o.h.e.t.j.p.i.JtaPlatformInitiator       : HHH000489: No JTA platform available (set 'hibernate.transaction.jta.platform' to enable JTA platform integration)
2024-10-21T14:21:32.762-04:00  INFO 37763 --- [           main] j.LocalContainerEntityManagerFactoryBean : Initialized JPA EntityManagerFactory for persistence unit 'default'
2024-10-21T14:21:32.920-04:00  INFO 37763 --- [           main] o.s.s.web.DefaultSecurityFilterChain     : Will secure any request with [org.springframework.security.web.session.DisableEncodeUrlFilter@c2ef25b, org.springframework.security.web.context.request.async.WebAsyncManagerIntegrationFilter@47338b8b, org.springframework.security.web.context.SecurityContextHolderFilter@134a27c1, org.springframework.security.web.header.HeaderWriterFilter@132b00bb, org.springframework.security.web.authentication.logout.LogoutFilter@64e5f67b, org.springframework.security.web.savedrequest.RequestCacheAwareFilter@6015326, org.springframework.security.web.servletapi.SecurityContextHolderAwareRequestFilter@6d36529a, org.springframework.security.web.authentication.AnonymousAuthenticationFilter@27afeede, org.springframework.security.web.access.ExceptionTranslationFilter@6571d5a1, org.springframework.security.web.access.intercept.AuthorizationFilter@378c2cb4]
2024-10-21T14:21:33.065-04:00  INFO 37763 --- [           main] g.s.a.GrpcServerFactoryAutoConfiguration : Detected grpc-netty-shaded: Creating ShadedNettyGrpcServerFactory
2024-10-21T14:21:33.124-04:00  INFO 37763 --- [           main] n.d.b.g.s.s.AbstractGrpcServerFactory    : Registered gRPC service: com.food.delivery.app.common.proto.ProductService, bean: productServiceImpl, class: com.food.delivery.app.restaurant.service.features.get_restaurant_products.v1.grpc.ProductServiceImpl
2024-10-21T14:21:33.124-04:00  INFO 37763 --- [           main] n.d.b.g.s.s.AbstractGrpcServerFactory    : Registered gRPC service: grpc.health.v1.Health, bean: grpcHealthService, class: io.grpc.protobuf.services.HealthServiceImpl
2024-10-21T14:21:33.125-04:00  INFO 37763 --- [           main] n.d.b.g.s.s.AbstractGrpcServerFactory    : Registered gRPC service: grpc.reflection.v1alpha.ServerReflection, bean: protoReflectionService, class: io.grpc.protobuf.services.ProtoReflectionService
2024-10-21T14:21:33.127-04:00  INFO 37763 --- [           main] n.d.b.g.s.s.GrpcServerLifecycle          : gRPC Server started, listening on address: *, port: 8184
2024-10-21T14:21:33.131-04:00  INFO 37763 --- [           main] c.f.d.a.r.s.g.v1.GetProductsTest         : Started GetProductsTest in 0.748 seconds (process running for 17.647)
]]></system-out>
  </testcase>
</testsuite>