<?xml version="1.0" encoding="UTF-8"?>
<testsuite xmlns:xsi="http://www.w3.org/2001/XMLSchema-instance" xsi:noNamespaceSchemaLocation="https://maven.apache.org/surefire/maven-surefire-plugin/xsd/surefire-test-report-3.0.xsd" version="3.0" name="com.food.delivery.app.order.command.create_order.v1.CreateOrderTest" time="9.733" tests="1" errors="0" skipped="0" failures="0">
  <properties>
    <property name="java.specification.version" value="17"/>
    <property name="sun.jnu.encoding" value="UTF-8"/>
    <property name="java.class.path" value="/home/mustardpenguin/repos/food-delivery-app/food-delivery-app-backend/order-service/order-command/target/test-classes:/home/mustardpenguin/repos/food-delivery-app/food-delivery-app-backend/order-service/order-command/target/classes:/home/mustardpenguin/repos/food-delivery-app/food-delivery-app-backend/common/exception-handler/target/exception-handler-1.0-SNAPSHOT.jar:/home/mustardpenguin/repos/food-delivery-app/food-delivery-app-backend/common/utility/target/utility-1.0-SNAPSHOT.jar:/home/mustardpenguin/.m2/repository/org/springframework/boot/spring-boot-starter/3.1.5/spring-boot-starter-3.1.5.jar:/home/mustardpenguin/.m2/repository/org/springframework/boot/spring-boot/3.1.5/spring-boot-3.1.5.jar:/home/mustardpenguin/.m2/repository/org/springframework/boot/spring-boot-autoconfigure/3.1.5/spring-boot-autoconfigure-3.1.5.jar:/home/mustardpenguin/.m2/repository/org/springframework/boot/spring-boot-starter-logging/3.1.5/spring-boot-starter-logging-3.1.5.jar:/home/mustardpenguin/.m2/repository/ch/qos/logback/logback-classic/1.4.11/logback-classic-1.4.11.jar:/home/mustardpenguin/.m2/repository/ch/qos/logback/logback-core/1.4.11/logback-core-1.4.11.jar:/home/mustardpenguin/.m2/repository/org/apache/logging/log4j/log4j-to-slf4j/2.20.0/log4j-to-slf4j-2.20.0.jar:/home/mustardpenguin/.m2/repository/org/apache/logging/log4j/log4j-api/2.20.0/log4j-api-2.20.0.jar:/home/mustardpenguin/.m2/repository/org/slf4j/jul-to-slf4j/2.0.9/jul-to-slf4j-2.0.9.jar:/home/mustardpenguin/.m2/repository/jakarta/annotation/jakarta.annotation-api/1.3.5/jakarta.annotation-api-1.3.5.jar:/home/mustardpenguin/.m2/repository/org/yaml/snakeyaml/1.33/snakeyaml-1.33.jar:/home/mustardpenguin/.m2/repository/com/fasterxml/jackson/core/jackson-databind/2.15.3/jackson-databind-2.15.3.jar:/home/mustardpenguin/.m2/repository/com/fasterxml/jackson/core/jackson-annotations/2.15.3/jackson-annotations-2.15.3.jar:/home/mustardpenguin/.m2/repository/com/fasterxml/jackson/core/jackson-core/2.15.3/jackson-core-2.15.3.jar:/home/mustardpenguin/.m2/repository/org/springframework/boot/spring-boot-starter-web/3.1.5/spring-boot-starter-web-3.1.5.jar:/home/mustardpenguin/.m2/repository/org/springframework/boot/spring-boot-starter-json/3.1.5/spring-boot-starter-json-3.1.5.jar:/home/mustardpenguin/.m2/repository/com/fasterxml/jackson/datatype/jackson-datatype-jdk8/2.15.3/jackson-datatype-jdk8-2.15.3.jar:/home/mustardpenguin/.m2/repository/com/fasterxml/jackson/datatype/jackson-datatype-jsr310/2.15.3/jackson-datatype-jsr310-2.15.3.jar:/home/mustardpenguin/.m2/repository/com/fasterxml/jackson/module/jackson-module-parameter-names/2.15.3/jackson-module-parameter-names-2.15.3.jar:/home/mustardpenguin/.m2/repository/org/springframework/boot/spring-boot-starter-tomcat/3.1.5/spring-boot-starter-tomcat-3.1.5.jar:/home/mustardpenguin/.m2/repository/org/apache/tomcat/embed/tomcat-embed-core/10.1.15/tomcat-embed-core-10.1.15.jar:/home/mustardpenguin/.m2/repository/org/apache/tomcat/embed/tomcat-embed-websocket/10.1.15/tomcat-embed-websocket-10.1.15.jar:/home/mustardpenguin/.m2/repository/org/springframework/spring-web/6.0.13/spring-web-6.0.13.jar:/home/mustardpenguin/.m2/repository/org/springframework/spring-beans/6.0.13/spring-beans-6.0.13.jar:/home/mustardpenguin/.m2/repository/org/springframework/spring-webmvc/6.0.13/spring-webmvc-6.0.13.jar:/home/mustardpenguin/.m2/repository/org/springframework/spring-context/6.0.13/spring-context-6.0.13.jar:/home/mustardpenguin/.m2/repository/org/springframework/spring-expression/6.0.13/spring-expression-6.0.13.jar:/home/mustardpenguin/.m2/repository/org/springframework/boot/spring-boot-starter-data-jpa/3.1.5/spring-boot-starter-data-jpa-3.1.5.jar:/home/mustardpenguin/.m2/repository/org/springframework/boot/spring-boot-starter-aop/3.1.5/spring-boot-starter-aop-3.1.5.jar:/home/mustardpenguin/.m2/repository/org/aspectj/aspectjweaver/1.9.20/aspectjweaver-1.9.20.jar:/home/mustardpenguin/.m2/repository/org/springframework/boot/spring-boot-starter-jdbc/3.1.5/spring-boot-starter-jdbc-3.1.5.jar:/home/mustardpenguin/.m2/repository/com/zaxxer/HikariCP/5.0.1/HikariCP-5.0.1.jar:/home/mustardpenguin/.m2/repository/org/springframework/spring-jdbc/6.0.13/spring-jdbc-6.0.13.jar:/home/mustardpenguin/.m2/repository/org/hibernate/orm/hibernate-core/6.2.13.Final/hibernate-core-6.2.13.Final.jar:/home/mustardpenguin/.m2/repository/jakarta/persistence/jakarta.persistence-api/3.1.0/jakarta.persistence-api-3.1.0.jar:/home/mustardpenguin/.m2/repository/jakarta/transaction/jakarta.transaction-api/2.0.1/jakarta.transaction-api-2.0.1.jar:/home/mustardpenguin/.m2/repository/org/jboss/logging/jboss-logging/3.5.3.Final/jboss-logging-3.5.3.Final.jar:/home/mustardpenguin/.m2/repository/org/hibernate/common/hibernate-commons-annotations/6.0.6.Final/hibernate-commons-annotations-6.0.6.Final.jar:/home/mustardpenguin/.m2/repository/io/smallrye/jandex/3.0.5/jandex-3.0.5.jar:/home/mustardpenguin/.m2/repository/com/fasterxml/classmate/1.5.1/classmate-1.5.1.jar:/home/mustardpenguin/.m2/repository/net/bytebuddy/byte-buddy/1.14.9/byte-buddy-1.14.9.jar:/home/mustardpenguin/.m2/repository/org/glassfish/jaxb/jaxb-runtime/4.0.3/jaxb-runtime-4.0.3.jar:/home/mustardpenguin/.m2/repository/org/glassfish/jaxb/jaxb-core/4.0.3/jaxb-core-4.0.3.jar:/home/mustardpenguin/.m2/repository/org/eclipse/angus/angus-activation/2.0.1/angus-activation-2.0.1.jar:/home/mustardpenguin/.m2/repository/org/glassfish/jaxb/txw2/4.0.3/txw2-4.0.3.jar:/home/mustardpenguin/.m2/repository/com/sun/istack/istack-commons-runtime/4.1.2/istack-commons-runtime-4.1.2.jar:/home/mustardpenguin/.m2/repository/jakarta/inject/jakarta.inject-api/2.0.1/jakarta.inject-api-2.0.1.jar:/home/mustardpenguin/.m2/repository/org/antlr/antlr4-runtime/4.10.1/antlr4-runtime-4.10.1.jar:/home/mustardpenguin/.m2/repository/org/springframework/data/spring-data-jpa/3.1.5/spring-data-jpa-3.1.5.jar:/home/mustardpenguin/.m2/repository/org/springframework/data/spring-data-commons/3.1.5/spring-data-commons-3.1.5.jar:/home/mustardpenguin/.m2/repository/org/springframework/spring-orm/6.0.13/spring-orm-6.0.13.jar:/home/mustardpenguin/.m2/repository/org/springframework/spring-tx/6.0.13/spring-tx-6.0.13.jar:/home/mustardpenguin/.m2/repository/org/slf4j/slf4j-api/2.0.9/slf4j-api-2.0.9.jar:/home/mustardpenguin/.m2/repository/org/springframework/spring-aspects/6.0.13/spring-aspects-6.0.13.jar:/home/mustardpenguin/.m2/repository/org/springframework/boot/spring-boot-starter-validation/3.1.5/spring-boot-starter-validation-3.1.5.jar:/home/mustardpenguin/.m2/repository/org/apache/tomcat/embed/tomcat-embed-el/10.1.15/tomcat-embed-el-10.1.15.jar:/home/mustardpenguin/.m2/repository/org/hibernate/validator/hibernate-validator/8.0.1.Final/hibernate-validator-8.0.1.Final.jar:/home/mustardpenguin/.m2/repository/jakarta/validation/jakarta.validation-api/3.0.2/jakarta.validation-api-3.0.2.jar:/home/mustardpenguin/.m2/repository/org/springframework/cloud/spring-cloud-starter-openfeign/4.0.2/spring-cloud-starter-openfeign-4.0.2.jar:/home/mustardpenguin/.m2/repository/org/springframework/cloud/spring-cloud-starter/4.0.2/spring-cloud-starter-4.0.2.jar:/home/mustardpenguin/.m2/repository/org/springframework/cloud/spring-cloud-context/4.0.2/spring-cloud-context-4.0.2.jar:/home/mustardpenguin/.m2/repository/org/springframework/security/spring-security-rsa/1.0.11.RELEASE/spring-security-rsa-1.0.11.RELEASE.jar:/home/mustardpenguin/.m2/repository/org/bouncycastle/bcpkix-jdk15on/1.69/bcpkix-jdk15on-1.69.jar:/home/mustardpenguin/.m2/repository/org/bouncycastle/bcprov-jdk15on/1.69/bcprov-jdk15on-1.69.jar:/home/mustardpenguin/.m2/repository/org/bouncycastle/bcutil-jdk15on/1.69/bcutil-jdk15on-1.69.jar:/home/mustardpenguin/.m2/repository/org/springframework/cloud/spring-cloud-openfeign-core/4.0.2/spring-cloud-openfeign-core-4.0.2.jar:/home/mustardpenguin/.m2/repository/io/github/openfeign/form/feign-form-spring/3.8.0/feign-form-spring-3.8.0.jar:/home/mustardpenguin/.m2/repository/io/github/openfeign/form/feign-form/3.8.0/feign-form-3.8.0.jar:/home/mustardpenguin/.m2/repository/commons-fileupload/commons-fileupload/1.4/commons-fileupload-1.4.jar:/home/mustardpenguin/.m2/repository/org/springframework/cloud/spring-cloud-commons/4.0.2/spring-cloud-commons-4.0.2.jar:/home/mustardpenguin/.m2/repository/org/springframework/security/spring-security-crypto/6.1.5/spring-security-crypto-6.1.5.jar:/home/mustardpenguin/.m2/repository/io/github/openfeign/feign-core/12.1/feign-core-12.1.jar:/home/mustardpenguin/.m2/repository/io/github/openfeign/feign-slf4j/12.1/feign-slf4j-12.1.jar:/home/mustardpenguin/.m2/repository/org/postgresql/postgresql/42.6.0/postgresql-42.6.0.jar:/home/mustardpenguin/.m2/repository/org/checkerframework/checker-qual/3.31.0/checker-qual-3.31.0.jar:/home/mustardpenguin/.m2/repository/org/springframework/boot/spring-boot-starter-security/3.1.5/spring-boot-starter-security-3.1.5.jar:/home/mustardpenguin/.m2/repository/org/springframework/spring-aop/6.0.13/spring-aop-6.0.13.jar:/home/mustardpenguin/.m2/repository/org/springframework/security/spring-security-config/6.1.5/spring-security-config-6.1.5.jar:/home/mustardpenguin/.m2/repository/org/springframework/security/spring-security-web/6.1.5/spring-security-web-6.1.5.jar:/home/mustardpenguin/.m2/repository/org/springframework/security/spring-security-oauth2-jose/6.1.5/spring-security-oauth2-jose-6.1.5.jar:/home/mustardpenguin/.m2/repository/org/springframework/security/spring-security-core/6.1.5/spring-security-core-6.1.5.jar:/home/mustardpenguin/.m2/repository/org/springframework/security/spring-security-oauth2-core/6.1.5/spring-security-oauth2-core-6.1.5.jar:/home/mustardpenguin/.m2/repository/org/springframework/spring-core/6.0.13/spring-core-6.0.13.jar:/home/mustardpenguin/.m2/repository/org/springframework/spring-jcl/6.0.13/spring-jcl-6.0.13.jar:/home/mustardpenguin/.m2/repository/com/nimbusds/nimbus-jose-jwt/9.24.4/nimbus-jose-jwt-9.24.4.jar:/home/mustardpenguin/.m2/repository/com/github/stephenc/jcip/jcip-annotations/1.0-1/jcip-annotations-1.0-1.jar:/home/mustardpenguin/.m2/repository/org/springframework/security/spring-security-oauth2-resource-server/6.1.5/spring-security-oauth2-resource-server-6.1.5.jar:/home/mustardpenguin/.m2/repository/org/springframework/boot/spring-boot-starter-actuator/3.1.5/spring-boot-starter-actuator-3.1.5.jar:/home/mustardpenguin/.m2/repository/org/springframework/boot/spring-boot-actuator-autoconfigure/3.1.5/spring-boot-actuator-autoconfigure-3.1.5.jar:/home/mustardpenguin/.m2/repository/org/springframework/boot/spring-boot-actuator/3.1.5/spring-boot-actuator-3.1.5.jar:/home/mustardpenguin/.m2/repository/io/micrometer/micrometer-observation/1.11.5/micrometer-observation-1.11.5.jar:/home/mustardpenguin/.m2/repository/io/micrometer/micrometer-commons/1.11.5/micrometer-commons-1.11.5.jar:/home/mustardpenguin/.m2/repository/io/micrometer/micrometer-core/1.11.5/micrometer-core-1.11.5.jar:/home/mustardpenguin/.m2/repository/org/hdrhistogram/HdrHistogram/2.1.12/HdrHistogram-2.1.12.jar:/home/mustardpenguin/.m2/repository/org/latencyutils/LatencyUtils/2.0.3/LatencyUtils-2.0.3.jar:/home/mustardpenguin/.m2/repository/org/springframework/boot/spring-boot-starter-test/3.1.5/spring-boot-starter-test-3.1.5.jar:/home/mustardpenguin/.m2/repository/org/springframework/boot/spring-boot-test/3.1.5/spring-boot-test-3.1.5.jar:/home/mustardpenguin/.m2/repository/org/springframework/boot/spring-boot-test-autoconfigure/3.1.5/spring-boot-test-autoconfigure-3.1.5.jar:/home/mustardpenguin/.m2/repository/com/jayway/jsonpath/json-path/2.8.0/json-path-2.8.0.jar:/home/mustardpenguin/.m2/repository/jakarta/xml/bind/jakarta.xml.bind-api/4.0.1/jakarta.xml.bind-api-4.0.1.jar:/home/mustardpenguin/.m2/repository/jakarta/activation/jakarta.activation-api/2.1.2/jakarta.activation-api-2.1.2.jar:/home/mustardpenguin/.m2/repository/net/minidev/json-smart/2.4.11/json-smart-2.4.11.jar:/home/mustardpenguin/.m2/repository/net/minidev/accessors-smart/2.4.11/accessors-smart-2.4.11.jar:/home/mustardpenguin/.m2/repository/org/ow2/asm/asm/9.3/asm-9.3.jar:/home/mustardpenguin/.m2/repository/org/assertj/assertj-core/3.24.2/assertj-core-3.24.2.jar:/home/mustardpenguin/.m2/repository/org/hamcrest/hamcrest/2.2/hamcrest-2.2.jar:/home/mustardpenguin/.m2/repository/org/junit/jupiter/junit-jupiter/5.9.3/junit-jupiter-5.9.3.jar:/home/mustardpenguin/.m2/repository/org/junit/jupiter/junit-jupiter-api/5.9.3/junit-jupiter-api-5.9.3.jar:/home/mustardpenguin/.m2/repository/org/opentest4j/opentest4j/1.2.0/opentest4j-1.2.0.jar:/home/mustardpenguin/.m2/repository/org/junit/platform/junit-platform-commons/1.9.3/junit-platform-commons-1.9.3.jar:/home/mustardpenguin/.m2/repository/org/apiguardian/apiguardian-api/1.1.2/apiguardian-api-1.1.2.jar:/home/mustardpenguin/.m2/repository/org/junit/jupiter/junit-jupiter-params/5.9.3/junit-jupiter-params-5.9.3.jar:/home/mustardpenguin/.m2/repository/org/junit/jupiter/junit-jupiter-engine/5.9.3/junit-jupiter-engine-5.9.3.jar:/home/mustardpenguin/.m2/repository/org/junit/platform/junit-platform-engine/1.9.3/junit-platform-engine-1.9.3.jar:/home/mustardpenguin/.m2/repository/org/mockito/mockito-core/5.3.1/mockito-core-5.3.1.jar:/home/mustardpenguin/.m2/repository/net/bytebuddy/byte-buddy-agent/1.14.9/byte-buddy-agent-1.14.9.jar:/home/mustardpenguin/.m2/repository/org/objenesis/objenesis/3.3/objenesis-3.3.jar:/home/mustardpenguin/.m2/repository/org/mockito/mockito-junit-jupiter/5.3.1/mockito-junit-jupiter-5.3.1.jar:/home/mustardpenguin/.m2/repository/org/skyscreamer/jsonassert/1.5.1/jsonassert-1.5.1.jar:/home/mustardpenguin/.m2/repository/com/vaadin/external/google/android-json/0.0.20131108.vaadin1/android-json-0.0.20131108.vaadin1.jar:/home/mustardpenguin/.m2/repository/org/springframework/spring-test/6.0.13/spring-test-6.0.13.jar:/home/mustardpenguin/.m2/repository/org/xmlunit/xmlunit-core/2.9.1/xmlunit-core-2.9.1.jar:/home/mustardpenguin/.m2/repository/org/testcontainers/postgresql/1.20.0/postgresql-1.20.0.jar:/home/mustardpenguin/.m2/repository/org/testcontainers/jdbc/1.20.0/jdbc-1.20.0.jar:/home/mustardpenguin/.m2/repository/org/testcontainers/database-commons/1.20.0/database-commons-1.20.0.jar:/home/mustardpenguin/.m2/repository/org/testcontainers/testcontainers/1.20.0/testcontainers-1.20.0.jar:/home/mustardpenguin/.m2/repository/junit/junit/4.13.2/junit-4.13.2.jar:/home/mustardpenguin/.m2/repository/org/hamcrest/hamcrest-core/2.2/hamcrest-core-2.2.jar:/home/mustardpenguin/.m2/repository/org/apache/commons/commons-compress/1.24.0/commons-compress-1.24.0.jar:/home/mustardpenguin/.m2/repository/org/rnorth/duct-tape/duct-tape/1.0.8/duct-tape-1.0.8.jar:/home/mustardpenguin/.m2/repository/org/jetbrains/annotations/17.0.0/annotations-17.0.0.jar:/home/mustardpenguin/.m2/repository/com/github/docker-java/docker-java-api/3.4.0/docker-java-api-3.4.0.jar:/home/mustardpenguin/.m2/repository/com/github/docker-java/docker-java-transport-zerodep/3.4.0/docker-java-transport-zerodep-3.4.0.jar:/home/mustardpenguin/.m2/repository/com/github/docker-java/docker-java-transport/3.4.0/docker-java-transport-3.4.0.jar:/home/mustardpenguin/.m2/repository/net/java/dev/jna/jna/5.13.0/jna-5.13.0.jar:/home/mustardpenguin/.m2/repository/org/projectlombok/lombok/1.18.30/lombok-1.18.30.jar:"/>
    <property name="java.vm.vendor" value="Oracle Corporation"/>
    <property name="sun.arch.data.model" value="64"/>
    <property name="java.vendor.url" value="https://java.oracle.com/"/>
    <property name="user.timezone" value="America/New_York"/>
    <property name="org.jboss.logging.provider" value="slf4j"/>
    <property name="os.name" value="Linux"/>
    <property name="java.vm.specification.version" value="17"/>
    <property name="sun.java.launcher" value="SUN_STANDARD"/>
    <property name="user.country" value="US"/>
    <property name="sun.boot.library.path" value="/usr/lib/jvm/jdk-17-oracle-x64/lib"/>
    <property name="sun.java.command" value="/home/mustardpenguin/repos/food-delivery-app/food-delivery-app-backend/order-service/order-command/target/surefire/surefirebooter-20241015151735590_7.jar /home/mustardpenguin/repos/food-delivery-app/food-delivery-app-backend/order-service/order-command/target/surefire 2024-10-15T15-16-49_737-jvmRun1 surefire-20241015151735590_5tmp surefire_1-20241015151735590_6tmp"/>
    <property name="jdk.debug" value="release"/>
    <property name="surefire.test.class.path" value="/home/mustardpenguin/repos/food-delivery-app/food-delivery-app-backend/order-service/order-command/target/test-classes:/home/mustardpenguin/repos/food-delivery-app/food-delivery-app-backend/order-service/order-command/target/classes:/home/mustardpenguin/repos/food-delivery-app/food-delivery-app-backend/common/exception-handler/target/exception-handler-1.0-SNAPSHOT.jar:/home/mustardpenguin/repos/food-delivery-app/food-delivery-app-backend/common/utility/target/utility-1.0-SNAPSHOT.jar:/home/mustardpenguin/.m2/repository/org/springframework/boot/spring-boot-starter/3.1.5/spring-boot-starter-3.1.5.jar:/home/mustardpenguin/.m2/repository/org/springframework/boot/spring-boot/3.1.5/spring-boot-3.1.5.jar:/home/mustardpenguin/.m2/repository/org/springframework/boot/spring-boot-autoconfigure/3.1.5/spring-boot-autoconfigure-3.1.5.jar:/home/mustardpenguin/.m2/repository/org/springframework/boot/spring-boot-starter-logging/3.1.5/spring-boot-starter-logging-3.1.5.jar:/home/mustardpenguin/.m2/repository/ch/qos/logback/logback-classic/1.4.11/logback-classic-1.4.11.jar:/home/mustardpenguin/.m2/repository/ch/qos/logback/logback-core/1.4.11/logback-core-1.4.11.jar:/home/mustardpenguin/.m2/repository/org/apache/logging/log4j/log4j-to-slf4j/2.20.0/log4j-to-slf4j-2.20.0.jar:/home/mustardpenguin/.m2/repository/org/apache/logging/log4j/log4j-api/2.20.0/log4j-api-2.20.0.jar:/home/mustardpenguin/.m2/repository/org/slf4j/jul-to-slf4j/2.0.9/jul-to-slf4j-2.0.9.jar:/home/mustardpenguin/.m2/repository/jakarta/annotation/jakarta.annotation-api/1.3.5/jakarta.annotation-api-1.3.5.jar:/home/mustardpenguin/.m2/repository/org/yaml/snakeyaml/1.33/snakeyaml-1.33.jar:/home/mustardpenguin/.m2/repository/com/fasterxml/jackson/core/jackson-databind/2.15.3/jackson-databind-2.15.3.jar:/home/mustardpenguin/.m2/repository/com/fasterxml/jackson/core/jackson-annotations/2.15.3/jackson-annotations-2.15.3.jar:/home/mustardpenguin/.m2/repository/com/fasterxml/jackson/core/jackson-core/2.15.3/jackson-core-2.15.3.jar:/home/mustardpenguin/.m2/repository/org/springframework/boot/spring-boot-starter-web/3.1.5/spring-boot-starter-web-3.1.5.jar:/home/mustardpenguin/.m2/repository/org/springframework/boot/spring-boot-starter-json/3.1.5/spring-boot-starter-json-3.1.5.jar:/home/mustardpenguin/.m2/repository/com/fasterxml/jackson/datatype/jackson-datatype-jdk8/2.15.3/jackson-datatype-jdk8-2.15.3.jar:/home/mustardpenguin/.m2/repository/com/fasterxml/jackson/datatype/jackson-datatype-jsr310/2.15.3/jackson-datatype-jsr310-2.15.3.jar:/home/mustardpenguin/.m2/repository/com/fasterxml/jackson/module/jackson-module-parameter-names/2.15.3/jackson-module-parameter-names-2.15.3.jar:/home/mustardpenguin/.m2/repository/org/springframework/boot/spring-boot-starter-tomcat/3.1.5/spring-boot-starter-tomcat-3.1.5.jar:/home/mustardpenguin/.m2/repository/org/apache/tomcat/embed/tomcat-embed-core/10.1.15/tomcat-embed-core-10.1.15.jar:/home/mustardpenguin/.m2/repository/org/apache/tomcat/embed/tomcat-embed-websocket/10.1.15/tomcat-embed-websocket-10.1.15.jar:/home/mustardpenguin/.m2/repository/org/springframework/spring-web/6.0.13/spring-web-6.0.13.jar:/home/mustardpenguin/.m2/repository/org/springframework/spring-beans/6.0.13/spring-beans-6.0.13.jar:/home/mustardpenguin/.m2/repository/org/springframework/spring-webmvc/6.0.13/spring-webmvc-6.0.13.jar:/home/mustardpenguin/.m2/repository/org/springframework/spring-context/6.0.13/spring-context-6.0.13.jar:/home/mustardpenguin/.m2/repository/org/springframework/spring-expression/6.0.13/spring-expression-6.0.13.jar:/home/mustardpenguin/.m2/repository/org/springframework/boot/spring-boot-starter-data-jpa/3.1.5/spring-boot-starter-data-jpa-3.1.5.jar:/home/mustardpenguin/.m2/repository/org/springframework/boot/spring-boot-starter-aop/3.1.5/spring-boot-starter-aop-3.1.5.jar:/home/mustardpenguin/.m2/repository/org/aspectj/aspectjweaver/1.9.20/aspectjweaver-1.9.20.jar:/home/mustardpenguin/.m2/repository/org/springframework/boot/spring-boot-starter-jdbc/3.1.5/spring-boot-starter-jdbc-3.1.5.jar:/home/mustardpenguin/.m2/repository/com/zaxxer/HikariCP/5.0.1/HikariCP-5.0.1.jar:/home/mustardpenguin/.m2/repository/org/springframework/spring-jdbc/6.0.13/spring-jdbc-6.0.13.jar:/home/mustardpenguin/.m2/repository/org/hibernate/orm/hibernate-core/6.2.13.Final/hibernate-core-6.2.13.Final.jar:/home/mustardpenguin/.m2/repository/jakarta/persistence/jakarta.persistence-api/3.1.0/jakarta.persistence-api-3.1.0.jar:/home/mustardpenguin/.m2/repository/jakarta/transaction/jakarta.transaction-api/2.0.1/jakarta.transaction-api-2.0.1.jar:/home/mustardpenguin/.m2/repository/org/jboss/logging/jboss-logging/3.5.3.Final/jboss-logging-3.5.3.Final.jar:/home/mustardpenguin/.m2/repository/org/hibernate/common/hibernate-commons-annotations/6.0.6.Final/hibernate-commons-annotations-6.0.6.Final.jar:/home/mustardpenguin/.m2/repository/io/smallrye/jandex/3.0.5/jandex-3.0.5.jar:/home/mustardpenguin/.m2/repository/com/fasterxml/classmate/1.5.1/classmate-1.5.1.jar:/home/mustardpenguin/.m2/repository/net/bytebuddy/byte-buddy/1.14.9/byte-buddy-1.14.9.jar:/home/mustardpenguin/.m2/repository/org/glassfish/jaxb/jaxb-runtime/4.0.3/jaxb-runtime-4.0.3.jar:/home/mustardpenguin/.m2/repository/org/glassfish/jaxb/jaxb-core/4.0.3/jaxb-core-4.0.3.jar:/home/mustardpenguin/.m2/repository/org/eclipse/angus/angus-activation/2.0.1/angus-activation-2.0.1.jar:/home/mustardpenguin/.m2/repository/org/glassfish/jaxb/txw2/4.0.3/txw2-4.0.3.jar:/home/mustardpenguin/.m2/repository/com/sun/istack/istack-commons-runtime/4.1.2/istack-commons-runtime-4.1.2.jar:/home/mustardpenguin/.m2/repository/jakarta/inject/jakarta.inject-api/2.0.1/jakarta.inject-api-2.0.1.jar:/home/mustardpenguin/.m2/repository/org/antlr/antlr4-runtime/4.10.1/antlr4-runtime-4.10.1.jar:/home/mustardpenguin/.m2/repository/org/springframework/data/spring-data-jpa/3.1.5/spring-data-jpa-3.1.5.jar:/home/mustardpenguin/.m2/repository/org/springframework/data/spring-data-commons/3.1.5/spring-data-commons-3.1.5.jar:/home/mustardpenguin/.m2/repository/org/springframework/spring-orm/6.0.13/spring-orm-6.0.13.jar:/home/mustardpenguin/.m2/repository/org/springframework/spring-tx/6.0.13/spring-tx-6.0.13.jar:/home/mustardpenguin/.m2/repository/org/slf4j/slf4j-api/2.0.9/slf4j-api-2.0.9.jar:/home/mustardpenguin/.m2/repository/org/springframework/spring-aspects/6.0.13/spring-aspects-6.0.13.jar:/home/mustardpenguin/.m2/repository/org/springframework/boot/spring-boot-starter-validation/3.1.5/spring-boot-starter-validation-3.1.5.jar:/home/mustardpenguin/.m2/repository/org/apache/tomcat/embed/tomcat-embed-el/10.1.15/tomcat-embed-el-10.1.15.jar:/home/mustardpenguin/.m2/repository/org/hibernate/validator/hibernate-validator/8.0.1.Final/hibernate-validator-8.0.1.Final.jar:/home/mustardpenguin/.m2/repository/jakarta/validation/jakarta.validation-api/3.0.2/jakarta.validation-api-3.0.2.jar:/home/mustardpenguin/.m2/repository/org/springframework/cloud/spring-cloud-starter-openfeign/4.0.2/spring-cloud-starter-openfeign-4.0.2.jar:/home/mustardpenguin/.m2/repository/org/springframework/cloud/spring-cloud-starter/4.0.2/spring-cloud-starter-4.0.2.jar:/home/mustardpenguin/.m2/repository/org/springframework/cloud/spring-cloud-context/4.0.2/spring-cloud-context-4.0.2.jar:/home/mustardpenguin/.m2/repository/org/springframework/security/spring-security-rsa/1.0.11.RELEASE/spring-security-rsa-1.0.11.RELEASE.jar:/home/mustardpenguin/.m2/repository/org/bouncycastle/bcpkix-jdk15on/1.69/bcpkix-jdk15on-1.69.jar:/home/mustardpenguin/.m2/repository/org/bouncycastle/bcprov-jdk15on/1.69/bcprov-jdk15on-1.69.jar:/home/mustardpenguin/.m2/repository/org/bouncycastle/bcutil-jdk15on/1.69/bcutil-jdk15on-1.69.jar:/home/mustardpenguin/.m2/repository/org/springframework/cloud/spring-cloud-openfeign-core/4.0.2/spring-cloud-openfeign-core-4.0.2.jar:/home/mustardpenguin/.m2/repository/io/github/openfeign/form/feign-form-spring/3.8.0/feign-form-spring-3.8.0.jar:/home/mustardpenguin/.m2/repository/io/github/openfeign/form/feign-form/3.8.0/feign-form-3.8.0.jar:/home/mustardpenguin/.m2/repository/commons-fileupload/commons-fileupload/1.4/commons-fileupload-1.4.jar:/home/mustardpenguin/.m2/repository/org/springframework/cloud/spring-cloud-commons/4.0.2/spring-cloud-commons-4.0.2.jar:/home/mustardpenguin/.m2/repository/org/springframework/security/spring-security-crypto/6.1.5/spring-security-crypto-6.1.5.jar:/home/mustardpenguin/.m2/repository/io/github/openfeign/feign-core/12.1/feign-core-12.1.jar:/home/mustardpenguin/.m2/repository/io/github/openfeign/feign-slf4j/12.1/feign-slf4j-12.1.jar:/home/mustardpenguin/.m2/repository/org/postgresql/postgresql/42.6.0/postgresql-42.6.0.jar:/home/mustardpenguin/.m2/repository/org/checkerframework/checker-qual/3.31.0/checker-qual-3.31.0.jar:/home/mustardpenguin/.m2/repository/org/springframework/boot/spring-boot-starter-security/3.1.5/spring-boot-starter-security-3.1.5.jar:/home/mustardpenguin/.m2/repository/org/springframework/spring-aop/6.0.13/spring-aop-6.0.13.jar:/home/mustardpenguin/.m2/repository/org/springframework/security/spring-security-config/6.1.5/spring-security-config-6.1.5.jar:/home/mustardpenguin/.m2/repository/org/springframework/security/spring-security-web/6.1.5/spring-security-web-6.1.5.jar:/home/mustardpenguin/.m2/repository/org/springframework/security/spring-security-oauth2-jose/6.1.5/spring-security-oauth2-jose-6.1.5.jar:/home/mustardpenguin/.m2/repository/org/springframework/security/spring-security-core/6.1.5/spring-security-core-6.1.5.jar:/home/mustardpenguin/.m2/repository/org/springframework/security/spring-security-oauth2-core/6.1.5/spring-security-oauth2-core-6.1.5.jar:/home/mustardpenguin/.m2/repository/org/springframework/spring-core/6.0.13/spring-core-6.0.13.jar:/home/mustardpenguin/.m2/repository/org/springframework/spring-jcl/6.0.13/spring-jcl-6.0.13.jar:/home/mustardpenguin/.m2/repository/com/nimbusds/nimbus-jose-jwt/9.24.4/nimbus-jose-jwt-9.24.4.jar:/home/mustardpenguin/.m2/repository/com/github/stephenc/jcip/jcip-annotations/1.0-1/jcip-annotations-1.0-1.jar:/home/mustardpenguin/.m2/repository/org/springframework/security/spring-security-oauth2-resource-server/6.1.5/spring-security-oauth2-resource-server-6.1.5.jar:/home/mustardpenguin/.m2/repository/org/springframework/boot/spring-boot-starter-actuator/3.1.5/spring-boot-starter-actuator-3.1.5.jar:/home/mustardpenguin/.m2/repository/org/springframework/boot/spring-boot-actuator-autoconfigure/3.1.5/spring-boot-actuator-autoconfigure-3.1.5.jar:/home/mustardpenguin/.m2/repository/org/springframework/boot/spring-boot-actuator/3.1.5/spring-boot-actuator-3.1.5.jar:/home/mustardpenguin/.m2/repository/io/micrometer/micrometer-observation/1.11.5/micrometer-observation-1.11.5.jar:/home/mustardpenguin/.m2/repository/io/micrometer/micrometer-commons/1.11.5/micrometer-commons-1.11.5.jar:/home/mustardpenguin/.m2/repository/io/micrometer/micrometer-core/1.11.5/micrometer-core-1.11.5.jar:/home/mustardpenguin/.m2/repository/org/hdrhistogram/HdrHistogram/2.1.12/HdrHistogram-2.1.12.jar:/home/mustardpenguin/.m2/repository/org/latencyutils/LatencyUtils/2.0.3/LatencyUtils-2.0.3.jar:/home/mustardpenguin/.m2/repository/org/springframework/boot/spring-boot-starter-test/3.1.5/spring-boot-starter-test-3.1.5.jar:/home/mustardpenguin/.m2/repository/org/springframework/boot/spring-boot-test/3.1.5/spring-boot-test-3.1.5.jar:/home/mustardpenguin/.m2/repository/org/springframework/boot/spring-boot-test-autoconfigure/3.1.5/spring-boot-test-autoconfigure-3.1.5.jar:/home/mustardpenguin/.m2/repository/com/jayway/jsonpath/json-path/2.8.0/json-path-2.8.0.jar:/home/mustardpenguin/.m2/repository/jakarta/xml/bind/jakarta.xml.bind-api/4.0.1/jakarta.xml.bind-api-4.0.1.jar:/home/mustardpenguin/.m2/repository/jakarta/activation/jakarta.activation-api/2.1.2/jakarta.activation-api-2.1.2.jar:/home/mustardpenguin/.m2/repository/net/minidev/json-smart/2.4.11/json-smart-2.4.11.jar:/home/mustardpenguin/.m2/repository/net/minidev/accessors-smart/2.4.11/accessors-smart-2.4.11.jar:/home/mustardpenguin/.m2/repository/org/ow2/asm/asm/9.3/asm-9.3.jar:/home/mustardpenguin/.m2/repository/org/assertj/assertj-core/3.24.2/assertj-core-3.24.2.jar:/home/mustardpenguin/.m2/repository/org/hamcrest/hamcrest/2.2/hamcrest-2.2.jar:/home/mustardpenguin/.m2/repository/org/junit/jupiter/junit-jupiter/5.9.3/junit-jupiter-5.9.3.jar:/home/mustardpenguin/.m2/repository/org/junit/jupiter/junit-jupiter-api/5.9.3/junit-jupiter-api-5.9.3.jar:/home/mustardpenguin/.m2/repository/org/opentest4j/opentest4j/1.2.0/opentest4j-1.2.0.jar:/home/mustardpenguin/.m2/repository/org/junit/platform/junit-platform-commons/1.9.3/junit-platform-commons-1.9.3.jar:/home/mustardpenguin/.m2/repository/org/apiguardian/apiguardian-api/1.1.2/apiguardian-api-1.1.2.jar:/home/mustardpenguin/.m2/repository/org/junit/jupiter/junit-jupiter-params/5.9.3/junit-jupiter-params-5.9.3.jar:/home/mustardpenguin/.m2/repository/org/junit/jupiter/junit-jupiter-engine/5.9.3/junit-jupiter-engine-5.9.3.jar:/home/mustardpenguin/.m2/repository/org/junit/platform/junit-platform-engine/1.9.3/junit-platform-engine-1.9.3.jar:/home/mustardpenguin/.m2/repository/org/mockito/mockito-core/5.3.1/mockito-core-5.3.1.jar:/home/mustardpenguin/.m2/repository/net/bytebuddy/byte-buddy-agent/1.14.9/byte-buddy-agent-1.14.9.jar:/home/mustardpenguin/.m2/repository/org/objenesis/objenesis/3.3/objenesis-3.3.jar:/home/mustardpenguin/.m2/repository/org/mockito/mockito-junit-jupiter/5.3.1/mockito-junit-jupiter-5.3.1.jar:/home/mustardpenguin/.m2/repository/org/skyscreamer/jsonassert/1.5.1/jsonassert-1.5.1.jar:/home/mustardpenguin/.m2/repository/com/vaadin/external/google/android-json/0.0.20131108.vaadin1/android-json-0.0.20131108.vaadin1.jar:/home/mustardpenguin/.m2/repository/org/springframework/spring-test/6.0.13/spring-test-6.0.13.jar:/home/mustardpenguin/.m2/repository/org/xmlunit/xmlunit-core/2.9.1/xmlunit-core-2.9.1.jar:/home/mustardpenguin/.m2/repository/org/testcontainers/postgresql/1.20.0/postgresql-1.20.0.jar:/home/mustardpenguin/.m2/repository/org/testcontainers/jdbc/1.20.0/jdbc-1.20.0.jar:/home/mustardpenguin/.m2/repository/org/testcontainers/database-commons/1.20.0/database-commons-1.20.0.jar:/home/mustardpenguin/.m2/repository/org/testcontainers/testcontainers/1.20.0/testcontainers-1.20.0.jar:/home/mustardpenguin/.m2/repository/junit/junit/4.13.2/junit-4.13.2.jar:/home/mustardpenguin/.m2/repository/org/hamcrest/hamcrest-core/2.2/hamcrest-core-2.2.jar:/home/mustardpenguin/.m2/repository/org/apache/commons/commons-compress/1.24.0/commons-compress-1.24.0.jar:/home/mustardpenguin/.m2/repository/org/rnorth/duct-tape/duct-tape/1.0.8/duct-tape-1.0.8.jar:/home/mustardpenguin/.m2/repository/org/jetbrains/annotations/17.0.0/annotations-17.0.0.jar:/home/mustardpenguin/.m2/repository/com/github/docker-java/docker-java-api/3.4.0/docker-java-api-3.4.0.jar:/home/mustardpenguin/.m2/repository/com/github/docker-java/docker-java-transport-zerodep/3.4.0/docker-java-transport-zerodep-3.4.0.jar:/home/mustardpenguin/.m2/repository/com/github/docker-java/docker-java-transport/3.4.0/docker-java-transport-3.4.0.jar:/home/mustardpenguin/.m2/repository/net/java/dev/jna/jna/5.13.0/jna-5.13.0.jar:/home/mustardpenguin/.m2/repository/org/projectlombok/lombok/1.18.30/lombok-1.18.30.jar:"/>
    <property name="sun.cpu.endian" value="little"/>
    <property name="user.home" value="/home/mustardpenguin"/>
    <property name="user.language" value="en"/>
    <property name="java.specification.vendor" value="Oracle Corporation"/>
    <property name="java.version.date" value="2023-10-17"/>
    <property name="java.home" value="/usr/lib/jvm/jdk-17-oracle-x64"/>
    <property name="file.separator" value="/"/>
    <property name="basedir" value="/home/mustardpenguin/repos/food-delivery-app/food-delivery-app-backend/order-service/order-command"/>
    <property name="java.vm.compressedOopsMode" value="Zero based"/>
    <property name="line.separator" value="&#10;"/>
    <property name="java.specification.name" value="Java Platform API Specification"/>
    <property name="java.vm.specification.vendor" value="Oracle Corporation"/>
    <property name="FILE_LOG_CHARSET" value="UTF-8"/>
    <property name="java.awt.headless" value="true"/>
    <property name="surefire.real.class.path" value="/home/mustardpenguin/repos/food-delivery-app/food-delivery-app-backend/order-service/order-command/target/surefire/surefirebooter-20241015151735590_7.jar"/>
    <property name="sun.management.compiler" value="HotSpot 64-Bit Tiered Compilers"/>
    <property name="java.runtime.version" value="17.0.9+11-LTS-201"/>
    <property name="user.name" value="mustardpenguin"/>
    <property name="path.separator" value=":"/>
    <property name="os.version" value="5.15.0-122-generic"/>
    <property name="java.runtime.name" value="Java(TM) SE Runtime Environment"/>
    <property name="file.encoding" value="UTF-8"/>
    <property name="java.vm.name" value="Java HotSpot(TM) 64-Bit Server VM"/>
    <property name="localRepository" value="/home/mustardpenguin/.m2/repository"/>
    <property name="java.vendor.url.bug" value="https://bugreport.java.com/bugreport/"/>
    <property name="java.io.tmpdir" value="/tmp"/>
    <property name="com.zaxxer.hikari.pool_number" value="1"/>
    <property name="java.version" value="17.0.9"/>
    <property name="user.dir" value="/home/mustardpenguin/repos/food-delivery-app/food-delivery-app-backend/order-service/order-command"/>
    <property name="os.arch" value="amd64"/>
    <property name="java.vm.specification.name" value="Java Virtual Machine Specification"/>
    <property name="PID" value="124462"/>
    <property name="CONSOLE_LOG_CHARSET" value="UTF-8"/>
    <property name="native.encoding" value="UTF-8"/>
    <property name="java.library.path" value="/usr/java/packages/lib:/usr/lib64:/lib64:/lib:/usr/lib"/>
    <property name="java.vm.info" value="mixed mode, sharing"/>
    <property name="java.vendor" value="Oracle Corporation"/>
    <property name="java.vm.version" value="17.0.9+11-LTS-201"/>
    <property name="sun.io.unicode.encoding" value="UnicodeLittle"/>
    <property name="java.class.version" value="61.0"/>
  </properties>
  <testcase name="testValidations" classname="com.food.delivery.app.order.command.create_order.v1.CreateOrderTest" time="0.603">
    <system-out><![CDATA[15:17:36.387 [main] INFO org.springframework.test.context.support.AnnotationConfigContextLoaderUtils -- Could not detect default configuration classes for test class [com.food.delivery.app.order.command.create_order.v1.CreateOrderTest]: CreateOrderTest does not declare any static, non-private, non-final, nested classes annotated with @Configuration.
15:17:36.488 [main] INFO org.springframework.boot.test.context.SpringBootTestContextBootstrapper -- Found @SpringBootConfiguration com.food.delivery.app.order.command.OrderCommandApplication for test class com.food.delivery.app.order.command.create_order.v1.CreateOrderTest
15:17:36.615 [main] INFO org.testcontainers.images.PullPolicy -- Image pull policy will be performed by: DefaultPullPolicy()
15:17:36.622 [main] INFO org.testcontainers.utility.ImageNameSubstitutor -- Image name substitution will be performed by: DefaultImageNameSubstitutor (composite of 'ConfigurationFileImageNameSubstitutor' and 'PrefixingImageNameSubstitutor')
15:17:36.648 [main] INFO org.testcontainers.DockerClientFactory -- Testcontainers version: 1.20.0
15:17:36.867 [main] INFO org.testcontainers.dockerclient.DockerClientProviderStrategy -- Loaded org.testcontainers.dockerclient.UnixSocketClientProviderStrategy from ~/.testcontainers.properties, will try it first
15:17:37.094 [main] INFO org.testcontainers.dockerclient.DockerClientProviderStrategy -- Found Docker environment with local Unix socket (unix:///var/run/docker.sock)
15:17:37.096 [main] INFO org.testcontainers.DockerClientFactory -- Docker host IP address is localhost
15:17:37.114 [main] INFO org.testcontainers.DockerClientFactory -- Connected to docker: 
  Server Version: 24.0.7
  API Version: 1.43
  Operating System: Linux Mint 21.2
  Total Memory: 15611 MB
15:17:37.235 [main] INFO tc.testcontainers/ryuk:0.8.1 -- Creating container for image: testcontainers/ryuk:0.8.1
15:17:37.383 [main] INFO tc.testcontainers/ryuk:0.8.1 -- Container testcontainers/ryuk:0.8.1 is starting: 1da69aae4b044ace4874f178690031ba6ece7f5c76881104e0fb901b7acb0dd1
15:17:37.741 [main] INFO tc.testcontainers/ryuk:0.8.1 -- Container testcontainers/ryuk:0.8.1 started in PT0.506743374S
15:17:37.758 [main] INFO org.testcontainers.utility.RyukResourceReaper -- Ryuk started - will monitor and terminate Testcontainers containers on JVM exit
15:17:37.759 [main] INFO org.testcontainers.DockerClientFactory -- Checking the system...
15:17:37.760 [main] INFO org.testcontainers.DockerClientFactory -- ✔︎ Docker server version should be at least 1.6.0
15:17:37.761 [main] INFO tc.postgres:latest -- Creating container for image: postgres:latest
15:17:37.767 [main] WARN tc.postgres:latest -- Reuse was requested but the environment does not support the reuse of containers
To enable reuse of containers, you must set 'testcontainers.reuse.enable=true' in a file located at /home/mustardpenguin/.testcontainers.properties
15:17:37.805 [main] INFO tc.postgres:latest -- Container postgres:latest is starting: 3634ea27ee8dde1a7509f87e8e02c886f6da1141548e8df278f5af72ef420c1d
15:17:39.441 [main] INFO tc.postgres:latest -- Container postgres:latest started in PT1.680465034S
15:17:39.442 [main] INFO tc.postgres:latest -- Container is started (JDBC URL: jdbc:postgresql://localhost:32794/test?stringtype=unspecified&loggerLevel=OFF&currentSchema=order-command)
15:17:39.452 [main] INFO org.testcontainers.ext.ScriptUtils -- Executing database script from init-schema.sql
15:17:39.642 [main] INFO org.testcontainers.ext.ScriptUtils -- Executed database script from init-schema.sql in 189 ms.

  .   ____          _            __ _ _
 /\\ / ___'_ __ _ _(_)_ __  __ _ \ \ \ \
( ( )\___ | '_ | '_| | '_ \/ _` | \ \ \ \
 \\/  ___)| |_)| | | | | || (_| |  ) ) ) )
  '  |____| .__|_| |_|_| |_\__, | / / / /
 =========|_|==============|___/=/_/_/_/
 :: Spring Boot ::                (v3.1.5)

2024-10-15T15:17:40.086-04:00  INFO 124462 --- [           main] c.f.d.a.o.c.c.v1.CreateOrderTest         : Starting CreateOrderTest using Java 17.0.9 with PID 124462 (started by mustardpenguin in /home/mustardpenguin/repos/food-delivery-app/food-delivery-app-backend/order-service/order-command)
2024-10-15T15:17:40.088-04:00  INFO 124462 --- [           main] c.f.d.a.o.c.c.v1.CreateOrderTest         : No active profile set, falling back to 1 default profile: "default"
2024-10-15T15:17:41.167-04:00  INFO 124462 --- [           main] .s.d.r.c.RepositoryConfigurationDelegate : Bootstrapping Spring Data JPA repositories in DEFAULT mode.
2024-10-15T15:17:41.225-04:00  INFO 124462 --- [           main] .s.d.r.c.RepositoryConfigurationDelegate : Finished Spring Data repository scanning in 51 ms. Found 2 JPA repository interfaces.
2024-10-15T15:17:41.460-04:00  INFO 124462 --- [           main] o.s.cloud.context.scope.GenericScope     : BeanFactory id=ab9eb735-f8a7-3e90-a04e-ec425d1a791b
2024-10-15T15:17:41.568-04:00  INFO 124462 --- [           main] trationDelegate$BeanPostProcessorChecker : Bean 'com.food.delivery.app.order.command.shared.util.FeignClient' of type [org.springframework.cloud.openfeign.FeignClientFactoryBean] is not eligible for getting processed by all BeanPostProcessors (for example: not eligible for auto-proxying)
2024-10-15T15:17:41.722-04:00  INFO 124462 --- [           main] com.zaxxer.hikari.HikariDataSource       : HikariPool-1 - Starting...
2024-10-15T15:17:41.762-04:00  INFO 124462 --- [           main] com.zaxxer.hikari.pool.HikariPool        : HikariPool-1 - Added connection org.postgresql.jdbc.PgConnection@1da5c19d
2024-10-15T15:17:41.764-04:00  INFO 124462 --- [           main] com.zaxxer.hikari.HikariDataSource       : HikariPool-1 - Start completed.
2024-10-15T15:17:41.908-04:00  INFO 124462 --- [           main] o.hibernate.jpa.internal.util.LogHelper  : HHH000204: Processing PersistenceUnitInfo [name: default]
2024-10-15T15:17:41.968-04:00  INFO 124462 --- [           main] org.hibernate.Version                    : HHH000412: Hibernate ORM core version 6.2.13.Final
2024-10-15T15:17:41.971-04:00  INFO 124462 --- [           main] org.hibernate.cfg.Environment            : HHH000406: Using bytecode reflection optimizer
2024-10-15T15:17:42.247-04:00  INFO 124462 --- [           main] o.s.o.j.p.SpringPersistenceUnitInfo      : No LoadTimeWeaver setup: ignoring JPA class transformer
2024-10-15T15:17:43.258-04:00  INFO 124462 --- [           main] o.h.e.t.j.p.i.JtaPlatformInitiator       : HHH000489: No JTA platform available (set 'hibernate.transaction.jta.platform' to enable JTA platform integration)
2024-10-15T15:17:43.262-04:00  INFO 124462 --- [           main] j.LocalContainerEntityManagerFactoryBean : Initialized JPA EntityManagerFactory for persistence unit 'default'
2024-10-15T15:17:44.012-04:00  INFO 124462 --- [           main] o.s.s.web.DefaultSecurityFilterChain     : Will secure any request with [org.springframework.security.web.session.DisableEncodeUrlFilter@1da53092, org.springframework.security.web.context.request.async.WebAsyncManagerIntegrationFilter@10f64bc3, org.springframework.security.web.context.SecurityContextHolderFilter@35fea0cd, org.springframework.security.web.header.HeaderWriterFilter@63ee2891, org.springframework.security.web.authentication.logout.LogoutFilter@6915b614, org.springframework.security.oauth2.server.resource.web.authentication.BearerTokenAuthenticationFilter@7d29fc6, org.springframework.security.web.savedrequest.RequestCacheAwareFilter@16d31c48, org.springframework.security.web.servletapi.SecurityContextHolderAwareRequestFilter@240b656f, org.springframework.security.web.authentication.AnonymousAuthenticationFilter@3c9cab4, org.springframework.security.web.access.ExceptionTranslationFilter@42626e86, org.springframework.security.web.access.intercept.AuthorizationFilter@63513c1c]
2024-10-15T15:17:44.803-04:00  INFO 124462 --- [           main] o.s.b.a.e.web.EndpointLinksResolver      : Exposing 1 endpoint(s) beneath base path '/actuator'
2024-10-15T15:17:44.912-04:00  INFO 124462 --- [           main] c.f.d.a.o.c.c.v1.CreateOrderTest         : Started CreateOrderTest in 5.237 seconds (process running for 9.303)
]]></system-out>
  </testcase>
</testsuite>